[ 2016-06-02T08:07:24+08:00 ] ::1 /thinkphp_3.2.3_core_extend/
INFO: [ app_init ] --START--
INFO: Run Behavior\BuildLiteBehavior [ RunTime:0.000000s ]
INFO: [ app_init ] --END-- [ RunTime:0.000000s ]

[ 2016-06-02T08:10:47+08:00 ] ::1 /thinkphp_3.2.3_core_extend/index.php/Home/autodesign/index/id/21
INFO: [ app_init ] --START--
INFO: Run Behavior\BuildLiteBehavior [ RunTime:0.000000s ]
INFO: [ app_init ] --END-- [ RunTime:0.001000s ]

[ 2016-06-02T08:11:50+08:00 ] ::1 /thinkphp_3.2.3_core_extend/index.php/Home/autodesign/detail?id=7
INFO: [ app_init ] --START--
INFO: Run Behavior\BuildLiteBehavior [ RunTime:0.000000s ]
INFO: [ app_init ] --END-- [ RunTime:0.001000s ]

[ 2016-06-02T08:11:54+08:00 ] ::1 /thinkphp_3.2.3_core_extend/index.php/Home/autodesign/detail?id=7
INFO: [ app_init ] --START--
INFO: Run Behavior\BuildLiteBehavior [ RunTime:0.000000s ]
INFO: [ app_init ] --END-- [ RunTime:0.001000s ]

[ 2016-06-02T08:11:56+08:00 ] ::1 /thinkphp_3.2.3_core_extend/index.php/Home/autodesign/edit?id=7&do=edit
INFO: [ app_init ] --START--
INFO: Run Behavior\BuildLiteBehavior [ RunTime:0.000000s ]
INFO: [ app_init ] --END-- [ RunTime:0.000000s ]

[ 2016-06-02T08:11:58+08:00 ] ::1 /thinkphp_3.2.3_core_extend/index.php/Home/Autodesign/detail?id=7
INFO: [ app_init ] --START--
INFO: Run Behavior\BuildLiteBehavior [ RunTime:0.000000s ]
INFO: [ app_init ] --END-- [ RunTime:0.000000s ]

[ 2016-06-02T08:12:00+08:00 ] ::1 /thinkphp_3.2.3_core_extend/index.php/Home/autodesign/edit?id=7&do=edit
INFO: [ app_init ] --START--
INFO: Run Behavior\BuildLiteBehavior [ RunTime:0.000000s ]
INFO: [ app_init ] --END-- [ RunTime:0.000000s ]

[ 2016-06-02T08:12:02+08:00 ] ::1 /thinkphp_3.2.3_core_extend/index.php/Home/Autodesign/edit?id=7&do=preview
INFO: [ app_init ] --START--
INFO: Run Behavior\BuildLiteBehavior [ RunTime:0.000000s ]
INFO: [ app_init ] --END-- [ RunTime:0.000000s ]

[ 2016-06-02T08:12:24+08:00 ] ::1 /thinkphp_3.2.3_core_extend/index.php/Home/Autodesign/detail?id=7
INFO: [ app_init ] --START--
INFO: Run Behavior\BuildLiteBehavior [ RunTime:0.000000s ]
INFO: [ app_init ] --END-- [ RunTime:0.001001s ]

[ 2016-06-02T08:12:28+08:00 ] ::1 /thinkphp_3.2.3_core_extend/index.php/Home/autodesign/edit?id=7&do=edit
INFO: [ app_init ] --START--
INFO: Run Behavior\BuildLiteBehavior [ RunTime:0.000000s ]
INFO: [ app_init ] --END-- [ RunTime:0.000000s ]

[ 2016-06-02T08:12:30+08:00 ] ::1 /thinkphp_3.2.3_core_extend/index.php/Home/Autodesign/add?id=7
INFO: [ app_init ] --START--
INFO: Run Behavior\BuildLiteBehavior [ RunTime:0.000000s ]
INFO: [ app_init ] --END-- [ RunTime:0.000000s ]

[ 2016-06-02T08:12:31+08:00 ] ::1 /thinkphp_3.2.3_core_extend/index.php/Home/autodesign/detail/id/8.html
INFO: [ app_init ] --START--
INFO: Run Behavior\BuildLiteBehavior [ RunTime:0.000000s ]
INFO: [ app_init ] --END-- [ RunTime:0.000000s ]

[ 2016-06-02T08:12:38+08:00 ] ::1 /thinkphp_3.2.3_core_extend/index.php/Home/autodesign/edit?id=8&do=edit
INFO: [ app_init ] --START--
INFO: Run Behavior\BuildLiteBehavior [ RunTime:0.000000s ]
INFO: [ app_init ] --END-- [ RunTime:0.001000s ]

[ 2016-06-02T08:12:40+08:00 ] ::1 /thinkphp_3.2.3_core_extend/index.php/Home/autodesign/revisions?id=8&do=revisions
INFO: [ app_init ] --START--
INFO: Run Behavior\BuildLiteBehavior [ RunTime:0.000000s ]
INFO: [ app_init ] --END-- [ RunTime:0.001001s ]
ERR: 非法操作:revisions

[ 2016-06-02T08:12:44+08:00 ] ::1 /thinkphp_3.2.3_core_extend/index.php/Home/autodesign/edit?id=8&do=edit
INFO: [ app_init ] --START--
INFO: Run Behavior\BuildLiteBehavior [ RunTime:0.000000s ]
INFO: [ app_init ] --END-- [ RunTime:0.001000s ]

[ 2016-06-02T08:12:49+08:00 ] ::1 /thinkphp_3.2.3_core_extend/index.php/Home/Autodesign/detail?id=8
INFO: [ app_init ] --START--
INFO: Run Behavior\BuildLiteBehavior [ RunTime:0.000000s ]
INFO: [ app_init ] --END-- [ RunTime:0.000000s ]

[ 2016-06-02T08:13:04+08:00 ] ::1 /thinkphp_3.2.3_core_extend/index.php/Home/autodesign/edit?id=8&do=edit
INFO: [ app_init ] --START--
INFO: Run Behavior\BuildLiteBehavior [ RunTime:0.000000s ]
INFO: [ app_init ] --END-- [ RunTime:0.000000s ]

[ 2016-06-02T08:13:12+08:00 ] ::1 /thinkphp_3.2.3_core_extend/index.php/Home/Autodesign/detail?id=8
INFO: [ app_init ] --START--
INFO: Run Behavior\BuildLiteBehavior [ RunTime:0.000000s ]
INFO: [ app_init ] --END-- [ RunTime:0.000000s ]

[ 2016-06-02T08:40:46+08:00 ] ::1 /thinkphp_3.2.3_core_extend/index.php/Home/autodesign/edit?id=8&do=edit
INFO: [ app_init ] --START--
INFO: Run Behavior\BuildLiteBehavior [ RunTime:0.000000s ]
INFO: [ app_init ] --END-- [ RunTime:0.001000s ]

[ 2016-06-02T08:40:48+08:00 ] ::1 /thinkphp_3.2.3_core_extend/index.php/Home/autodesign/edit?id=8&do=edit
INFO: [ app_init ] --START--
INFO: Run Behavior\BuildLiteBehavior [ RunTime:0.000000s ]
INFO: [ app_init ] --END-- [ RunTime:0.000000s ]

[ 2016-06-02T08:40:51+08:00 ] ::1 /thinkphp_3.2.3_core_extend/index.php/Home/autodesign/detail?id=8&do=
INFO: [ app_init ] --START--
INFO: Run Behavior\BuildLiteBehavior [ RunTime:0.000000s ]
INFO: [ app_init ] --END-- [ RunTime:0.000000s ]

[ 2016-06-02T08:40:53+08:00 ] ::1 /thinkphp_3.2.3_core_extend/index.php/Home/autodesign/detail?id=8&do=
INFO: [ app_init ] --START--
INFO: Run Behavior\BuildLiteBehavior [ RunTime:0.000000s ]
INFO: [ app_init ] --END-- [ RunTime:0.001000s ]

[ 2016-06-02T08:40:54+08:00 ] ::1 /thinkphp_3.2.3_core_extend/index.php/Home/autodesign/detail?id=8&do=
INFO: [ app_init ] --START--
INFO: Run Behavior\BuildLiteBehavior [ RunTime:0.000000s ]
INFO: [ app_init ] --END-- [ RunTime:0.001000s ]

[ 2016-06-02T08:40:55+08:00 ] ::1 /thinkphp_3.2.3_core_extend/index.php/Home/autodesign/detail?id=8&do=
INFO: [ app_init ] --START--
INFO: Run Behavior\BuildLiteBehavior [ RunTime:0.000000s ]
INFO: [ app_init ] --END-- [ RunTime:0.000000s ]

[ 2016-06-02T08:40:55+08:00 ] ::1 /thinkphp_3.2.3_core_extend/index.php/Home/autodesign/detail?id=8&do=
INFO: [ app_init ] --START--
INFO: Run Behavior\BuildLiteBehavior [ RunTime:0.000000s ]
INFO: [ app_init ] --END-- [ RunTime:0.000000s ]

[ 2016-06-02T08:40:57+08:00 ] ::1 /thinkphp_3.2.3_core_extend/index.php/Home/autodesign/edit?id=8&do=edit
INFO: [ app_init ] --START--
INFO: Run Behavior\BuildLiteBehavior [ RunTime:0.000000s ]
INFO: [ app_init ] --END-- [ RunTime:0.001000s ]

[ 2016-06-02T08:41:00+08:00 ] ::1 /thinkphp_3.2.3_core_extend/index.php/Home/autodesign/detail?id=8&do=
INFO: [ app_init ] --START--
INFO: Run Behavior\BuildLiteBehavior [ RunTime:0.000000s ]
INFO: [ app_init ] --END-- [ RunTime:0.001000s ]

[ 2016-06-02T08:41:01+08:00 ] ::1 /thinkphp_3.2.3_core_extend/index.php/Home/autodesign/detail?id=8&do=
INFO: [ app_init ] --START--
INFO: Run Behavior\BuildLiteBehavior [ RunTime:0.000000s ]
INFO: [ app_init ] --END-- [ RunTime:0.001000s ]

[ 2016-06-02T08:41:03+08:00 ] ::1 /thinkphp_3.2.3_core_extend/index.php/Home/autodesign/index/id/21
INFO: [ app_init ] --START--
INFO: Run Behavior\BuildLiteBehavior [ RunTime:0.000000s ]
INFO: [ app_init ] --END-- [ RunTime:0.000000s ]

[ 2016-06-02T08:41:05+08:00 ] ::1 /thinkphp_3.2.3_core_extend/index.php/Home/autodesign/index/id/21
INFO: [ app_init ] --START--
INFO: Run Behavior\BuildLiteBehavior [ RunTime:0.000000s ]
INFO: [ app_init ] --END-- [ RunTime:0.001000s ]

[ 2016-06-02T08:41:06+08:00 ] ::1 /thinkphp_3.2.3_core_extend/index.php/Home/autodesign/index/id/21
INFO: [ app_init ] --START--
INFO: Run Behavior\BuildLiteBehavior [ RunTime:0.000000s ]
INFO: [ app_init ] --END-- [ RunTime:0.001000s ]

[ 2016-06-02T08:41:06+08:00 ] ::1 /thinkphp_3.2.3_core_extend/index.php/Home/autodesign/index/id/21
INFO: [ app_init ] --START--
INFO: Run Behavior\BuildLiteBehavior [ RunTime:0.000000s ]
INFO: [ app_init ] --END-- [ RunTime:0.001000s ]

[ 2016-06-02T08:41:08+08:00 ] ::1 /thinkphp_3.2.3_core_extend/index.php/Home/autodesign/index/id/21
INFO: [ app_init ] --START--
INFO: Run Behavior\BuildLiteBehavior [ RunTime:0.000000s ]
INFO: [ app_init ] --END-- [ RunTime:0.000000s ]

[ 2016-06-02T08:41:08+08:00 ] ::1 /thinkphp_3.2.3_core_extend/index.php/Home/autodesign/index/id/21
INFO: [ app_init ] --START--
INFO: Run Behavior\BuildLiteBehavior [ RunTime:0.000000s ]
INFO: [ app_init ] --END-- [ RunTime:0.000000s ]

[ 2016-06-02T09:11:52+08:00 ] ::1 /thinkphp_3.2.3_core_extend/index.php/Home/autodesign/detail?id=8
INFO: [ app_init ] --START--
INFO: Run Behavior\BuildLiteBehavior [ RunTime:0.000000s ]
INFO: [ app_init ] --END-- [ RunTime:0.000000s ]

[ 2016-06-02T09:11:54+08:00 ] ::1 /thinkphp_3.2.3_core_extend/index.php/Home/autodesign/edit?id=8&do=edit
INFO: [ app_init ] --START--
INFO: Run Behavior\BuildLiteBehavior [ RunTime:0.000000s ]
INFO: [ app_init ] --END-- [ RunTime:0.000000s ]

[ 2016-06-02T09:12:13+08:00 ] ::1 /thinkphp_3.2.3_core_extend/index.php/Home/autodesign/detail?id=8&do=
INFO: [ app_init ] --START--
INFO: Run Behavior\BuildLiteBehavior [ RunTime:0.000000s ]
INFO: [ app_init ] --END-- [ RunTime:0.001000s ]

[ 2016-06-02T09:12:50+08:00 ] ::1 /thinkphp_3.2.3_core_extend/index.php/Home/autodesign/detail?id=8&do=
INFO: [ app_init ] --START--
INFO: Run Behavior\BuildLiteBehavior [ RunTime:0.000000s ]
INFO: [ app_init ] --END-- [ RunTime:0.001000s ]

[ 2016-06-02T09:13:23+08:00 ] ::1 /thinkphp_3.2.3_core_extend/index.php/Home/autodesign/detail?id=8&do=
INFO: [ app_init ] --START--
INFO: Run Behavior\BuildLiteBehavior [ RunTime:0.000000s ]
INFO: [ app_init ] --END-- [ RunTime:0.001000s ]

[ 2016-06-02T09:13:25+08:00 ] ::1 /thinkphp_3.2.3_core_extend/index.php/Home/autodesign/revisions?id=8&do=revisions
INFO: [ app_init ] --START--
INFO: Run Behavior\BuildLiteBehavior [ RunTime:0.000000s ]
INFO: [ app_init ] --END-- [ RunTime:0.000000s ]

[ 2016-06-02T09:13:33+08:00 ] ::1 /thinkphp_3.2.3_core_extend/index.php/Home/autodesign/detail?id=8&do=
INFO: [ app_init ] --START--
INFO: Run Behavior\BuildLiteBehavior [ RunTime:0.000000s ]
INFO: [ app_init ] --END-- [ RunTime:0.001000s ]

[ 2016-06-02T09:22:29+08:00 ] ::1 /thinkphp_3.2.3_core_extend/index.php/Home/autodesign/edit?id=8&do=edit
INFO: [ app_init ] --START--
INFO: Run Behavior\BuildLiteBehavior [ RunTime:0.000000s ]
INFO: [ app_init ] --END-- [ RunTime:0.000000s ]

[ 2016-06-02T09:24:59+08:00 ] ::1 /thinkphp_3.2.3_core_extend/index.php/Home/autodesign/edit?id=8&do=edit
INFO: [ app_init ] --START--
INFO: Run Behavior\BuildLiteBehavior [ RunTime:0.000000s ]
INFO: [ app_init ] --END-- [ RunTime:0.001000s ]

[ 2016-06-02T09:25:03+08:00 ] ::1 /thinkphp_3.2.3_core_extend/index.php/Home/Autodesign/add?id=8
INFO: [ app_init ] --START--
INFO: Run Behavior\BuildLiteBehavior [ RunTime:0.000000s ]
INFO: [ app_init ] --END-- [ RunTime:0.001000s ]

[ 2016-06-02T09:26:08+08:00 ] ::1 /thinkphp_3.2.3_core_extend/index.php/Home/Autodesign/add?id=8
INFO: [ app_init ] --START--
INFO: Run Behavior\BuildLiteBehavior [ RunTime:0.000000s ]
INFO: [ app_init ] --END-- [ RunTime:0.001000s ]

[ 2016-06-02T09:39:18+08:00 ] ::1 /thinkphp_3.2.3_core_extend/index.php/Home/Autodesign/add?id=8
INFO: [ app_init ] --START--
INFO: Run Behavior\BuildLiteBehavior [ RunTime:0.000000s ]
INFO: [ app_init ] --END-- [ RunTime:0.000000s ]

[ 2016-06-02T09:40:39+08:00 ] ::1 /thinkphp_3.2.3_core_extend/index.php/Home/Autodesign/add?id=8
INFO: [ app_init ] --START--
INFO: Run Behavior\BuildLiteBehavior [ RunTime:0.000000s ]
INFO: [ app_init ] --END-- [ RunTime:0.000000s ]

[ 2016-06-02T09:41:05+08:00 ] ::1 /thinkphp_3.2.3_core_extend/
INFO: [ app_init ] --START--
INFO: Run Behavior\BuildLiteBehavior [ RunTime:0.000000s ]
INFO: [ app_init ] --END-- [ RunTime:0.000000s ]

[ 2016-06-02T09:41:07+08:00 ] ::1 /thinkphp_3.2.3_core_extend/index.php/Home/autodesign/index/id/21
INFO: [ app_init ] --START--
INFO: Run Behavior\BuildLiteBehavior [ RunTime:0.000000s ]
INFO: [ app_init ] --END-- [ RunTime:0.001000s ]

[ 2016-06-02T09:41:08+08:00 ] ::1 /thinkphp_3.2.3_core_extend/index.php/Home/autodesign/detail?id=8
INFO: [ app_init ] --START--
INFO: Run Behavior\BuildLiteBehavior [ RunTime:0.000000s ]
INFO: [ app_init ] --END-- [ RunTime:0.000000s ]

[ 2016-06-02T09:41:09+08:00 ] ::1 /thinkphp_3.2.3_core_extend/index.php/Home/autodesign/edit?id=8&do=edit
INFO: [ app_init ] --START--
INFO: Run Behavior\BuildLiteBehavior [ RunTime:0.000000s ]
INFO: [ app_init ] --END-- [ RunTime:0.001000s ]

[ 2016-06-02T09:41:25+08:00 ] ::1 /thinkphp_3.2.3_core_extend/index.php/Home/Autodesign/add?id=8
INFO: [ app_init ] --START--
INFO: Run Behavior\BuildLiteBehavior [ RunTime:0.000000s ]
INFO: [ app_init ] --END-- [ RunTime:0.000000s ]

[ 2016-06-02T09:41:25+08:00 ] ::1 /thinkphp_3.2.3_core_extend/index.php/Home/autodesign/detail/id/9.html
INFO: [ app_init ] --START--
INFO: Run Behavior\BuildLiteBehavior [ RunTime:0.000000s ]
INFO: [ app_init ] --END-- [ RunTime:0.000000s ]

[ 2016-06-02T09:44:42+08:00 ] ::1 /thinkphp_3.2.3_core_extend/index.php/Home/autodesign/revisions?id=9&do=revisions
INFO: [ app_init ] --START--
INFO: Run Behavior\BuildLiteBehavior [ RunTime:0.000000s ]
INFO: [ app_init ] --END-- [ RunTime:0.001000s ]
ERR: 模板不存在:./Application/Home/View/Autodesign/revisions.html

[ 2016-06-02T09:46:13+08:00 ] ::1 /thinkphp_3.2.3_core_extend/index.php/Home/autodesign/revisions?id=9&do=revisions
INFO: [ app_init ] --START--
INFO: Run Behavior\BuildLiteBehavior [ RunTime:0.000000s ]
INFO: [ app_init ] --END-- [ RunTime:0.001000s ]
ERR: 模板不存在:./Application/Home/View/Autodesign/revisions.html

[ 2016-06-02T09:46:19+08:00 ] ::1 /thinkphp_3.2.3_core_extend/index.php/Home/autodesign/revisions
INFO: [ app_init ] --START--
INFO: Run Behavior\BuildLiteBehavior [ RunTime:0.000000s ]
INFO: [ app_init ] --END-- [ RunTime:0.000000s ]

[ 2016-06-02T09:46:55+08:00 ] ::1 /thinkphp_3.2.3_core_extend/index.php/Home/autodesign/revisions?id=9&do=revisions
INFO: [ app_init ] --START--
INFO: Run Behavior\BuildLiteBehavior [ RunTime:0.000000s ]
INFO: [ app_init ] --END-- [ RunTime:0.001000s ]
ERR: 模板不存在:./Application/Home/View/Autodesign/revisions.html

[ 2016-06-02T10:06:29+08:00 ] ::1 /thinkphp_3.2.3_core_extend/index.php/Home/autodesign/revisions?id=9&do=revisions
INFO: [ app_init ] --START--
INFO: Run Behavior\BuildLiteBehavior [ RunTime:0.000000s ]
INFO: [ app_init ] --END-- [ RunTime:0.000000s ]
ERR: 模板不存在:./Application/Home/View/Autodesign/revisions.html

[ 2016-06-02T10:07:50+08:00 ] ::1 /thinkphp_3.2.3_core_extend/index.php/Home/autodesign/revisions?id=9&do=revisions
INFO: [ app_init ] --START--
INFO: Run Behavior\BuildLiteBehavior [ RunTime:0.000000s ]
INFO: [ app_init ] --END-- [ RunTime:0.001000s ]

[ 2016-06-02T10:08:25+08:00 ] ::1 /thinkphp_3.2.3_core_extend/index.php/Home/autodesign/revisions?id=9&do=revisions
INFO: [ app_init ] --START--
INFO: Run Behavior\BuildLiteBehavior [ RunTime:0.000000s ]
INFO: [ app_init ] --END-- [ RunTime:0.000000s ]

[ 2016-06-02T10:08:34+08:00 ] ::1 /thinkphp_3.2.3_core_extend/index.php/Home/autodesign/revisions?id=9&do=revisions
INFO: [ app_init ] --START--
INFO: Run Behavior\BuildLiteBehavior [ RunTime:0.000000s ]
INFO: [ app_init ] --END-- [ RunTime:0.000000s ]

[ 2016-06-02T10:08:46+08:00 ] ::1 /thinkphp_3.2.3_core_extend/index.php/Home/autodesign/revisions?id=9&do=revisions
INFO: [ app_init ] --START--
INFO: Run Behavior\BuildLiteBehavior [ RunTime:0.000000s ]
INFO: [ app_init ] --END-- [ RunTime:0.000000s ]

[ 2016-06-02T10:08:53+08:00 ] ::1 /thinkphp_3.2.3_core_extend/index.php/Home/autodesign/revisions?id=9&do=revisions
INFO: [ app_init ] --START--
INFO: Run Behavior\BuildLiteBehavior [ RunTime:0.000000s ]
INFO: [ app_init ] --END-- [ RunTime:0.001000s ]

[ 2016-06-02T10:09:15+08:00 ] ::1 /thinkphp_3.2.3_core_extend/index.php/Home/autodesign/revisions?id=9&do=revisions
INFO: [ app_init ] --START--
INFO: Run Behavior\BuildLiteBehavior [ RunTime:0.000000s ]
INFO: [ app_init ] --END-- [ RunTime:0.000000s ]
ERR: 模板不存在:./Application/Home/View/Autodesign/revisions.html

[ 2016-06-02T10:09:26+08:00 ] ::1 /thinkphp_3.2.3_core_extend/index.php/Home/autodesign/revisions?id=9&do=revisions
INFO: [ app_init ] --START--
INFO: Run Behavior\BuildLiteBehavior [ RunTime:0.000000s ]
INFO: [ app_init ] --END-- [ RunTime:0.000000s ]
ERR: 模板不存在:./Application/Home/View/Autodesign/revisions.html

[ 2016-06-02T10:11:43+08:00 ] ::1 /thinkphp_3.2.3_core_extend/index.php/Home/autodesign/revisions?id=9&do=revisions
INFO: [ app_init ] --START--
INFO: Run Behavior\BuildLiteBehavior [ RunTime:0.000000s ]
INFO: [ app_init ] --END-- [ RunTime:0.000000s ]
ERR: 模板不存在:./Application/Home/View/Autodesign/revisions.html

[ 2016-06-02T10:12:11+08:00 ] ::1 /thinkphp_3.2.3_core_extend/index.php/Home/autodesign/revisions?id=9&do=revisions
INFO: [ app_init ] --START--
INFO: Run Behavior\BuildLiteBehavior [ RunTime:0.000000s ]
INFO: [ app_init ] --END-- [ RunTime:0.000000s ]
ERR: 模板不存在:./Application/Home/View/Autodesign/revisions.html

[ 2016-06-02T10:13:48+08:00 ] ::1 /thinkphp_3.2.3_core_extend/index.php/Home/autodesign/revisions?id=9&do=revisions
INFO: [ app_init ] --START--
INFO: Run Behavior\BuildLiteBehavior [ RunTime:0.000000s ]
INFO: [ app_init ] --END-- [ RunTime:0.000000s ]
ERR: 模板不存在:./Application/Home/View/Autodesign/revisions.html

[ 2016-06-02T10:14:42+08:00 ] ::1 /thinkphp_3.2.3_core_extend/index.php/Home/autodesign/revisions?id=9&do=revisions
INFO: [ app_init ] --START--
INFO: Run Behavior\BuildLiteBehavior [ RunTime:0.000000s ]
INFO: [ app_init ] --END-- [ RunTime:0.001000s ]
ERR: 模板不存在:./Application/Home/View/Autodesign/revisions.html

[ 2016-06-02T10:15:04+08:00 ] ::1 /thinkphp_3.2.3_core_extend/index.php/Home/autodesign/revisions?id=9&do=revisions
INFO: [ app_init ] --START--
INFO: Run Behavior\BuildLiteBehavior [ RunTime:0.000000s ]
INFO: [ app_init ] --END-- [ RunTime:0.001001s ]
ERR: 模板不存在:./Application/Home/View/Autodesign/revisions.html

[ 2016-06-02T10:15:29+08:00 ] ::1 /thinkphp_3.2.3_core_extend/index.php/Home/autodesign/revisions?id=9&do=revisions
INFO: [ app_init ] --START--
INFO: Run Behavior\BuildLiteBehavior [ RunTime:0.000000s ]
INFO: [ app_init ] --END-- [ RunTime:0.000000s ]
ERR: 模板不存在:./Application/Home/View/Autodesign/revisions.html

[ 2016-06-02T10:15:39+08:00 ] ::1 /thinkphp_3.2.3_core_extend/index.php/Home/autodesign/revisions?id=9&do=revisions
INFO: [ app_init ] --START--
INFO: Run Behavior\BuildLiteBehavior [ RunTime:0.000000s ]
INFO: [ app_init ] --END-- [ RunTime:0.001000s ]
ERR: 模板不存在:./Application/Home/View/Autodesign/revisions.html

[ 2016-06-02T10:15:55+08:00 ] ::1 /thinkphp_3.2.3_core_extend/index.php/Home/autodesign/revisions?id=9&do=revisions
INFO: [ app_init ] --START--
INFO: Run Behavior\BuildLiteBehavior [ RunTime:0.000000s ]
INFO: [ app_init ] --END-- [ RunTime:0.000000s ]
ERR: 模板不存在:./Application/Home/View/Autodesign/revisions.html

[ 2016-06-02T10:16:03+08:00 ] ::1 /thinkphp_3.2.3_core_extend/index.php/Home/autodesign/revisions?id=9&do=revisions
INFO: [ app_init ] --START--
INFO: Run Behavior\BuildLiteBehavior [ RunTime:0.000000s ]
INFO: [ app_init ] --END-- [ RunTime:0.001000s ]
ERR: 模板不存在:./Application/Home/View/Autodesign/revisions.html

[ 2016-06-02T10:19:41+08:00 ] ::1 /thinkphp_3.2.3_core_extend/index.php/Home/autodesign/revisions?id=9&do=revisions
INFO: [ app_init ] --START--
INFO: Run Behavior\BuildLiteBehavior [ RunTime:0.000000s ]
INFO: [ app_init ] --END-- [ RunTime:0.001000s ]

[ 2016-06-02T10:20:01+08:00 ] ::1 /thinkphp_3.2.3_core_extend/index.php/Home/autodesign/revisions?id=9&do=revisions
INFO: [ app_init ] --START--
INFO: Run Behavior\BuildLiteBehavior [ RunTime:0.000000s ]
INFO: [ app_init ] --END-- [ RunTime:0.001000s ]

[ 2016-06-02T10:21:29+08:00 ] ::1 /thinkphp_3.2.3_core_extend/index.php/Home/autodesign/revisions?id=9&do=revisions
INFO: [ app_init ] --START--
INFO: Run Behavior\BuildLiteBehavior [ RunTime:0.000000s ]
INFO: [ app_init ] --END-- [ RunTime:0.000000s ]

[ 2016-06-02T10:22:02+08:00 ] ::1 /thinkphp_3.2.3_core_extend/index.php/Home/autodesign/revisions?id=9&do=revisions
INFO: [ app_init ] --START--
INFO: Run Behavior\BuildLiteBehavior [ RunTime:0.000000s ]
INFO: [ app_init ] --END-- [ RunTime:0.000000s ]

[ 2016-06-02T10:23:30+08:00 ] ::1 /thinkphp_3.2.3_core_extend/index.php/Home/autodesign/revisions?id=9&do=revisions
INFO: [ app_init ] --START--
INFO: Run Behavior\BuildLiteBehavior [ RunTime:0.000000s ]
INFO: [ app_init ] --END-- [ RunTime:0.001000s ]

[ 2016-06-02T10:24:20+08:00 ] ::1 /thinkphp_3.2.3_core_extend/index.php/Home/autodesign/revisions?id=9&do=revisions
INFO: [ app_init ] --START--
INFO: Run Behavior\BuildLiteBehavior [ RunTime:0.000000s ]
INFO: [ app_init ] --END-- [ RunTime:0.001000s ]

[ 2016-06-02T10:25:44+08:00 ] ::1 /thinkphp_3.2.3_core_extend/index.php/Home/autodesign/revisions?id=9&do=revisions
INFO: [ app_init ] --START--
INFO: Run Behavior\BuildLiteBehavior [ RunTime:0.000000s ]
INFO: [ app_init ] --END-- [ RunTime:0.001000s ]

[ 2016-06-02T10:39:38+08:00 ] ::1 /thinkphp_3.2.3_core_extend/index.php/Home/autodesign/revisions?id=9&do=revisions
INFO: [ app_init ] --START--
INFO: Run Behavior\BuildLiteBehavior [ RunTime:0.000000s ]
INFO: [ app_init ] --END-- [ RunTime:0.000000s ]

[ 2016-06-02T10:39:48+08:00 ] ::1 /thinkphp_3.2.3_core_extend/index.php/Home/autodesign/revisions?id=9&do=revisions
INFO: [ app_init ] --START--
INFO: Run Behavior\BuildLiteBehavior [ RunTime:0.000000s ]
INFO: [ app_init ] --END-- [ RunTime:0.000000s ]

[ 2016-06-02T10:39:51+08:00 ] ::1 /thinkphp_3.2.3_core_extend/index.php/Home/autodesign/revisions?id=9&do=revisions
INFO: [ app_init ] --START--
INFO: Run Behavior\BuildLiteBehavior [ RunTime:0.000000s ]
INFO: [ app_init ] --END-- [ RunTime:0.000000s ]

[ 2016-06-02T10:40:20+08:00 ] ::1 /thinkphp_3.2.3_core_extend/index.php/Home/autodesign/revisions?id=9&do=revisions
INFO: [ app_init ] --START--
INFO: Run Behavior\BuildLiteBehavior [ RunTime:0.000000s ]
INFO: [ app_init ] --END-- [ RunTime:0.000000s ]

[ 2016-06-02T10:40:23+08:00 ] ::1 /thinkphp_3.2.3_core_extend/index.php/Home/autodesign/revisions?id=9&do=revisions
INFO: [ app_init ] --START--
INFO: Run Behavior\BuildLiteBehavior [ RunTime:0.000000s ]
INFO: [ app_init ] --END-- [ RunTime:0.000000s ]

[ 2016-06-02T12:47:58+08:00 ] ::1 /thinkphp_3.2.3_core_extend/index.php/Home/autodesign/detail?id=9&do=
INFO: [ app_init ] --START--
INFO: Run Behavior\BuildLiteBehavior [ RunTime:0.000000s ]
INFO: [ app_init ] --END-- [ RunTime:0.000000s ]

[ 2016-06-02T12:48:03+08:00 ] ::1 /thinkphp_3.2.3_core_extend/index.php/Home/autodesign/edit?id=9&do=edit
INFO: [ app_init ] --START--
INFO: Run Behavior\BuildLiteBehavior [ RunTime:0.000000s ]
INFO: [ app_init ] --END-- [ RunTime:0.000000s ]

[ 2016-06-02T12:48:08+08:00 ] ::1 /thinkphp_3.2.3_core_extend/index.php/Home/autodesign/revisions?id=9&do=revisions
INFO: [ app_init ] --START--
INFO: Run Behavior\BuildLiteBehavior [ RunTime:0.000000s ]
INFO: [ app_init ] --END-- [ RunTime:0.000000s ]

[ 2016-06-02T12:48:16+08:00 ] ::1 /thinkphp_3.2.3_core_extend/index.php/Home/autodesign/detail?id=9&do=
INFO: [ app_init ] --START--
INFO: Run Behavior\BuildLiteBehavior [ RunTime:0.000000s ]
INFO: [ app_init ] --END-- [ RunTime:0.000000s ]

[ 2016-06-02T14:12:57+08:00 ] ::1 /thinkphp_3.2.3_core_extend/index.php/Home/autodesign/detail?id=9&do=
INFO: [ app_init ] --START--
INFO: Run Behavior\BuildLiteBehavior [ RunTime:0.000000s ]
INFO: [ app_init ] --END-- [ RunTime:0.000000s ]

[ 2016-06-02T14:12:59+08:00 ] ::1 /thinkphp_3.2.3_core_extend/index.php/Home/autodesign/revisions?id=9&do=revisions
INFO: [ app_init ] --START--
INFO: Run Behavior\BuildLiteBehavior [ RunTime:0.000000s ]
INFO: [ app_init ] --END-- [ RunTime:0.001000s ]

[ 2016-06-02T16:55:09+08:00 ] ::1 /thinkphp_3.2.3_core_extend/
INFO: [ app_init ] --START--
INFO: Run Behavior\BuildLiteBehavior [ RunTime:0.000012s ]
INFO: [ app_init ] --END-- [ RunTime:0.012280s ]

[ 2016-06-02T16:55:58+08:00 ] ::1 /thinkphp_3.2.3_core_extend/index.php/Home/autodesign/index/id/21
INFO: [ app_init ] --START--
INFO: Run Behavior\BuildLiteBehavior [ RunTime:0.000008s ]
INFO: [ app_init ] --END-- [ RunTime:0.000256s ]

[ 2016-06-02T16:58:37+08:00 ] ::1 /thinkphp_3.2.3_core_extend/index.php/Home/autodesign/index/id/21
INFO: [ app_init ] --START--
INFO: Run Behavior\BuildLiteBehavior [ RunTime:0.000011s ]
INFO: [ app_init ] --END-- [ RunTime:0.000478s ]

[ 2016-06-02T16:58:39+08:00 ] ::1 /thinkphp_3.2.3_core_extend/index.php/Home/autodesign/detail?id=9
INFO: [ app_init ] --START--
INFO: Run Behavior\BuildLiteBehavior [ RunTime:0.000009s ]
INFO: [ app_init ] --END-- [ RunTime:0.000259s ]

[ 2016-06-02T16:58:43+08:00 ] ::1 /thinkphp_3.2.3_core_extend/index.php/Home/autodesign/edit?id=9&do=edit
INFO: [ app_init ] --START--
INFO: Run Behavior\BuildLiteBehavior [ RunTime:0.000008s ]
INFO: [ app_init ] --END-- [ RunTime:0.000284s ]

[ 2016-06-02T16:58:47+08:00 ] ::1 /thinkphp_3.2.3_core_extend/index.php/Home/Autodesign/edit?id=9&do=preview
INFO: [ app_init ] --START--
INFO: Run Behavior\BuildLiteBehavior [ RunTime:0.000031s ]
INFO: [ app_init ] --END-- [ RunTime:0.000818s ]

[ 2016-06-02T16:58:53+08:00 ] ::1 /thinkphp_3.2.3_core_extend/index.php/Home/Autodesign/detail?id=9
INFO: [ app_init ] --START--
INFO: Run Behavior\BuildLiteBehavior [ RunTime:0.000008s ]
INFO: [ app_init ] --END-- [ RunTime:0.000331s ]

[ 2016-06-02T16:58:55+08:00 ] ::1 /thinkphp_3.2.3_core_extend/index.php/Home/autodesign/revisions?id=9&do=revisions
INFO: [ app_init ] --START--
INFO: Run Behavior\BuildLiteBehavior [ RunTime:0.000009s ]
INFO: [ app_init ] --END-- [ RunTime:0.000341s ]

[ 2016-06-02T17:01:01+08:00 ] ::1 /thinkphp_3.2.3_core_extend/index.php/Home/autodesign/revisions?id=9&do=revisions
INFO: [ app_init ] --START--
INFO: Run Behavior\BuildLiteBehavior [ RunTime:0.000008s ]
INFO: [ app_init ] --END-- [ RunTime:0.000297s ]

[ 2016-06-02T17:01:51+08:00 ] ::1 /thinkphp_3.2.3_core_extend/index.php/Home/autodesign/revisions?id=9&do=revisions
INFO: [ app_init ] --START--
INFO: Run Behavior\BuildLiteBehavior [ RunTime:0.000014s ]
INFO: [ app_init ] --END-- [ RunTime:0.000482s ]

[ 2016-06-02T17:02:25+08:00 ] ::1 /thinkphp_3.2.3_core_extend/index.php/Home/autodesign/revisions?id=9&do=revisions
INFO: [ app_init ] --START--
INFO: Run Behavior\BuildLiteBehavior [ RunTime:0.000010s ]
INFO: [ app_init ] --END-- [ RunTime:0.000279s ]

[ 2016-06-02T17:02:36+08:00 ] ::1 /thinkphp_3.2.3_core_extend/index.php/Home/autodesign/revisions?id=9&do=revisions
INFO: [ app_init ] --START--
INFO: Run Behavior\BuildLiteBehavior [ RunTime:0.000016s ]
INFO: [ app_init ] --END-- [ RunTime:0.000460s ]

[ 2016-06-02T17:04:11+08:00 ] ::1 /thinkphp_3.2.3_core_extend/index.php/Home/autodesign/revisions?id=9&do=revisions
INFO: [ app_init ] --START--
INFO: Run Behavior\BuildLiteBehavior [ RunTime:0.000013s ]
INFO: [ app_init ] --END-- [ RunTime:0.000501s ]

[ 2016-06-02T17:06:04+08:00 ] ::1 /thinkphp_3.2.3_core_extend/index.php/Home/autodesign/revisions?id=9&do=revisions
INFO: [ app_init ] --START--
INFO: Run Behavior\BuildLiteBehavior [ RunTime:0.000027s ]
INFO: [ app_init ] --END-- [ RunTime:0.000638s ]

[ 2016-06-02T17:07:54+08:00 ] ::1 /thinkphp_3.2.3_core_extend/index.php/Home/autodesign/revisions?id=9&do=revisions
INFO: [ app_init ] --START--
INFO: Run Behavior\BuildLiteBehavior [ RunTime:0.000010s ]
INFO: [ app_init ] --END-- [ RunTime:0.000310s ]

[ 2016-06-02T17:08:01+08:00 ] ::1 /thinkphp_3.2.3_core_extend/index.php/Home/autodesign/revisions?id=9&do=revisions
INFO: [ app_init ] --START--
INFO: Run Behavior\BuildLiteBehavior [ RunTime:0.000008s ]
INFO: [ app_init ] --END-- [ RunTime:0.000301s ]

[ 2016-06-02T17:08:22+08:00 ] ::1 /thinkphp_3.2.3_core_extend/index.php/Home/autodesign/revisions?id=9&do=revisions
INFO: [ app_init ] --START--
INFO: Run Behavior\BuildLiteBehavior [ RunTime:0.000009s ]
INFO: [ app_init ] --END-- [ RunTime:0.000301s ]

[ 2016-06-02T17:09:40+08:00 ] ::1 /thinkphp_3.2.3_core_extend/index.php/Home/autodesign/revisions?id=9&do=revisions
INFO: [ app_init ] --START--
INFO: Run Behavior\BuildLiteBehavior [ RunTime:0.000026s ]
INFO: [ app_init ] --END-- [ RunTime:0.000687s ]

[ 2016-06-02T17:09:54+08:00 ] ::1 /thinkphp_3.2.3_core_extend/index.php/Home/autodesign/revisions?id=9&do=revisions
INFO: [ app_init ] --START--
INFO: Run Behavior\BuildLiteBehavior [ RunTime:0.000009s ]
INFO: [ app_init ] --END-- [ RunTime:0.000276s ]

[ 2016-06-02T17:10:38+08:00 ] ::1 /thinkphp_3.2.3_core_extend/index.php/Home/autodesign/revisions?id=9&do=revisions
INFO: [ app_init ] --START--
INFO: Run Behavior\BuildLiteBehavior [ RunTime:0.000022s ]
INFO: [ app_init ] --END-- [ RunTime:0.000514s ]

[ 2016-06-02T17:11:40+08:00 ] ::1 /thinkphp_3.2.3_core_extend/index.php/Home/autodesign/revisions?id=9&do=revisions
INFO: [ app_init ] --START--
INFO: Run Behavior\BuildLiteBehavior [ RunTime:0.000010s ]
INFO: [ app_init ] --END-- [ RunTime:0.000304s ]

[ 2016-06-02T17:11:45+08:00 ] ::1 /thinkphp_3.2.3_core_extend/index.php/Home/autodesign/revisions?id=9&do=revisions
INFO: [ app_init ] --START--
INFO: Run Behavior\BuildLiteBehavior [ RunTime:0.000008s ]
INFO: [ app_init ] --END-- [ RunTime:0.000297s ]

[ 2016-06-02T17:11:55+08:00 ] ::1 /thinkphp_3.2.3_core_extend/index.php/Home/autodesign/index/id/21
INFO: [ app_init ] --START--
INFO: Run Behavior\BuildLiteBehavior [ RunTime:0.000011s ]
INFO: [ app_init ] --END-- [ RunTime:0.000330s ]

[ 2016-06-02T17:11:56+08:00 ] ::1 /thinkphp_3.2.3_core_extend/index.php/Home/autodesign/detail?id=9
INFO: [ app_init ] --START--
INFO: Run Behavior\BuildLiteBehavior [ RunTime:0.000009s ]
INFO: [ app_init ] --END-- [ RunTime:0.000301s ]

[ 2016-06-02T17:11:57+08:00 ] ::1 /thinkphp_3.2.3_core_extend/index.php/Home/autodesign/revisions?id=9&do=revisions
INFO: [ app_init ] --START--
INFO: Run Behavior\BuildLiteBehavior [ RunTime:0.000009s ]
INFO: [ app_init ] --END-- [ RunTime:0.000293s ]

[ 2016-06-02T17:12:08+08:00 ] ::1 /thinkphp_3.2.3_core_extend/index.php/Home/autodesign/revisions?id=9&do=revisions
INFO: [ app_init ] --START--
INFO: Run Behavior\BuildLiteBehavior [ RunTime:0.000011s ]
INFO: [ app_init ] --END-- [ RunTime:0.000324s ]

[ 2016-06-02T17:13:44+08:00 ] ::1 /thinkphp_3.2.3_core_extend/index.php/Home/autodesign/revisions?id=9&do=revisions
INFO: [ app_init ] --START--
INFO: Run Behavior\BuildLiteBehavior [ RunTime:0.000008s ]
INFO: [ app_init ] --END-- [ RunTime:0.000324s ]

[ 2016-06-02T17:13:47+08:00 ] ::1 /thinkphp_3.2.3_core_extend/index.php/Home/autodesign/revisions?id=9&do=revisions
INFO: [ app_init ] --START--
INFO: Run Behavior\BuildLiteBehavior [ RunTime:0.000009s ]
INFO: [ app_init ] --END-- [ RunTime:0.000273s ]

[ 2016-06-02T17:14:41+08:00 ] ::1 /thinkphp_3.2.3_core_extend/index.php/Home/autodesign/revisions?id=9&do=revisions
INFO: [ app_init ] --START--
INFO: Run Behavior\BuildLiteBehavior [ RunTime:0.000009s ]
INFO: [ app_init ] --END-- [ RunTime:0.000280s ]

[ 2016-06-02T17:15:46+08:00 ] ::1 /thinkphp_3.2.3_core_extend/index.php/Home/autodesign/revisions?id=9&do=revisions
INFO: [ app_init ] --START--
INFO: Run Behavior\BuildLiteBehavior [ RunTime:0.000009s ]
INFO: [ app_init ] --END-- [ RunTime:0.000282s ]

[ 2016-06-02T17:16:56+08:00 ] ::1 /thinkphp_3.2.3_core_extend/index.php/Home/autodesign/revisions?id=9&do=revisions
INFO: [ app_init ] --START--
INFO: Run Behavior\BuildLiteBehavior [ RunTime:0.000016s ]
INFO: [ app_init ] --END-- [ RunTime:0.000842s ]

[ 2016-06-02T17:17:13+08:00 ] ::1 /thinkphp_3.2.3_core_extend/index.php/Home/autodesign/revisions?id=9&do=revisions
INFO: [ app_init ] --START--
INFO: Run Behavior\BuildLiteBehavior [ RunTime:0.000010s ]
INFO: [ app_init ] --END-- [ RunTime:0.000246s ]

[ 2016-06-02T17:18:14+08:00 ] ::1 /thinkphp_3.2.3_core_extend/index.php/Home/autodesign/revisions?id=9&do=revisions
INFO: [ app_init ] --START--
INFO: Run Behavior\BuildLiteBehavior [ RunTime:0.000010s ]
INFO: [ app_init ] --END-- [ RunTime:0.000299s ]

[ 2016-06-02T17:18:51+08:00 ] ::1 /thinkphp_3.2.3_core_extend/index.php/Home/autodesign/revisions?id=9&do=revisions
INFO: [ app_init ] --START--
INFO: Run Behavior\BuildLiteBehavior [ RunTime:0.000029s ]
INFO: [ app_init ] --END-- [ RunTime:0.000503s ]

[ 2016-06-02T17:19:04+08:00 ] ::1 /thinkphp_3.2.3_core_extend/index.php/Home/autodesign/revisions?id=9&do=revisions
INFO: [ app_init ] --START--
INFO: Run Behavior\BuildLiteBehavior [ RunTime:0.000007s ]
INFO: [ app_init ] --END-- [ RunTime:0.000263s ]

[ 2016-06-02T17:19:27+08:00 ] ::1 /thinkphp_3.2.3_core_extend/index.php/Home/autodesign/revisions?id=9&do=revisions
INFO: [ app_init ] --START--
INFO: Run Behavior\BuildLiteBehavior [ RunTime:0.000010s ]
INFO: [ app_init ] --END-- [ RunTime:0.000346s ]

[ 2016-06-02T17:20:09+08:00 ] ::1 /thinkphp_3.2.3_core_extend/index.php/Home/autodesign/revisions?id=9&do=revisions
INFO: [ app_init ] --START--
INFO: Run Behavior\BuildLiteBehavior [ RunTime:0.000010s ]
INFO: [ app_init ] --END-- [ RunTime:0.000543s ]

[ 2016-06-02T17:22:10+08:00 ] ::1 /thinkphp_3.2.3_core_extend/index.php/Home/autodesign/revisions?id=9&do=revisions
INFO: [ app_init ] --START--
INFO: Run Behavior\BuildLiteBehavior [ RunTime:0.000008s ]
INFO: [ app_init ] --END-- [ RunTime:0.000301s ]

[ 2016-06-02T17:22:16+08:00 ] ::1 /thinkphp_3.2.3_core_extend/index.php/Home/autodesign/revisions?id=9&do=revisions
INFO: [ app_init ] --START--
INFO: Run Behavior\BuildLiteBehavior [ RunTime:0.000010s ]
INFO: [ app_init ] --END-- [ RunTime:0.000308s ]

[ 2016-06-02T17:22:28+08:00 ] ::1 /thinkphp_3.2.3_core_extend/index.php/Home/autodesign/revisions?id=9&do=revisions
INFO: [ app_init ] --START--
INFO: Run Behavior\BuildLiteBehavior [ RunTime:0.000010s ]
INFO: [ app_init ] --END-- [ RunTime:0.000316s ]

[ 2016-06-02T17:22:33+08:00 ] ::1 /thinkphp_3.2.3_core_extend/index.php/Home/autodesign/revisions?id=9&do=revisions
INFO: [ app_init ] --START--
INFO: Run Behavior\BuildLiteBehavior [ RunTime:0.000008s ]
INFO: [ app_init ] --END-- [ RunTime:0.000268s ]

[ 2016-06-02T17:22:35+08:00 ] ::1 /thinkphp_3.2.3_core_extend/index.php/Home/autodesign/revisions?id=9&do=revisions
INFO: [ app_init ] --START--
INFO: Run Behavior\BuildLiteBehavior [ RunTime:0.000010s ]
INFO: [ app_init ] --END-- [ RunTime:0.000249s ]

[ 2016-06-02T17:22:39+08:00 ] ::1 /thinkphp_3.2.3_core_extend/index.php/Home/autodesign/revisions?id=9&do=revisions
INFO: [ app_init ] --START--
INFO: Run Behavior\BuildLiteBehavior [ RunTime:0.000014s ]
INFO: [ app_init ] --END-- [ RunTime:0.000479s ]

[ 2016-06-02T17:23:06+08:00 ] ::1 /thinkphp_3.2.3_core_extend/index.php/Home/autodesign/revisions?id=9&do=revisions
INFO: [ app_init ] --START--
INFO: Run Behavior\BuildLiteBehavior [ RunTime:0.000009s ]
INFO: [ app_init ] --END-- [ RunTime:0.000327s ]

[ 2016-06-02T17:23:58+08:00 ] ::1 /thinkphp_3.2.3_core_extend/index.php/Home/autodesign/revisions?id=9&do=revisions
INFO: [ app_init ] --START--
INFO: Run Behavior\BuildLiteBehavior [ RunTime:0.000022s ]
INFO: [ app_init ] --END-- [ RunTime:0.000307s ]

[ 2016-06-02T17:25:43+08:00 ] ::1 /thinkphp_3.2.3_core_extend/index.php/Home/autodesign/revisions?id=9&do=revisions
INFO: [ app_init ] --START--
INFO: Run Behavior\BuildLiteBehavior [ RunTime:0.000012s ]
INFO: [ app_init ] --END-- [ RunTime:0.000408s ]

[ 2016-06-02T17:28:01+08:00 ] ::1 /thinkphp_3.2.3_core_extend/index.php/Home/autodesign/revisions?id=9&do=revisions
INFO: [ app_init ] --START--
INFO: Run Behavior\BuildLiteBehavior [ RunTime:0.000009s ]
INFO: [ app_init ] --END-- [ RunTime:0.000270s ]

