[ 2016-05-25T09:34:26+08:00 ] ::1 /thinkphp_3.2.3_core_extend/Public/dokuwiki//Public/dokuwiki/lib/images/toolbar/bold.png
INFO: [ app_init ] --START--
INFO: Run Behavior\BuildLiteBehavior [ RunTime:0.000000s ]
INFO: [ app_init ] --END-- [ RunTime:0.001001s ]
ERR: 无法加载模块:Public

[ 2016-05-25T09:34:26+08:00 ] ::1 /thinkphp_3.2.3_core_extend/Public/dokuwiki//Public/dokuwiki/lib/images/toolbar/mono.png
INFO: [ app_init ] --START--
INFO: Run Behavior\BuildLiteBehavior [ RunTime:0.000000s ]
INFO: [ app_init ] --END-- [ RunTime:0.000000s ]
ERR: 无法加载模块:Public

[ 2016-05-25T09:34:26+08:00 ] ::1 /thinkphp_3.2.3_core_extend/Public/dokuwiki//Public/dokuwiki/lib/images/toolbar/strike.png
INFO: [ app_init ] --START--
INFO: Run Behavior\BuildLiteBehavior [ RunTime:0.000000s ]
INFO: [ app_init ] --END-- [ RunTime:0.000000s ]
ERR: 无法加载模块:Public

[ 2016-05-25T09:34:26+08:00 ] ::1 /thinkphp_3.2.3_core_extend/Public/dokuwiki//Public/dokuwiki/lib/images/toolbar/italic.png
INFO: [ app_init ] --START--
INFO: Run Behavior\BuildLiteBehavior [ RunTime:0.000000s ]
INFO: [ app_init ] --END-- [ RunTime:0.000000s ]
ERR: 无法加载模块:Public

[ 2016-05-25T09:34:26+08:00 ] ::1 /thinkphp_3.2.3_core_extend/Public/dokuwiki//Public/dokuwiki/lib/images/toolbar/hequal.png
INFO: [ app_init ] --START--
INFO: Run Behavior\BuildLiteBehavior [ RunTime:0.000000s ]
INFO: [ app_init ] --END-- [ RunTime:0.001000s ]
ERR: 无法加载模块:Public

[ 2016-05-25T09:34:26+08:00 ] ::1 /thinkphp_3.2.3_core_extend/Public/dokuwiki//Public/dokuwiki/lib/images/toolbar/underline.png
INFO: [ app_init ] --START--
INFO: Run Behavior\BuildLiteBehavior [ RunTime:0.000000s ]
INFO: [ app_init ] --END-- [ RunTime:0.000000s ]
ERR: 无法加载模块:Public

[ 2016-05-25T09:34:26+08:00 ] ::1 /thinkphp_3.2.3_core_extend/Public/dokuwiki//Public/dokuwiki/lib/images/toolbar/hminus.png
INFO: [ app_init ] --START--
INFO: Run Behavior\BuildLiteBehavior [ RunTime:0.000000s ]
INFO: [ app_init ] --END-- [ RunTime:0.000000s ]
ERR: 无法加载模块:Public

[ 2016-05-25T09:34:26+08:00 ] ::1 /thinkphp_3.2.3_core_extend/Public/dokuwiki//Public/dokuwiki/lib/images/toolbar/hplus.png
INFO: [ app_init ] --START--
INFO: Run Behavior\BuildLiteBehavior [ RunTime:0.000000s ]
INFO: [ app_init ] --END-- [ RunTime:0.001000s ]
ERR: 无法加载模块:Public

[ 2016-05-25T09:34:26+08:00 ] ::1 /thinkphp_3.2.3_core_extend/Public/dokuwiki//Public/dokuwiki/lib/images/toolbar/chars.png
INFO: [ app_init ] --START--
INFO: Run Behavior\BuildLiteBehavior [ RunTime:0.000000s ]
INFO: [ app_init ] --END-- [ RunTime:0.000000s ]
ERR: 无法加载模块:Public

[ 2016-05-25T09:34:26+08:00 ] ::1 /thinkphp_3.2.3_core_extend/Public/dokuwiki//Public/dokuwiki/lib/images/toolbar/h.png
INFO: [ app_init ] --START--
INFO: Run Behavior\BuildLiteBehavior [ RunTime:0.000000s ]
INFO: [ app_init ] --END-- [ RunTime:0.000000s ]
ERR: 无法加载模块:Public

[ 2016-05-25T09:34:26+08:00 ] ::1 /thinkphp_3.2.3_core_extend/Public/dokuwiki//Public/dokuwiki/lib/images/toolbar/linkextern.png
INFO: [ app_init ] --START--
INFO: Run Behavior\BuildLiteBehavior [ RunTime:0.000000s ]
INFO: [ app_init ] --END-- [ RunTime:0.001000s ]
ERR: 无法加载模块:Public

[ 2016-05-25T09:34:26+08:00 ] ::1 /thinkphp_3.2.3_core_extend/Public/dokuwiki//Public/dokuwiki/lib/images/toolbar/hr.png
INFO: [ app_init ] --START--
INFO: Run Behavior\BuildLiteBehavior [ RunTime:0.000000s ]
INFO: [ app_init ] --END-- [ RunTime:0.001000s ]
ERR: 无法加载模块:Public

[ 2016-05-25T09:34:26+08:00 ] ::1 /thinkphp_3.2.3_core_extend/Public/dokuwiki//Public/dokuwiki/lib/images/toolbar/ol.png
INFO: [ app_init ] --START--
INFO: Run Behavior\BuildLiteBehavior [ RunTime:0.000000s ]
INFO: [ app_init ] --END-- [ RunTime:0.001000s ]
ERR: 无法加载模块:Public

[ 2016-05-25T09:34:26+08:00 ] ::1 /thinkphp_3.2.3_core_extend/Public/dokuwiki//Public/dokuwiki/lib/images/toolbar/image.png
INFO: [ app_init ] --START--
INFO: Run Behavior\BuildLiteBehavior [ RunTime:0.000000s ]
INFO: [ app_init ] --END-- [ RunTime:0.000000s ]
ERR: 无法加载模块:Public

[ 2016-05-25T09:34:26+08:00 ] ::1 /thinkphp_3.2.3_core_extend/Public/dokuwiki//Public/dokuwiki/lib/images/toolbar/link.png
INFO: [ app_init ] --START--
INFO: Run Behavior\BuildLiteBehavior [ RunTime:0.000000s ]
INFO: [ app_init ] --END-- [ RunTime:0.000000s ]
ERR: 无法加载模块:Public

[ 2016-05-25T09:34:26+08:00 ] ::1 /thinkphp_3.2.3_core_extend/Public/dokuwiki//Public/dokuwiki/lib/images/toolbar/ul.png
INFO: [ app_init ] --START--
INFO: Run Behavior\BuildLiteBehavior [ RunTime:0.000000s ]
INFO: [ app_init ] --END-- [ RunTime:0.001000s ]
ERR: 无法加载模块:Public

[ 2016-05-25T09:34:26+08:00 ] ::1 /thinkphp_3.2.3_core_extend/Public/dokuwiki//Public/dokuwiki/lib/images/toolbar/smiley.png
INFO: [ app_init ] --START--
INFO: Run Behavior\BuildLiteBehavior [ RunTime:0.000000s ]
INFO: [ app_init ] --END-- [ RunTime:0.001000s ]
ERR: 无法加载模块:Public

[ 2016-05-25T09:34:26+08:00 ] ::1 /thinkphp_3.2.3_core_extend/Public/dokuwiki//Public/dokuwiki/lib/images/larger.gif
INFO: [ app_init ] --START--
INFO: Run Behavior\BuildLiteBehavior [ RunTime:0.000000s ]
INFO: [ app_init ] --END-- [ RunTime:0.000000s ]
ERR: 无法加载模块:Public

[ 2016-05-25T09:34:26+08:00 ] ::1 /thinkphp_3.2.3_core_extend/Public/dokuwiki//Public/dokuwiki/lib/images/smaller.gif
INFO: [ app_init ] --START--
INFO: Run Behavior\BuildLiteBehavior [ RunTime:0.000000s ]
INFO: [ app_init ] --END-- [ RunTime:0.000000s ]
ERR: 无法加载模块:Public

[ 2016-05-25T09:34:26+08:00 ] ::1 /thinkphp_3.2.3_core_extend/Public/dokuwiki//Public/dokuwiki/lib/images/wrap.gif
INFO: [ app_init ] --START--
INFO: Run Behavior\BuildLiteBehavior [ RunTime:0.000000s ]
INFO: [ app_init ] --END-- [ RunTime:0.000000s ]
ERR: 无法加载模块:Public

[ 2016-05-25T09:34:26+08:00 ] ::1 /thinkphp_3.2.3_core_extend/Public/dokuwiki//Public/dokuwiki/lib/images/toolbar/h1.png
INFO: [ app_init ] --START--
INFO: Run Behavior\BuildLiteBehavior [ RunTime:0.000000s ]
INFO: [ app_init ] --END-- [ RunTime:0.001000s ]
ERR: 无法加载模块:Public

[ 2016-05-25T09:34:26+08:00 ] ::1 /thinkphp_3.2.3_core_extend/Public/dokuwiki//Public/dokuwiki/lib/images/toolbar/h2.png
INFO: [ app_init ] --START--
INFO: Run Behavior\BuildLiteBehavior [ RunTime:0.000000s ]
INFO: [ app_init ] --END-- [ RunTime:0.000000s ]
ERR: 无法加载模块:Public

[ 2016-05-25T09:34:26+08:00 ] ::1 /thinkphp_3.2.3_core_extend/Public/dokuwiki//Public/dokuwiki/lib/images/toolbar/h3.png
INFO: [ app_init ] --START--
INFO: Run Behavior\BuildLiteBehavior [ RunTime:0.000000s ]
INFO: [ app_init ] --END-- [ RunTime:0.001000s ]
ERR: 无法加载模块:Public

[ 2016-05-25T09:34:26+08:00 ] ::1 /thinkphp_3.2.3_core_extend/Public/dokuwiki//Public/dokuwiki/lib/images/toolbar/h4.png
INFO: [ app_init ] --START--
INFO: Run Behavior\BuildLiteBehavior [ RunTime:0.000000s ]
INFO: [ app_init ] --END-- [ RunTime:0.001000s ]
ERR: 无法加载模块:Public

[ 2016-05-25T09:34:26+08:00 ] ::1 /thinkphp_3.2.3_core_extend/Public/dokuwiki//Public/dokuwiki/lib/images/toolbar/h5.png
INFO: [ app_init ] --START--
INFO: Run Behavior\BuildLiteBehavior [ RunTime:0.000000s ]
INFO: [ app_init ] --END-- [ RunTime:0.000000s ]
ERR: 无法加载模块:Public

[ 2016-05-25T09:34:26+08:00 ] ::1 /thinkphp_3.2.3_core_extend/Public/dokuwiki//Public/dokuwiki/lib/images/smileys/icon_cool.gif
INFO: [ app_init ] --START--
INFO: Run Behavior\BuildLiteBehavior [ RunTime:0.000000s ]
INFO: [ app_init ] --END-- [ RunTime:0.000000s ]
ERR: 无法加载模块:Public

[ 2016-05-25T09:34:26+08:00 ] ::1 /thinkphp_3.2.3_core_extend/Public/dokuwiki//Public/dokuwiki/lib/images/smileys/icon_eek.gif
INFO: [ app_init ] --START--
INFO: Run Behavior\BuildLiteBehavior [ RunTime:0.000000s ]
INFO: [ app_init ] --END-- [ RunTime:0.000000s ]
ERR: 无法加载模块:Public

[ 2016-05-25T09:34:26+08:00 ] ::1 /thinkphp_3.2.3_core_extend/Public/dokuwiki//Public/dokuwiki/lib/images/smileys/icon_sad.gif
INFO: [ app_init ] --START--
INFO: Run Behavior\BuildLiteBehavior [ RunTime:0.000000s ]
INFO: [ app_init ] --END-- [ RunTime:0.000000s ]
ERR: 无法加载模块:Public

[ 2016-05-25T09:34:26+08:00 ] ::1 /thinkphp_3.2.3_core_extend/Public/dokuwiki//Public/dokuwiki/lib/images/smileys/icon_smile.gif
INFO: [ app_init ] --START--
INFO: Run Behavior\BuildLiteBehavior [ RunTime:0.000000s ]
INFO: [ app_init ] --END-- [ RunTime:0.000000s ]
ERR: 无法加载模块:Public

[ 2016-05-25T09:34:26+08:00 ] ::1 /thinkphp_3.2.3_core_extend/Public/dokuwiki//Public/dokuwiki/lib/images/smileys/icon_smile2.gif
INFO: [ app_init ] --START--
INFO: Run Behavior\BuildLiteBehavior [ RunTime:0.000000s ]
INFO: [ app_init ] --END-- [ RunTime:0.000000s ]
ERR: 无法加载模块:Public

[ 2016-05-25T09:34:26+08:00 ] ::1 /thinkphp_3.2.3_core_extend/Public/dokuwiki//Public/dokuwiki/lib/images/smileys/icon_doubt.gif
INFO: [ app_init ] --START--
INFO: Run Behavior\BuildLiteBehavior [ RunTime:0.000000s ]
INFO: [ app_init ] --END-- [ RunTime:0.000000s ]
ERR: 无法加载模块:Public

[ 2016-05-25T09:34:26+08:00 ] ::1 /thinkphp_3.2.3_core_extend/Public/dokuwiki//Public/dokuwiki/lib/images/smileys/icon_doubt2.gif
INFO: [ app_init ] --START--
INFO: Run Behavior\BuildLiteBehavior [ RunTime:0.000000s ]
INFO: [ app_init ] --END-- [ RunTime:0.000000s ]
ERR: 无法加载模块:Public

[ 2016-05-25T09:34:26+08:00 ] ::1 /thinkphp_3.2.3_core_extend/Public/dokuwiki//Public/dokuwiki/lib/images/smileys/icon_confused.gif
INFO: [ app_init ] --START--
INFO: Run Behavior\BuildLiteBehavior [ RunTime:0.000000s ]
INFO: [ app_init ] --END-- [ RunTime:0.000000s ]
ERR: 无法加载模块:Public

[ 2016-05-25T09:34:26+08:00 ] ::1 /thinkphp_3.2.3_core_extend/Public/dokuwiki//Public/dokuwiki/lib/images/smileys/icon_biggrin.gif
INFO: [ app_init ] --START--
INFO: Run Behavior\BuildLiteBehavior [ RunTime:0.000000s ]
INFO: [ app_init ] --END-- [ RunTime:0.000000s ]
ERR: 无法加载模块:Public

[ 2016-05-25T09:34:26+08:00 ] ::1 /thinkphp_3.2.3_core_extend/Public/dokuwiki//Public/dokuwiki/lib/images/smileys/icon_razz.gif
INFO: [ app_init ] --START--
INFO: Run Behavior\BuildLiteBehavior [ RunTime:0.000000s ]
INFO: [ app_init ] --END-- [ RunTime:0.000000s ]
ERR: 无法加载模块:Public

[ 2016-05-25T09:34:26+08:00 ] ::1 /thinkphp_3.2.3_core_extend/Public/dokuwiki//Public/dokuwiki/lib/images/smileys/icon_surprised.gif
INFO: [ app_init ] --START--
INFO: Run Behavior\BuildLiteBehavior [ RunTime:0.000000s ]
INFO: [ app_init ] --END-- [ RunTime:0.001000s ]
ERR: 无法加载模块:Public

[ 2016-05-25T09:34:26+08:00 ] ::1 /thinkphp_3.2.3_core_extend/Public/dokuwiki//Public/dokuwiki/lib/images/smileys/icon_silenced.gif
INFO: [ app_init ] --START--
INFO: Run Behavior\BuildLiteBehavior [ RunTime:0.000000s ]
INFO: [ app_init ] --END-- [ RunTime:0.001000s ]
ERR: 无法加载模块:Public

[ 2016-05-25T09:34:26+08:00 ] ::1 /thinkphp_3.2.3_core_extend/Public/dokuwiki//Public/dokuwiki/lib/images/smileys/icon_neutral.gif
INFO: [ app_init ] --START--
INFO: Run Behavior\BuildLiteBehavior [ RunTime:0.000000s ]
INFO: [ app_init ] --END-- [ RunTime:0.000000s ]
ERR: 无法加载模块:Public

[ 2016-05-25T09:34:26+08:00 ] ::1 /thinkphp_3.2.3_core_extend/Public/dokuwiki//Public/dokuwiki/lib/images/smileys/icon_wink.gif
INFO: [ app_init ] --START--
INFO: Run Behavior\BuildLiteBehavior [ RunTime:0.000000s ]
INFO: [ app_init ] --END-- [ RunTime:0.000000s ]
ERR: 无法加载模块:Public

[ 2016-05-25T09:34:26+08:00 ] ::1 /thinkphp_3.2.3_core_extend/Public/dokuwiki//Public/dokuwiki/lib/images/smileys/facepalm.gif
INFO: [ app_init ] --START--
INFO: Run Behavior\BuildLiteBehavior [ RunTime:0.000000s ]
INFO: [ app_init ] --END-- [ RunTime:0.000000s ]
ERR: 无法加载模块:Public

[ 2016-05-25T09:34:26+08:00 ] ::1 /thinkphp_3.2.3_core_extend/Public/dokuwiki//Public/dokuwiki/lib/images/smileys/icon_fun.gif
INFO: [ app_init ] --START--
INFO: Run Behavior\BuildLiteBehavior [ RunTime:0.000000s ]
INFO: [ app_init ] --END-- [ RunTime:0.000000s ]
ERR: 无法加载模块:Public

[ 2016-05-25T09:34:26+08:00 ] ::1 /thinkphp_3.2.3_core_extend/Public/dokuwiki//Public/dokuwiki/lib/images/smileys/icon_question.gif
INFO: [ app_init ] --START--
INFO: Run Behavior\BuildLiteBehavior [ RunTime:0.000000s ]
INFO: [ app_init ] --END-- [ RunTime:0.000000s ]
ERR: 无法加载模块:Public

[ 2016-05-25T09:34:26+08:00 ] ::1 /thinkphp_3.2.3_core_extend/Public/dokuwiki//Public/dokuwiki/lib/images/smileys/icon_exclaim.gif
INFO: [ app_init ] --START--
INFO: Run Behavior\BuildLiteBehavior [ RunTime:0.000000s ]
INFO: [ app_init ] --END-- [ RunTime:0.001000s ]
ERR: 无法加载模块:Public

[ 2016-05-25T09:34:26+08:00 ] ::1 /thinkphp_3.2.3_core_extend/Public/dokuwiki//Public/dokuwiki/lib/images/smileys/icon_lol.gif
INFO: [ app_init ] --START--
INFO: Run Behavior\BuildLiteBehavior [ RunTime:0.000000s ]
INFO: [ app_init ] --END-- [ RunTime:0.000000s ]
ERR: 无法加载模块:Public

[ 2016-05-25T09:34:26+08:00 ] ::1 /thinkphp_3.2.3_core_extend/Public/dokuwiki//Public/dokuwiki/lib/images/smileys/fixme.gif
INFO: [ app_init ] --START--
INFO: Run Behavior\BuildLiteBehavior [ RunTime:0.000000s ]
INFO: [ app_init ] --END-- [ RunTime:0.000000s ]
ERR: 无法加载模块:Public

[ 2016-05-25T09:34:26+08:00 ] ::1 /thinkphp_3.2.3_core_extend/Public/dokuwiki//Public/dokuwiki/lib/images/smileys/delete.gif
INFO: [ app_init ] --START--
INFO: Run Behavior\BuildLiteBehavior [ RunTime:0.000000s ]
INFO: [ app_init ] --END-- [ RunTime:0.000000s ]
ERR: 无法加载模块:Public

[ 2016-05-25T09:34:26+08:00 ] ::1 /thinkphp_3.2.3_core_extend/Public/dokuwiki//Public/dokuwiki/lib/images/toolbar/sig.png
INFO: [ app_init ] --START--
INFO: Run Behavior\BuildLiteBehavior [ RunTime:0.000000s ]
INFO: [ app_init ] --END-- [ RunTime:0.001000s ]
ERR: 无法加载模块:Public

[ 2016-05-25T09:35:11+08:00 ] ::1 /thinkphp_3.2.3_core_extend//Public/dokuwikilib/exe/js.php?t=dokuwiki&tseed=5eafc87701e7e248099ff46380e5294e
INFO: [ app_init ] --START--
INFO: Run Behavior\BuildLiteBehavior [ RunTime:0.000000s ]
INFO: [ app_init ] --END-- [ RunTime:0.001000s ]
ERR: 无法加载模块:Public

[ 2016-05-25T09:35:11+08:00 ] ::1 /thinkphp_3.2.3_core_extend//Public/dokuwikilib/exe/indexer.php?id=autodesign%3A%E4%BB%80%E4%B9%88%E6%98%AF%E8%87%AA%E5%8A%A8%E5%8C%96%E6%B5%8B%E8%AF%95%E6%A1%86%E6%9E%B6&1464140111
INFO: [ app_init ] --START--
INFO: Run Behavior\BuildLiteBehavior [ RunTime:0.000000s ]
INFO: [ app_init ] --END-- [ RunTime:0.000000s ]
ERR: 无法加载模块:Public

[ 2016-05-25T09:35:12+08:00 ] ::1 /thinkphp_3.2.3_core_extend//Public/dokuwikilib/exe/indexer.php?id=autodesign%3A%E4%BB%80%E4%B9%88%E6%98%AF%E8%87%AA%E5%8A%A8%E5%8C%96%E6%B5%8B%E8%AF%95%E6%A1%86%E6%9E%B6&1464140111
INFO: [ app_init ] --START--
INFO: Run Behavior\BuildLiteBehavior [ RunTime:0.001000s ]
INFO: [ app_init ] --END-- [ RunTime:0.001000s ]
ERR: 无法加载模块:Public

[ 2016-05-25T09:36:13+08:00 ] ::1 /thinkphp_3.2.3_core_extend//Public/dokuwikilib/exe/css.php?t=dokuwiki&tseed=5eafc87701e7e248099ff46380e5294e
INFO: [ app_init ] --START--
INFO: Run Behavior\BuildLiteBehavior [ RunTime:0.000000s ]
INFO: [ app_init ] --END-- [ RunTime:0.001000s ]
ERR: 无法加载模块:Public

[ 2016-05-25T09:36:13+08:00 ] ::1 /thinkphp_3.2.3_core_extend//Public/dokuwikilib/exe/js.php?t=dokuwiki&tseed=5eafc87701e7e248099ff46380e5294e
INFO: [ app_init ] --START--
INFO: Run Behavior\BuildLiteBehavior [ RunTime:0.000000s ]
INFO: [ app_init ] --END-- [ RunTime:0.000000s ]
ERR: 无法加载模块:Public

[ 2016-05-25T09:36:13+08:00 ] ::1 /thinkphp_3.2.3_core_extend//Public/dokuwikilib/exe/indexer.php?id=autodesign%3A%E4%BB%80%E4%B9%88%E6%98%AF%E8%87%AA%E5%8A%A8%E5%8C%96%E6%B5%8B%E8%AF%95%E6%A1%86%E6%9E%B6&1464140173
INFO: [ app_init ] --START--
INFO: Run Behavior\BuildLiteBehavior [ RunTime:0.000000s ]
INFO: [ app_init ] --END-- [ RunTime:0.000000s ]
ERR: 无法加载模块:Public

[ 2016-05-25T09:36:14+08:00 ] ::1 /thinkphp_3.2.3_core_extend//Public/dokuwikilib/exe/indexer.php?id=autodesign%3A%E4%BB%80%E4%B9%88%E6%98%AF%E8%87%AA%E5%8A%A8%E5%8C%96%E6%B5%8B%E8%AF%95%E6%A1%86%E6%9E%B6&1464140173
INFO: [ app_init ] --START--
INFO: Run Behavior\BuildLiteBehavior [ RunTime:0.000000s ]
INFO: [ app_init ] --END-- [ RunTime:0.000000s ]
ERR: 无法加载模块:Public

[ 2016-05-25T09:36:55+08:00 ] ::1 /thinkphp_3.2.3_core_extend/Public/dokuwikilib/exe/css.php?t=dokuwiki&tseed=5eafc87701e7e248099ff46380e5294e
INFO: [ app_init ] --START--
INFO: Run Behavior\BuildLiteBehavior [ RunTime:0.000000s ]
INFO: [ app_init ] --END-- [ RunTime:0.000000s ]
ERR: 无法加载模块:Public

[ 2016-05-25T09:36:55+08:00 ] ::1 /thinkphp_3.2.3_core_extend/Public/dokuwikilib/exe/js.php?t=dokuwiki&tseed=5eafc87701e7e248099ff46380e5294e
INFO: [ app_init ] --START--
INFO: Run Behavior\BuildLiteBehavior [ RunTime:0.000000s ]
INFO: [ app_init ] --END-- [ RunTime:0.001000s ]
ERR: 无法加载模块:Public

[ 2016-05-25T09:36:55+08:00 ] ::1 /thinkphp_3.2.3_core_extend/Public/dokuwikilib/exe/indexer.php?id=autodesign%3A%E4%BB%80%E4%B9%88%E6%98%AF%E8%87%AA%E5%8A%A8%E5%8C%96%E6%B5%8B%E8%AF%95%E6%A1%86%E6%9E%B6&1464140215
INFO: [ app_init ] --START--
INFO: Run Behavior\BuildLiteBehavior [ RunTime:0.000000s ]
INFO: [ app_init ] --END-- [ RunTime:0.001000s ]
ERR: 无法加载模块:Public

[ 2016-05-25T09:36:55+08:00 ] ::1 /thinkphp_3.2.3_core_extend/Public/dokuwikilib/exe/indexer.php?id=autodesign%3A%E4%BB%80%E4%B9%88%E6%98%AF%E8%87%AA%E5%8A%A8%E5%8C%96%E6%B5%8B%E8%AF%95%E6%A1%86%E6%9E%B6&1464140215
INFO: [ app_init ] --START--
INFO: Run Behavior\BuildLiteBehavior [ RunTime:0.000000s ]
INFO: [ app_init ] --END-- [ RunTime:0.000000s ]
ERR: 无法加载模块:Public

[ 2016-05-25T09:37:15+08:00 ] ::1 /thinkphp_3.2.3_core_extend/Public/dokuwiki/Public/dokuwiki/lib/tpl/dokuwiki/images/page-gradient.png
INFO: [ app_init ] --START--
INFO: Run Behavior\BuildLiteBehavior [ RunTime:0.000000s ]
INFO: [ app_init ] --END-- [ RunTime:0.001000s ]
ERR: 无法加载模块:Public

[ 2016-05-25T09:37:15+08:00 ] ::1 /thinkphp_3.2.3_core_extend/Public/dokuwiki/Public/dokuwiki/lib/images/external-link.png
INFO: [ app_init ] --START--
INFO: Run Behavior\BuildLiteBehavior [ RunTime:0.000000s ]
INFO: [ app_init ] --END-- [ RunTime:0.000000s ]
ERR: 无法加载模块:Public

[ 2016-05-25T09:37:15+08:00 ] ::1 /thinkphp_3.2.3_core_extend/Public/dokuwiki/Public/dokuwiki/lib/tpl/dokuwiki/images/pagetools-sprite.png?v=2
INFO: [ app_init ] --START--
INFO: Run Behavior\BuildLiteBehavior [ RunTime:0.000000s ]
INFO: [ app_init ] --END-- [ RunTime:0.001000s ]
ERR: 无法加载模块:Public

[ 2016-05-25T09:37:15+08:00 ] ::1 /thinkphp_3.2.3_core_extend/Public/dokuwiki/Public/dokuwiki/lib/scripts/jquery/jquery-ui-theme/images/ui-bg_flat_75_ffffff_40x100.png
INFO: [ app_init ] --START--
INFO: Run Behavior\BuildLiteBehavior [ RunTime:0.000000s ]
INFO: [ app_init ] --END-- [ RunTime:0.000000s ]
ERR: 无法加载模块:Public

[ 2016-05-25T09:37:15+08:00 ] ::1 /thinkphp_3.2.3_core_extend/Public/dokuwiki/Public/dokuwiki/lib/images/toolbar/bold.png
INFO: [ app_init ] --START--
INFO: Run Behavior\BuildLiteBehavior [ RunTime:0.000000s ]
INFO: [ app_init ] --END-- [ RunTime:0.000000s ]
ERR: 无法加载模块:Public

[ 2016-05-25T09:37:15+08:00 ] ::1 /thinkphp_3.2.3_core_extend/Public/dokuwiki/Public/dokuwiki/lib/images/toolbar/italic.png
INFO: [ app_init ] --START--
INFO: Run Behavior\BuildLiteBehavior [ RunTime:0.000000s ]
INFO: [ app_init ] --END-- [ RunTime:0.001000s ]
ERR: 无法加载模块:Public

[ 2016-05-25T09:37:15+08:00 ] ::1 /thinkphp_3.2.3_core_extend/Public/dokuwiki/Public/dokuwiki/lib/images/toolbar/mono.png
INFO: [ app_init ] --START--
INFO: Run Behavior\BuildLiteBehavior [ RunTime:0.000000s ]
INFO: [ app_init ] --END-- [ RunTime:0.000000s ]
ERR: 无法加载模块:Public

[ 2016-05-25T09:37:15+08:00 ] ::1 /thinkphp_3.2.3_core_extend/Public/dokuwiki/Public/dokuwiki/lib/images/toolbar/strike.png
INFO: [ app_init ] --START--
INFO: Run Behavior\BuildLiteBehavior [ RunTime:0.000000s ]
INFO: [ app_init ] --END-- [ RunTime:0.001000s ]
ERR: 无法加载模块:Public

[ 2016-05-25T09:37:15+08:00 ] ::1 /thinkphp_3.2.3_core_extend/Public/dokuwiki/Public/dokuwiki/lib/images/toolbar/hequal.png
INFO: [ app_init ] --START--
INFO: Run Behavior\BuildLiteBehavior [ RunTime:0.000000s ]
INFO: [ app_init ] --END-- [ RunTime:0.000000s ]
ERR: 无法加载模块:Public

[ 2016-05-25T09:37:15+08:00 ] ::1 /thinkphp_3.2.3_core_extend/Public/dokuwiki/Public/dokuwiki/lib/images/toolbar/underline.png
INFO: [ app_init ] --START--
INFO: Run Behavior\BuildLiteBehavior [ RunTime:0.000000s ]
INFO: [ app_init ] --END-- [ RunTime:0.001000s ]
ERR: 无法加载模块:Public

[ 2016-05-25T09:37:15+08:00 ] ::1 /thinkphp_3.2.3_core_extend/Public/dokuwiki/Public/dokuwiki/lib/images/toolbar/hminus.png
INFO: [ app_init ] --START--
INFO: Run Behavior\BuildLiteBehavior [ RunTime:0.001000s ]
INFO: [ app_init ] --END-- [ RunTime:0.001000s ]
ERR: 无法加载模块:Public

[ 2016-05-25T09:37:15+08:00 ] ::1 /thinkphp_3.2.3_core_extend/Public/dokuwiki/Public/dokuwiki/lib/images/toolbar/hplus.png
INFO: [ app_init ] --START--
INFO: Run Behavior\BuildLiteBehavior [ RunTime:0.000000s ]
INFO: [ app_init ] --END-- [ RunTime:0.001000s ]
ERR: 无法加载模块:Public

[ 2016-05-25T09:37:15+08:00 ] ::1 /thinkphp_3.2.3_core_extend/Public/dokuwiki/Public/dokuwiki/lib/images/toolbar/h1.png
INFO: [ app_init ] --START--
INFO: Run Behavior\BuildLiteBehavior [ RunTime:0.000000s ]
INFO: [ app_init ] --END-- [ RunTime:0.000000s ]
ERR: 无法加载模块:Public

[ 2016-05-25T09:37:15+08:00 ] ::1 /thinkphp_3.2.3_core_extend/Public/dokuwiki/Public/dokuwiki/lib/images/toolbar/h2.png
INFO: [ app_init ] --START--
INFO: Run Behavior\BuildLiteBehavior [ RunTime:0.000000s ]
INFO: [ app_init ] --END-- [ RunTime:0.000000s ]
ERR: 无法加载模块:Public

[ 2016-05-25T09:37:15+08:00 ] ::1 /thinkphp_3.2.3_core_extend/Public/dokuwiki/Public/dokuwiki/lib/images/toolbar/h3.png
INFO: [ app_init ] --START--
INFO: Run Behavior\BuildLiteBehavior [ RunTime:0.000000s ]
INFO: [ app_init ] --END-- [ RunTime:0.000000s ]
ERR: 无法加载模块:Public

[ 2016-05-25T09:37:15+08:00 ] ::1 /thinkphp_3.2.3_core_extend/Public/dokuwiki/Public/dokuwiki/lib/images/toolbar/h4.png
INFO: [ app_init ] --START--
INFO: Run Behavior\BuildLiteBehavior [ RunTime:0.000000s ]
INFO: [ app_init ] --END-- [ RunTime:0.000000s ]
ERR: 无法加载模块:Public

[ 2016-05-25T09:37:15+08:00 ] ::1 /thinkphp_3.2.3_core_extend/Public/dokuwiki/Public/dokuwiki/lib/images/toolbar/ol.png
INFO: [ app_init ] --START--
INFO: Run Behavior\BuildLiteBehavior [ RunTime:0.000000s ]
INFO: [ app_init ] --END-- [ RunTime:0.001000s ]
ERR: 无法加载模块:Public

[ 2016-05-25T09:37:15+08:00 ] ::1 /thinkphp_3.2.3_core_extend/Public/dokuwiki/Public/dokuwiki/lib/images/toolbar/h.png
INFO: [ app_init ] --START--
INFO: Run Behavior\BuildLiteBehavior [ RunTime:0.000000s ]
INFO: [ app_init ] --END-- [ RunTime:0.000000s ]
ERR: 无法加载模块:Public

[ 2016-05-25T09:37:15+08:00 ] ::1 /thinkphp_3.2.3_core_extend/Public/dokuwiki/Public/dokuwiki/lib/images/toolbar/smiley.png
INFO: [ app_init ] --START--
INFO: Run Behavior\BuildLiteBehavior [ RunTime:0.000000s ]
INFO: [ app_init ] --END-- [ RunTime:0.001000s ]
ERR: 无法加载模块:Public

[ 2016-05-25T09:37:15+08:00 ] ::1 /thinkphp_3.2.3_core_extend/Public/dokuwiki/Public/dokuwiki/lib/images/toolbar/linkextern.png
INFO: [ app_init ] --START--
INFO: Run Behavior\BuildLiteBehavior [ RunTime:0.000000s ]
INFO: [ app_init ] --END-- [ RunTime:0.000000s ]
ERR: 无法加载模块:Public

[ 2016-05-25T09:37:15+08:00 ] ::1 /thinkphp_3.2.3_core_extend/Public/dokuwiki/Public/dokuwiki/lib/images/toolbar/hr.png
INFO: [ app_init ] --START--
INFO: Run Behavior\BuildLiteBehavior [ RunTime:0.000000s ]
INFO: [ app_init ] --END-- [ RunTime:0.000000s ]
ERR: 无法加载模块:Public

[ 2016-05-25T09:37:15+08:00 ] ::1 /thinkphp_3.2.3_core_extend/Public/dokuwiki/Public/dokuwiki/lib/images/toolbar/link.png
INFO: [ app_init ] --START--
INFO: Run Behavior\BuildLiteBehavior [ RunTime:0.000000s ]
INFO: [ app_init ] --END-- [ RunTime:0.000000s ]
ERR: 无法加载模块:Public

[ 2016-05-25T09:37:15+08:00 ] ::1 /thinkphp_3.2.3_core_extend/Public/dokuwiki/Public/dokuwiki/lib/images/toolbar/ul.png
INFO: [ app_init ] --START--
INFO: Run Behavior\BuildLiteBehavior [ RunTime:0.000000s ]
INFO: [ app_init ] --END-- [ RunTime:0.000000s ]
ERR: 无法加载模块:Public

[ 2016-05-25T09:37:15+08:00 ] ::1 /thinkphp_3.2.3_core_extend/Public/dokuwiki/Public/dokuwiki/lib/images/toolbar/chars.png
INFO: [ app_init ] --START--
INFO: Run Behavior\BuildLiteBehavior [ RunTime:0.000000s ]
INFO: [ app_init ] --END-- [ RunTime:0.000000s ]
ERR: 无法加载模块:Public

[ 2016-05-25T09:37:15+08:00 ] ::1 /thinkphp_3.2.3_core_extend/Public/dokuwiki/Public/dokuwiki/lib/images/toolbar/image.png
INFO: [ app_init ] --START--
INFO: Run Behavior\BuildLiteBehavior [ RunTime:0.000000s ]
INFO: [ app_init ] --END-- [ RunTime:0.000000s ]
ERR: 无法加载模块:Public

[ 2016-05-25T09:37:15+08:00 ] ::1 /thinkphp_3.2.3_core_extend/Public/dokuwiki/Public/dokuwiki/lib/images/toolbar/h5.png
INFO: [ app_init ] --START--
INFO: Run Behavior\BuildLiteBehavior [ RunTime:0.000000s ]
INFO: [ app_init ] --END-- [ RunTime:0.000000s ]
ERR: 无法加载模块:Public

[ 2016-05-25T09:37:15+08:00 ] ::1 /thinkphp_3.2.3_core_extend/Public/dokuwiki/Public/dokuwiki/lib/images/smileys/icon_cool.gif
INFO: [ app_init ] --START--
INFO: Run Behavior\BuildLiteBehavior [ RunTime:0.000000s ]
INFO: [ app_init ] --END-- [ RunTime:0.000000s ]
ERR: 无法加载模块:Public

[ 2016-05-25T09:37:15+08:00 ] ::1 /thinkphp_3.2.3_core_extend/Public/dokuwiki/Public/dokuwiki/lib/images/smileys/icon_eek.gif
INFO: [ app_init ] --START--
INFO: Run Behavior\BuildLiteBehavior [ RunTime:0.000000s ]
INFO: [ app_init ] --END-- [ RunTime:0.000000s ]
ERR: 无法加载模块:Public

[ 2016-05-25T09:37:15+08:00 ] ::1 /thinkphp_3.2.3_core_extend/Public/dokuwiki/Public/dokuwiki/lib/images/smileys/icon_sad.gif
INFO: [ app_init ] --START--
INFO: Run Behavior\BuildLiteBehavior [ RunTime:0.000000s ]
INFO: [ app_init ] --END-- [ RunTime:0.000000s ]
ERR: 无法加载模块:Public

[ 2016-05-25T09:37:15+08:00 ] ::1 /thinkphp_3.2.3_core_extend/Public/dokuwiki/Public/dokuwiki/lib/images/smileys/icon_smile.gif
INFO: [ app_init ] --START--
INFO: Run Behavior\BuildLiteBehavior [ RunTime:0.000000s ]
INFO: [ app_init ] --END-- [ RunTime:0.000000s ]
ERR: 无法加载模块:Public

[ 2016-05-25T09:37:15+08:00 ] ::1 /thinkphp_3.2.3_core_extend/Public/dokuwiki/Public/dokuwiki/lib/images/smileys/icon_smile2.gif
INFO: [ app_init ] --START--
INFO: Run Behavior\BuildLiteBehavior [ RunTime:0.000000s ]
INFO: [ app_init ] --END-- [ RunTime:0.001000s ]
ERR: 无法加载模块:Public

[ 2016-05-25T09:37:15+08:00 ] ::1 /thinkphp_3.2.3_core_extend/Public/dokuwiki/Public/dokuwiki/lib/images/smileys/icon_doubt.gif
INFO: [ app_init ] --START--
INFO: Run Behavior\BuildLiteBehavior [ RunTime:0.000000s ]
INFO: [ app_init ] --END-- [ RunTime:0.000000s ]
ERR: 无法加载模块:Public

[ 2016-05-25T09:37:15+08:00 ] ::1 /thinkphp_3.2.3_core_extend/Public/dokuwiki/Public/dokuwiki/lib/images/smileys/icon_doubt2.gif
INFO: [ app_init ] --START--
INFO: Run Behavior\BuildLiteBehavior [ RunTime:0.000000s ]
INFO: [ app_init ] --END-- [ RunTime:0.001000s ]
ERR: 无法加载模块:Public

[ 2016-05-25T09:37:15+08:00 ] ::1 /thinkphp_3.2.3_core_extend/Public/dokuwiki/Public/dokuwiki/lib/images/smileys/icon_confused.gif
INFO: [ app_init ] --START--
INFO: Run Behavior\BuildLiteBehavior [ RunTime:0.000000s ]
INFO: [ app_init ] --END-- [ RunTime:0.000000s ]
ERR: 无法加载模块:Public

[ 2016-05-25T09:37:15+08:00 ] ::1 /thinkphp_3.2.3_core_extend/Public/dokuwiki/Public/dokuwiki/lib/images/smileys/icon_biggrin.gif
INFO: [ app_init ] --START--
INFO: Run Behavior\BuildLiteBehavior [ RunTime:0.000000s ]
INFO: [ app_init ] --END-- [ RunTime:0.000000s ]
ERR: 无法加载模块:Public

[ 2016-05-25T09:37:15+08:00 ] ::1 /thinkphp_3.2.3_core_extend/Public/dokuwiki/Public/dokuwiki/lib/images/smileys/icon_razz.gif
INFO: [ app_init ] --START--
INFO: Run Behavior\BuildLiteBehavior [ RunTime:0.000000s ]
INFO: [ app_init ] --END-- [ RunTime:0.001001s ]
ERR: 无法加载模块:Public

[ 2016-05-25T09:37:15+08:00 ] ::1 /thinkphp_3.2.3_core_extend/Public/dokuwiki/Public/dokuwiki/lib/images/smileys/icon_surprised.gif
INFO: [ app_init ] --START--
INFO: Run Behavior\BuildLiteBehavior [ RunTime:0.000000s ]
INFO: [ app_init ] --END-- [ RunTime:0.000000s ]
ERR: 无法加载模块:Public

[ 2016-05-25T09:37:15+08:00 ] ::1 /thinkphp_3.2.3_core_extend/Public/dokuwiki/Public/dokuwiki/lib/images/smileys/icon_silenced.gif
INFO: [ app_init ] --START--
INFO: Run Behavior\BuildLiteBehavior [ RunTime:0.000000s ]
INFO: [ app_init ] --END-- [ RunTime:0.000000s ]
ERR: 无法加载模块:Public

[ 2016-05-25T09:37:15+08:00 ] ::1 /thinkphp_3.2.3_core_extend/Public/dokuwiki/Public/dokuwiki/lib/images/smileys/icon_neutral.gif
INFO: [ app_init ] --START--
INFO: Run Behavior\BuildLiteBehavior [ RunTime:0.001000s ]
INFO: [ app_init ] --END-- [ RunTime:0.001000s ]
ERR: 无法加载模块:Public

[ 2016-05-25T09:37:15+08:00 ] ::1 /thinkphp_3.2.3_core_extend/Public/dokuwiki/Public/dokuwiki/lib/images/smileys/icon_wink.gif
INFO: [ app_init ] --START--
INFO: Run Behavior\BuildLiteBehavior [ RunTime:0.000000s ]
INFO: [ app_init ] --END-- [ RunTime:0.000000s ]
ERR: 无法加载模块:Public

[ 2016-05-25T09:37:15+08:00 ] ::1 /thinkphp_3.2.3_core_extend/Public/dokuwiki/Public/dokuwiki/lib/images/smileys/icon_fun.gif
INFO: [ app_init ] --START--
INFO: Run Behavior\BuildLiteBehavior [ RunTime:0.000000s ]
INFO: [ app_init ] --END-- [ RunTime:0.000000s ]
ERR: 无法加载模块:Public

[ 2016-05-25T09:37:15+08:00 ] ::1 /thinkphp_3.2.3_core_extend/Public/dokuwiki/Public/dokuwiki/lib/images/smileys/facepalm.gif
INFO: [ app_init ] --START--
INFO: Run Behavior\BuildLiteBehavior [ RunTime:0.000000s ]
INFO: [ app_init ] --END-- [ RunTime:0.000000s ]
ERR: 无法加载模块:Public

[ 2016-05-25T09:37:15+08:00 ] ::1 /thinkphp_3.2.3_core_extend/Public/dokuwiki/Public/dokuwiki/lib/images/smileys/icon_question.gif
INFO: [ app_init ] --START--
INFO: Run Behavior\BuildLiteBehavior [ RunTime:0.000000s ]
INFO: [ app_init ] --END-- [ RunTime:0.000000s ]
ERR: 无法加载模块:Public

[ 2016-05-25T09:37:15+08:00 ] ::1 /thinkphp_3.2.3_core_extend/Public/dokuwiki/Public/dokuwiki/lib/images/smileys/icon_exclaim.gif
INFO: [ app_init ] --START--
INFO: Run Behavior\BuildLiteBehavior [ RunTime:0.000000s ]
INFO: [ app_init ] --END-- [ RunTime:0.000000s ]
ERR: 无法加载模块:Public

[ 2016-05-25T09:37:15+08:00 ] ::1 /thinkphp_3.2.3_core_extend/Public/dokuwiki/Public/dokuwiki/lib/images/smileys/icon_lol.gif
INFO: [ app_init ] --START--
INFO: Run Behavior\BuildLiteBehavior [ RunTime:0.000000s ]
INFO: [ app_init ] --END-- [ RunTime:0.001000s ]
ERR: 无法加载模块:Public

[ 2016-05-25T09:37:15+08:00 ] ::1 /thinkphp_3.2.3_core_extend/Public/dokuwiki/Public/dokuwiki/lib/images/smileys/fixme.gif
INFO: [ app_init ] --START--
INFO: Run Behavior\BuildLiteBehavior [ RunTime:0.000000s ]
INFO: [ app_init ] --END-- [ RunTime:0.001000s ]
ERR: 无法加载模块:Public

[ 2016-05-25T09:37:15+08:00 ] ::1 /thinkphp_3.2.3_core_extend/Public/dokuwiki/Public/dokuwiki/lib/images/smileys/delete.gif
INFO: [ app_init ] --START--
INFO: Run Behavior\BuildLiteBehavior [ RunTime:0.000000s ]
INFO: [ app_init ] --END-- [ RunTime:0.000000s ]
ERR: 无法加载模块:Public

[ 2016-05-25T09:37:15+08:00 ] ::1 /thinkphp_3.2.3_core_extend/Public/dokuwiki/Public/dokuwiki/lib/images/toolbar/sig.png
INFO: [ app_init ] --START--
INFO: Run Behavior\BuildLiteBehavior [ RunTime:0.000000s ]
INFO: [ app_init ] --END-- [ RunTime:0.000000s ]
ERR: 无法加载模块:Public

[ 2016-05-25T09:37:15+08:00 ] ::1 /thinkphp_3.2.3_core_extend/Public/dokuwiki/Public/dokuwiki/lib/images/larger.gif
INFO: [ app_init ] --START--
INFO: Run Behavior\BuildLiteBehavior [ RunTime:0.000000s ]
INFO: [ app_init ] --END-- [ RunTime:0.000000s ]
ERR: 无法加载模块:Public

[ 2016-05-25T09:37:15+08:00 ] ::1 /thinkphp_3.2.3_core_extend/Public/dokuwiki/Public/dokuwiki/lib/images/smaller.gif
INFO: [ app_init ] --START--
INFO: Run Behavior\BuildLiteBehavior [ RunTime:0.000000s ]
INFO: [ app_init ] --END-- [ RunTime:0.001000s ]
ERR: 无法加载模块:Public

[ 2016-05-25T09:37:15+08:00 ] ::1 /thinkphp_3.2.3_core_extend/Public/dokuwiki/Public/dokuwiki/lib/images/wrap.gif
INFO: [ app_init ] --START--
INFO: Run Behavior\BuildLiteBehavior [ RunTime:0.000000s ]
INFO: [ app_init ] --END-- [ RunTime:0.000000s ]
ERR: 无法加载模块:Public

[ 2016-05-25T09:41:34+08:00 ] ::1 /thinkphp_3.2.3_core_extend/Public/dokuwiki/Public/dokuwiki/lib/images/external-link.png
INFO: [ app_init ] --START--
INFO: Run Behavior\BuildLiteBehavior [ RunTime:0.000000s ]
INFO: [ app_init ] --END-- [ RunTime:0.000000s ]
ERR: 无法加载模块:Public

[ 2016-05-25T09:41:34+08:00 ] ::1 /thinkphp_3.2.3_core_extend/Public/dokuwiki/Public/dokuwiki/lib/tpl/dokuwiki/images/pagetools-sprite.png?v=2
INFO: [ app_init ] --START--
INFO: Run Behavior\BuildLiteBehavior [ RunTime:0.000000s ]
INFO: [ app_init ] --END-- [ RunTime:0.000000s ]
ERR: 无法加载模块:Public

[ 2016-05-25T09:41:34+08:00 ] ::1 /thinkphp_3.2.3_core_extend/Public/dokuwiki/Public/dokuwiki/lib/scripts/jquery/jquery-ui-theme/images/ui-bg_flat_75_ffffff_40x100.png
INFO: [ app_init ] --START--
INFO: Run Behavior\BuildLiteBehavior [ RunTime:0.000000s ]
INFO: [ app_init ] --END-- [ RunTime:0.000000s ]
ERR: 无法加载模块:Public

[ 2016-05-25T09:41:34+08:00 ] ::1 /thinkphp_3.2.3_core_extend/Public/dokuwiki/Public/dokuwiki/lib/images/toolbar/bold.png
INFO: [ app_init ] --START--
INFO: Run Behavior\BuildLiteBehavior [ RunTime:0.000000s ]
INFO: [ app_init ] --END-- [ RunTime:0.000000s ]
ERR: 无法加载模块:Public

[ 2016-05-25T09:41:34+08:00 ] ::1 /thinkphp_3.2.3_core_extend/Public/dokuwiki/Public/dokuwiki/lib/images/toolbar/italic.png
INFO: [ app_init ] --START--
INFO: Run Behavior\BuildLiteBehavior [ RunTime:0.000000s ]
INFO: [ app_init ] --END-- [ RunTime:0.000000s ]
ERR: 无法加载模块:Public

[ 2016-05-25T09:41:34+08:00 ] ::1 /thinkphp_3.2.3_core_extend/Public/dokuwiki/Public/dokuwiki/lib/images/toolbar/underline.png
INFO: [ app_init ] --START--
INFO: Run Behavior\BuildLiteBehavior [ RunTime:0.000000s ]
INFO: [ app_init ] --END-- [ RunTime:0.000000s ]
ERR: 无法加载模块:Public

[ 2016-05-25T09:41:34+08:00 ] ::1 /thinkphp_3.2.3_core_extend/Public/dokuwiki/Public/dokuwiki/lib/images/toolbar/mono.png
INFO: [ app_init ] --START--
INFO: Run Behavior\BuildLiteBehavior [ RunTime:0.000000s ]
INFO: [ app_init ] --END-- [ RunTime:0.000000s ]
ERR: 无法加载模块:Public

[ 2016-05-25T09:41:34+08:00 ] ::1 /thinkphp_3.2.3_core_extend/Public/dokuwiki/Public/dokuwiki/lib/images/toolbar/strike.png
INFO: [ app_init ] --START--
INFO: Run Behavior\BuildLiteBehavior [ RunTime:0.000000s ]
INFO: [ app_init ] --END-- [ RunTime:0.001000s ]
ERR: 无法加载模块:Public

[ 2016-05-25T09:41:34+08:00 ] ::1 /thinkphp_3.2.3_core_extend/Public/dokuwiki/Public/dokuwiki/lib/images/toolbar/hequal.png
INFO: [ app_init ] --START--
INFO: Run Behavior\BuildLiteBehavior [ RunTime:0.000000s ]
INFO: [ app_init ] --END-- [ RunTime:0.000000s ]
ERR: 无法加载模块:Public

[ 2016-05-25T09:41:34+08:00 ] ::1 /thinkphp_3.2.3_core_extend/Public/dokuwiki/Public/dokuwiki/lib/images/toolbar/hminus.png
INFO: [ app_init ] --START--
INFO: Run Behavior\BuildLiteBehavior [ RunTime:0.000000s ]
INFO: [ app_init ] --END-- [ RunTime:0.000000s ]
ERR: 无法加载模块:Public

[ 2016-05-25T09:41:34+08:00 ] ::1 /thinkphp_3.2.3_core_extend/Public/dokuwiki/Public/dokuwiki/lib/images/toolbar/hplus.png
INFO: [ app_init ] --START--
INFO: Run Behavior\BuildLiteBehavior [ RunTime:0.000000s ]
INFO: [ app_init ] --END-- [ RunTime:0.001000s ]
ERR: 无法加载模块:Public

[ 2016-05-25T09:41:34+08:00 ] ::1 /thinkphp_3.2.3_core_extend/Public/dokuwiki/Public/dokuwiki/lib/images/toolbar/ol.png
INFO: [ app_init ] --START--
INFO: Run Behavior\BuildLiteBehavior [ RunTime:0.000000s ]
INFO: [ app_init ] --END-- [ RunTime:0.000000s ]
ERR: 无法加载模块:Public

[ 2016-05-25T09:41:34+08:00 ] ::1 /thinkphp_3.2.3_core_extend/Public/dokuwiki/Public/dokuwiki/lib/images/toolbar/h.png
INFO: [ app_init ] --START--
INFO: Run Behavior\BuildLiteBehavior [ RunTime:0.000000s ]
INFO: [ app_init ] --END-- [ RunTime:0.000000s ]
ERR: 无法加载模块:Public

[ 2016-05-25T09:41:34+08:00 ] ::1 /thinkphp_3.2.3_core_extend/Public/dokuwiki/Public/dokuwiki/lib/images/toolbar/smiley.png
INFO: [ app_init ] --START--
INFO: Run Behavior\BuildLiteBehavior [ RunTime:0.000000s ]
INFO: [ app_init ] --END-- [ RunTime:0.000000s ]
ERR: 无法加载模块:Public

[ 2016-05-25T09:41:34+08:00 ] ::1 /thinkphp_3.2.3_core_extend/Public/dokuwiki/Public/dokuwiki/lib/images/toolbar/linkextern.png
INFO: [ app_init ] --START--
INFO: Run Behavior\BuildLiteBehavior [ RunTime:0.000000s ]
INFO: [ app_init ] --END-- [ RunTime:0.000000s ]
ERR: 无法加载模块:Public

[ 2016-05-25T09:41:34+08:00 ] ::1 /thinkphp_3.2.3_core_extend/Public/dokuwiki/Public/dokuwiki/lib/images/toolbar/hr.png
INFO: [ app_init ] --START--
INFO: Run Behavior\BuildLiteBehavior [ RunTime:0.000000s ]
INFO: [ app_init ] --END-- [ RunTime:0.000000s ]
ERR: 无法加载模块:Public

[ 2016-05-25T09:41:34+08:00 ] ::1 /thinkphp_3.2.3_core_extend/Public/dokuwiki/Public/dokuwiki/lib/images/toolbar/link.png
INFO: [ app_init ] --START--
INFO: Run Behavior\BuildLiteBehavior [ RunTime:0.000000s ]
INFO: [ app_init ] --END-- [ RunTime:0.000000s ]
ERR: 无法加载模块:Public

[ 2016-05-25T09:41:34+08:00 ] ::1 /thinkphp_3.2.3_core_extend/Public/dokuwiki/Public/dokuwiki/lib/images/toolbar/ul.png
INFO: [ app_init ] --START--
INFO: Run Behavior\BuildLiteBehavior [ RunTime:0.000000s ]
INFO: [ app_init ] --END-- [ RunTime:0.000000s ]
ERR: 无法加载模块:Public

[ 2016-05-25T09:41:34+08:00 ] ::1 /thinkphp_3.2.3_core_extend/Public/dokuwiki/Public/dokuwiki/lib/images/toolbar/chars.png
INFO: [ app_init ] --START--
INFO: Run Behavior\BuildLiteBehavior [ RunTime:0.000000s ]
INFO: [ app_init ] --END-- [ RunTime:0.001000s ]
ERR: 无法加载模块:Public

[ 2016-05-25T09:41:34+08:00 ] ::1 /thinkphp_3.2.3_core_extend/Public/dokuwiki/Public/dokuwiki/lib/images/toolbar/image.png
INFO: [ app_init ] --START--
INFO: Run Behavior\BuildLiteBehavior [ RunTime:0.000000s ]
INFO: [ app_init ] --END-- [ RunTime:0.000000s ]
ERR: 无法加载模块:Public

[ 2016-05-25T09:41:34+08:00 ] ::1 /thinkphp_3.2.3_core_extend/Public/dokuwiki/Public/dokuwiki/lib/images/toolbar/h1.png
INFO: [ app_init ] --START--
INFO: Run Behavior\BuildLiteBehavior [ RunTime:0.000000s ]
INFO: [ app_init ] --END-- [ RunTime:0.001000s ]
ERR: 无法加载模块:Public

[ 2016-05-25T09:41:34+08:00 ] ::1 /thinkphp_3.2.3_core_extend/Public/dokuwiki/Public/dokuwiki/lib/images/toolbar/h2.png
INFO: [ app_init ] --START--
INFO: Run Behavior\BuildLiteBehavior [ RunTime:0.000000s ]
INFO: [ app_init ] --END-- [ RunTime:0.000000s ]
ERR: 无法加载模块:Public

[ 2016-05-25T09:41:34+08:00 ] ::1 /thinkphp_3.2.3_core_extend/Public/dokuwiki/Public/dokuwiki/lib/images/toolbar/h3.png
INFO: [ app_init ] --START--
INFO: Run Behavior\BuildLiteBehavior [ RunTime:0.000000s ]
INFO: [ app_init ] --END-- [ RunTime:0.001000s ]
ERR: 无法加载模块:Public

[ 2016-05-25T09:41:34+08:00 ] ::1 /thinkphp_3.2.3_core_extend/Public/dokuwiki/Public/dokuwiki/lib/images/toolbar/h4.png
INFO: [ app_init ] --START--
INFO: Run Behavior\BuildLiteBehavior [ RunTime:0.000000s ]
INFO: [ app_init ] --END-- [ RunTime:0.000000s ]
ERR: 无法加载模块:Public

[ 2016-05-25T09:41:34+08:00 ] ::1 /thinkphp_3.2.3_core_extend/Public/dokuwiki/Public/dokuwiki/lib/images/toolbar/h5.png
INFO: [ app_init ] --START--
INFO: Run Behavior\BuildLiteBehavior [ RunTime:0.000000s ]
INFO: [ app_init ] --END-- [ RunTime:0.000000s ]
ERR: 无法加载模块:Public

[ 2016-05-25T09:41:34+08:00 ] ::1 /thinkphp_3.2.3_core_extend/Public/dokuwiki/Public/dokuwiki/lib/images/smileys/icon_cool.gif
INFO: [ app_init ] --START--
INFO: Run Behavior\BuildLiteBehavior [ RunTime:0.000000s ]
INFO: [ app_init ] --END-- [ RunTime:0.001000s ]
ERR: 无法加载模块:Public

[ 2016-05-25T09:41:34+08:00 ] ::1 /thinkphp_3.2.3_core_extend/Public/dokuwiki/Public/dokuwiki/lib/images/smileys/icon_eek.gif
INFO: [ app_init ] --START--
INFO: Run Behavior\BuildLiteBehavior [ RunTime:0.000000s ]
INFO: [ app_init ] --END-- [ RunTime:0.001000s ]
ERR: 无法加载模块:Public

[ 2016-05-25T09:41:34+08:00 ] ::1 /thinkphp_3.2.3_core_extend/Public/dokuwiki/Public/dokuwiki/lib/images/smileys/icon_sad.gif
INFO: [ app_init ] --START--
INFO: Run Behavior\BuildLiteBehavior [ RunTime:0.000000s ]
INFO: [ app_init ] --END-- [ RunTime:0.000000s ]
ERR: 无法加载模块:Public

[ 2016-05-25T09:41:34+08:00 ] ::1 /thinkphp_3.2.3_core_extend/Public/dokuwiki/Public/dokuwiki/lib/images/smileys/icon_smile.gif
INFO: [ app_init ] --START--
INFO: Run Behavior\BuildLiteBehavior [ RunTime:0.000000s ]
INFO: [ app_init ] --END-- [ RunTime:0.000000s ]
ERR: 无法加载模块:Public

[ 2016-05-25T09:41:34+08:00 ] ::1 /thinkphp_3.2.3_core_extend/Public/dokuwiki/Public/dokuwiki/lib/images/smileys/icon_smile2.gif
INFO: [ app_init ] --START--
INFO: Run Behavior\BuildLiteBehavior [ RunTime:0.000000s ]
INFO: [ app_init ] --END-- [ RunTime:0.000000s ]
ERR: 无法加载模块:Public

[ 2016-05-25T09:41:34+08:00 ] ::1 /thinkphp_3.2.3_core_extend/Public/dokuwiki/Public/dokuwiki/lib/images/smileys/icon_doubt.gif
INFO: [ app_init ] --START--
INFO: Run Behavior\BuildLiteBehavior [ RunTime:0.000000s ]
INFO: [ app_init ] --END-- [ RunTime:0.000000s ]
ERR: 无法加载模块:Public

[ 2016-05-25T09:41:34+08:00 ] ::1 /thinkphp_3.2.3_core_extend/Public/dokuwiki/Public/dokuwiki/lib/images/smileys/icon_doubt2.gif
INFO: [ app_init ] --START--
INFO: Run Behavior\BuildLiteBehavior [ RunTime:0.000000s ]
INFO: [ app_init ] --END-- [ RunTime:0.001000s ]
ERR: 无法加载模块:Public

[ 2016-05-25T09:41:34+08:00 ] ::1 /thinkphp_3.2.3_core_extend/Public/dokuwiki/Public/dokuwiki/lib/images/smileys/icon_confused.gif
INFO: [ app_init ] --START--
INFO: Run Behavior\BuildLiteBehavior [ RunTime:0.000000s ]
INFO: [ app_init ] --END-- [ RunTime:0.000000s ]
ERR: 无法加载模块:Public

[ 2016-05-25T09:41:34+08:00 ] ::1 /thinkphp_3.2.3_core_extend/Public/dokuwiki/Public/dokuwiki/lib/images/smileys/icon_biggrin.gif
INFO: [ app_init ] --START--
INFO: Run Behavior\BuildLiteBehavior [ RunTime:0.000000s ]
INFO: [ app_init ] --END-- [ RunTime:0.000000s ]
ERR: 无法加载模块:Public

[ 2016-05-25T09:41:34+08:00 ] ::1 /thinkphp_3.2.3_core_extend/Public/dokuwiki/Public/dokuwiki/lib/images/smileys/icon_razz.gif
INFO: [ app_init ] --START--
INFO: Run Behavior\BuildLiteBehavior [ RunTime:0.000000s ]
INFO: [ app_init ] --END-- [ RunTime:0.000000s ]
ERR: 无法加载模块:Public

[ 2016-05-25T09:41:34+08:00 ] ::1 /thinkphp_3.2.3_core_extend/Public/dokuwiki/Public/dokuwiki/lib/images/smileys/icon_surprised.gif
INFO: [ app_init ] --START--
INFO: Run Behavior\BuildLiteBehavior [ RunTime:0.000000s ]
INFO: [ app_init ] --END-- [ RunTime:0.001000s ]
ERR: 无法加载模块:Public

[ 2016-05-25T09:41:34+08:00 ] ::1 /thinkphp_3.2.3_core_extend/Public/dokuwiki/Public/dokuwiki/lib/images/smileys/icon_silenced.gif
INFO: [ app_init ] --START--
INFO: Run Behavior\BuildLiteBehavior [ RunTime:0.000000s ]
INFO: [ app_init ] --END-- [ RunTime:0.001000s ]
ERR: 无法加载模块:Public

[ 2016-05-25T09:41:34+08:00 ] ::1 /thinkphp_3.2.3_core_extend/Public/dokuwiki/Public/dokuwiki/lib/images/smileys/icon_neutral.gif
INFO: [ app_init ] --START--
INFO: Run Behavior\BuildLiteBehavior [ RunTime:0.000000s ]
INFO: [ app_init ] --END-- [ RunTime:0.000000s ]
ERR: 无法加载模块:Public

[ 2016-05-25T09:41:34+08:00 ] ::1 /thinkphp_3.2.3_core_extend/Public/dokuwiki/Public/dokuwiki/lib/images/smileys/icon_wink.gif
INFO: [ app_init ] --START--
INFO: Run Behavior\BuildLiteBehavior [ RunTime:0.000000s ]
INFO: [ app_init ] --END-- [ RunTime:0.000000s ]
ERR: 无法加载模块:Public

[ 2016-05-25T09:41:34+08:00 ] ::1 /thinkphp_3.2.3_core_extend/Public/dokuwiki/Public/dokuwiki/lib/images/smileys/facepalm.gif
INFO: [ app_init ] --START--
INFO: Run Behavior\BuildLiteBehavior [ RunTime:0.000000s ]
INFO: [ app_init ] --END-- [ RunTime:0.000000s ]
ERR: 无法加载模块:Public

[ 2016-05-25T09:41:34+08:00 ] ::1 /thinkphp_3.2.3_core_extend/Public/dokuwiki/Public/dokuwiki/lib/images/smileys/icon_fun.gif
INFO: [ app_init ] --START--
INFO: Run Behavior\BuildLiteBehavior [ RunTime:0.000000s ]
INFO: [ app_init ] --END-- [ RunTime:0.000000s ]
ERR: 无法加载模块:Public

[ 2016-05-25T09:41:35+08:00 ] ::1 /thinkphp_3.2.3_core_extend/Public/dokuwiki/Public/dokuwiki/lib/images/smileys/icon_question.gif
INFO: [ app_init ] --START--
INFO: Run Behavior\BuildLiteBehavior [ RunTime:0.000000s ]
INFO: [ app_init ] --END-- [ RunTime:0.000000s ]
ERR: 无法加载模块:Public

[ 2016-05-25T09:41:35+08:00 ] ::1 /thinkphp_3.2.3_core_extend/Public/dokuwiki/Public/dokuwiki/lib/images/smileys/icon_exclaim.gif
INFO: [ app_init ] --START--
INFO: Run Behavior\BuildLiteBehavior [ RunTime:0.000000s ]
INFO: [ app_init ] --END-- [ RunTime:0.000000s ]
ERR: 无法加载模块:Public

[ 2016-05-25T09:41:35+08:00 ] ::1 /thinkphp_3.2.3_core_extend/Public/dokuwiki/Public/dokuwiki/lib/images/smileys/icon_lol.gif
INFO: [ app_init ] --START--
INFO: Run Behavior\BuildLiteBehavior [ RunTime:0.000000s ]
INFO: [ app_init ] --END-- [ RunTime:0.000000s ]
ERR: 无法加载模块:Public

[ 2016-05-25T09:41:35+08:00 ] ::1 /thinkphp_3.2.3_core_extend/Public/dokuwiki/Public/dokuwiki/lib/images/smileys/fixme.gif
INFO: [ app_init ] --START--
INFO: Run Behavior\BuildLiteBehavior [ RunTime:0.000000s ]
INFO: [ app_init ] --END-- [ RunTime:0.000000s ]
ERR: 无法加载模块:Public

[ 2016-05-25T09:41:35+08:00 ] ::1 /thinkphp_3.2.3_core_extend/Public/dokuwiki/Public/dokuwiki/lib/images/smileys/delete.gif
INFO: [ app_init ] --START--
INFO: Run Behavior\BuildLiteBehavior [ RunTime:0.000000s ]
INFO: [ app_init ] --END-- [ RunTime:0.000000s ]
ERR: 无法加载模块:Public

[ 2016-05-25T09:41:35+08:00 ] ::1 /thinkphp_3.2.3_core_extend/Public/dokuwiki/Public/dokuwiki/lib/images/toolbar/sig.png
INFO: [ app_init ] --START--
INFO: Run Behavior\BuildLiteBehavior [ RunTime:0.000000s ]
INFO: [ app_init ] --END-- [ RunTime:0.000000s ]
ERR: 无法加载模块:Public

[ 2016-05-25T09:41:35+08:00 ] ::1 /thinkphp_3.2.3_core_extend/Public/dokuwiki/Public/dokuwiki/lib/images/larger.gif
INFO: [ app_init ] --START--
INFO: Run Behavior\BuildLiteBehavior [ RunTime:0.000000s ]
INFO: [ app_init ] --END-- [ RunTime:0.000000s ]
ERR: 无法加载模块:Public

[ 2016-05-25T09:41:35+08:00 ] ::1 /thinkphp_3.2.3_core_extend/Public/dokuwiki/Public/dokuwiki/lib/images/smaller.gif
INFO: [ app_init ] --START--
INFO: Run Behavior\BuildLiteBehavior [ RunTime:0.000000s ]
INFO: [ app_init ] --END-- [ RunTime:0.000000s ]
ERR: 无法加载模块:Public

[ 2016-05-25T09:41:35+08:00 ] ::1 /thinkphp_3.2.3_core_extend/Public/dokuwiki/Public/dokuwiki/lib/images/wrap.gif
INFO: [ app_init ] --START--
INFO: Run Behavior\BuildLiteBehavior [ RunTime:0.000000s ]
INFO: [ app_init ] --END-- [ RunTime:0.001000s ]
ERR: 无法加载模块:Public

[ 2016-05-25T09:42:10+08:00 ] ::1 /thinkphp_3.2.3_core_extend/Public/dokuwiki/Public/dokuwiki/lib/tpl/dokuwiki/images/page-gradient.png
INFO: [ app_init ] --START--
INFO: Run Behavior\BuildLiteBehavior [ RunTime:0.000000s ]
INFO: [ app_init ] --END-- [ RunTime:0.001000s ]
ERR: 无法加载模块:Public

[ 2016-05-25T09:42:10+08:00 ] ::1 /thinkphp_3.2.3_core_extend/Public/dokuwiki/Public/dokuwiki/lib/images/external-link.png
INFO: [ app_init ] --START--
INFO: Run Behavior\BuildLiteBehavior [ RunTime:0.000000s ]
INFO: [ app_init ] --END-- [ RunTime:0.000000s ]
ERR: 无法加载模块:Public

[ 2016-05-25T09:42:10+08:00 ] ::1 /thinkphp_3.2.3_core_extend/Public/dokuwiki/Public/dokuwiki/lib/tpl/dokuwiki/images/pagetools-sprite.png?v=2
INFO: [ app_init ] --START--
INFO: Run Behavior\BuildLiteBehavior [ RunTime:0.000000s ]
INFO: [ app_init ] --END-- [ RunTime:0.000000s ]
ERR: 无法加载模块:Public

[ 2016-05-25T09:42:11+08:00 ] ::1 /thinkphp_3.2.3_core_extend/Public/dokuwiki/Public/dokuwiki/lib/scripts/jquery/jquery-ui-theme/images/ui-bg_flat_75_ffffff_40x100.png
INFO: [ app_init ] --START--
INFO: Run Behavior\BuildLiteBehavior [ RunTime:0.000000s ]
INFO: [ app_init ] --END-- [ RunTime:0.000000s ]
ERR: 无法加载模块:Public

[ 2016-05-25T09:42:11+08:00 ] ::1 /thinkphp_3.2.3_core_extend/Public/dokuwiki/Public/dokuwiki/lib/images/toolbar/bold.png
INFO: [ app_init ] --START--
INFO: Run Behavior\BuildLiteBehavior [ RunTime:0.000000s ]
INFO: [ app_init ] --END-- [ RunTime:0.000000s ]
ERR: 无法加载模块:Public

[ 2016-05-25T09:42:11+08:00 ] ::1 /thinkphp_3.2.3_core_extend/Public/dokuwiki/Public/dokuwiki/lib/images/toolbar/italic.png
INFO: [ app_init ] --START--
INFO: Run Behavior\BuildLiteBehavior [ RunTime:0.000000s ]
INFO: [ app_init ] --END-- [ RunTime:0.000000s ]
ERR: 无法加载模块:Public

[ 2016-05-25T09:42:11+08:00 ] ::1 /thinkphp_3.2.3_core_extend/Public/dokuwiki/Public/dokuwiki/lib/images/toolbar/underline.png
INFO: [ app_init ] --START--
INFO: Run Behavior\BuildLiteBehavior [ RunTime:0.000000s ]
INFO: [ app_init ] --END-- [ RunTime:0.001000s ]
ERR: 无法加载模块:Public

[ 2016-05-25T09:42:11+08:00 ] ::1 /thinkphp_3.2.3_core_extend/Public/dokuwiki/Public/dokuwiki/lib/images/toolbar/mono.png
INFO: [ app_init ] --START--
INFO: Run Behavior\BuildLiteBehavior [ RunTime:0.000000s ]
INFO: [ app_init ] --END-- [ RunTime:0.001000s ]
ERR: 无法加载模块:Public

[ 2016-05-25T09:42:11+08:00 ] ::1 /thinkphp_3.2.3_core_extend/Public/dokuwiki/Public/dokuwiki/lib/images/toolbar/hequal.png
INFO: [ app_init ] --START--
INFO: Run Behavior\BuildLiteBehavior [ RunTime:0.000000s ]
INFO: [ app_init ] --END-- [ RunTime:0.000000s ]
ERR: 无法加载模块:Public

[ 2016-05-25T09:42:11+08:00 ] ::1 /thinkphp_3.2.3_core_extend/Public/dokuwiki/Public/dokuwiki/lib/images/toolbar/strike.png
INFO: [ app_init ] --START--
INFO: Run Behavior\BuildLiteBehavior [ RunTime:0.000000s ]
INFO: [ app_init ] --END-- [ RunTime:0.000000s ]
ERR: 无法加载模块:Public

[ 2016-05-25T09:42:11+08:00 ] ::1 /thinkphp_3.2.3_core_extend/Public/dokuwiki/Public/dokuwiki/lib/images/toolbar/hminus.png
INFO: [ app_init ] --START--
INFO: Run Behavior\BuildLiteBehavior [ RunTime:0.000000s ]
INFO: [ app_init ] --END-- [ RunTime:0.000000s ]
ERR: 无法加载模块:Public

[ 2016-05-25T09:42:11+08:00 ] ::1 /thinkphp_3.2.3_core_extend/Public/dokuwiki/Public/dokuwiki/lib/images/toolbar/ol.png
INFO: [ app_init ] --START--
INFO: Run Behavior\BuildLiteBehavior [ RunTime:0.000000s ]
INFO: [ app_init ] --END-- [ RunTime:0.001000s ]
ERR: 无法加载模块:Public

[ 2016-05-25T09:42:11+08:00 ] ::1 /thinkphp_3.2.3_core_extend/Public/dokuwiki/Public/dokuwiki/lib/images/toolbar/h.png
INFO: [ app_init ] --START--
INFO: Run Behavior\BuildLiteBehavior [ RunTime:0.000000s ]
INFO: [ app_init ] --END-- [ RunTime:0.001000s ]
ERR: 无法加载模块:Public

[ 2016-05-25T09:42:11+08:00 ] ::1 /thinkphp_3.2.3_core_extend/Public/dokuwiki/Public/dokuwiki/lib/images/toolbar/smiley.png
INFO: [ app_init ] --START--
INFO: Run Behavior\BuildLiteBehavior [ RunTime:0.000000s ]
INFO: [ app_init ] --END-- [ RunTime:0.001000s ]
ERR: 无法加载模块:Public

[ 2016-05-25T09:42:11+08:00 ] ::1 /thinkphp_3.2.3_core_extend/Public/dokuwiki/Public/dokuwiki/lib/images/toolbar/linkextern.png
INFO: [ app_init ] --START--
INFO: Run Behavior\BuildLiteBehavior [ RunTime:0.000000s ]
INFO: [ app_init ] --END-- [ RunTime:0.000000s ]
ERR: 无法加载模块:Public

[ 2016-05-25T09:42:11+08:00 ] ::1 /thinkphp_3.2.3_core_extend/Public/dokuwiki/Public/dokuwiki/lib/images/toolbar/hr.png
INFO: [ app_init ] --START--
INFO: Run Behavior\BuildLiteBehavior [ RunTime:0.000000s ]
INFO: [ app_init ] --END-- [ RunTime:0.001000s ]
ERR: 无法加载模块:Public

[ 2016-05-25T09:42:11+08:00 ] ::1 /thinkphp_3.2.3_core_extend/Public/dokuwiki/Public/dokuwiki/lib/images/toolbar/link.png
INFO: [ app_init ] --START--
INFO: Run Behavior\BuildLiteBehavior [ RunTime:0.000000s ]
INFO: [ app_init ] --END-- [ RunTime:0.000000s ]
ERR: 无法加载模块:Public

[ 2016-05-25T09:42:11+08:00 ] ::1 /thinkphp_3.2.3_core_extend/Public/dokuwiki/Public/dokuwiki/lib/images/toolbar/ul.png
INFO: [ app_init ] --START--
INFO: Run Behavior\BuildLiteBehavior [ RunTime:0.000000s ]
INFO: [ app_init ] --END-- [ RunTime:0.000000s ]
ERR: 无法加载模块:Public

[ 2016-05-25T09:42:11+08:00 ] ::1 /thinkphp_3.2.3_core_extend/Public/dokuwiki/Public/dokuwiki/lib/images/toolbar/chars.png
INFO: [ app_init ] --START--
INFO: Run Behavior\BuildLiteBehavior [ RunTime:0.000000s ]
INFO: [ app_init ] --END-- [ RunTime:0.000000s ]
ERR: 无法加载模块:Public

[ 2016-05-25T09:42:11+08:00 ] ::1 /thinkphp_3.2.3_core_extend/Public/dokuwiki/Public/dokuwiki/lib/images/toolbar/hplus.png
INFO: [ app_init ] --START--
INFO: Run Behavior\BuildLiteBehavior [ RunTime:0.000000s ]
INFO: [ app_init ] --END-- [ RunTime:0.001000s ]
ERR: 无法加载模块:Public

[ 2016-05-25T09:42:11+08:00 ] ::1 /thinkphp_3.2.3_core_extend/Public/dokuwiki/Public/dokuwiki/lib/images/toolbar/image.png
INFO: [ app_init ] --START--
INFO: Run Behavior\BuildLiteBehavior [ RunTime:0.000000s ]
INFO: [ app_init ] --END-- [ RunTime:0.001000s ]
ERR: 无法加载模块:Public

[ 2016-05-25T09:42:11+08:00 ] ::1 /thinkphp_3.2.3_core_extend/Public/dokuwiki/Public/dokuwiki/lib/images/toolbar/h1.png
INFO: [ app_init ] --START--
INFO: Run Behavior\BuildLiteBehavior [ RunTime:0.000000s ]
INFO: [ app_init ] --END-- [ RunTime:0.001000s ]
ERR: 无法加载模块:Public

[ 2016-05-25T09:42:11+08:00 ] ::1 /thinkphp_3.2.3_core_extend/Public/dokuwiki/Public/dokuwiki/lib/images/toolbar/h2.png
INFO: [ app_init ] --START--
INFO: Run Behavior\BuildLiteBehavior [ RunTime:0.000000s ]
INFO: [ app_init ] --END-- [ RunTime:0.000000s ]
ERR: 无法加载模块:Public

[ 2016-05-25T09:42:11+08:00 ] ::1 /thinkphp_3.2.3_core_extend/Public/dokuwiki/Public/dokuwiki/lib/images/toolbar/h3.png
INFO: [ app_init ] --START--
INFO: Run Behavior\BuildLiteBehavior [ RunTime:0.000000s ]
INFO: [ app_init ] --END-- [ RunTime:0.000000s ]
ERR: 无法加载模块:Public

[ 2016-05-25T09:42:11+08:00 ] ::1 /thinkphp_3.2.3_core_extend/Public/dokuwiki/Public/dokuwiki/lib/images/toolbar/h4.png
INFO: [ app_init ] --START--
INFO: Run Behavior\BuildLiteBehavior [ RunTime:0.000000s ]
INFO: [ app_init ] --END-- [ RunTime:0.000000s ]
ERR: 无法加载模块:Public

[ 2016-05-25T09:42:11+08:00 ] ::1 /thinkphp_3.2.3_core_extend/Public/dokuwiki/Public/dokuwiki/lib/images/toolbar/h5.png
INFO: [ app_init ] --START--
INFO: Run Behavior\BuildLiteBehavior [ RunTime:0.000000s ]
INFO: [ app_init ] --END-- [ RunTime:0.000000s ]
ERR: 无法加载模块:Public

[ 2016-05-25T09:42:11+08:00 ] ::1 /thinkphp_3.2.3_core_extend/Public/dokuwiki/Public/dokuwiki/lib/images/smileys/icon_cool.gif
INFO: [ app_init ] --START--
INFO: Run Behavior\BuildLiteBehavior [ RunTime:0.000000s ]
INFO: [ app_init ] --END-- [ RunTime:0.000000s ]
ERR: 无法加载模块:Public

[ 2016-05-25T09:42:11+08:00 ] ::1 /thinkphp_3.2.3_core_extend/Public/dokuwiki/Public/dokuwiki/lib/images/smileys/icon_eek.gif
INFO: [ app_init ] --START--
INFO: Run Behavior\BuildLiteBehavior [ RunTime:0.000000s ]
INFO: [ app_init ] --END-- [ RunTime:0.000000s ]
ERR: 无法加载模块:Public

[ 2016-05-25T09:42:11+08:00 ] ::1 /thinkphp_3.2.3_core_extend/Public/dokuwiki/Public/dokuwiki/lib/images/smileys/icon_sad.gif
INFO: [ app_init ] --START--
INFO: Run Behavior\BuildLiteBehavior [ RunTime:0.000000s ]
INFO: [ app_init ] --END-- [ RunTime:0.000000s ]
ERR: 无法加载模块:Public

[ 2016-05-25T09:42:11+08:00 ] ::1 /thinkphp_3.2.3_core_extend/Public/dokuwiki/Public/dokuwiki/lib/images/smileys/icon_smile.gif
INFO: [ app_init ] --START--
INFO: Run Behavior\BuildLiteBehavior [ RunTime:0.000000s ]
INFO: [ app_init ] --END-- [ RunTime:0.001000s ]
ERR: 无法加载模块:Public

[ 2016-05-25T09:42:11+08:00 ] ::1 /thinkphp_3.2.3_core_extend/Public/dokuwiki/Public/dokuwiki/lib/images/smileys/icon_smile2.gif
INFO: [ app_init ] --START--
INFO: Run Behavior\BuildLiteBehavior [ RunTime:0.000000s ]
INFO: [ app_init ] --END-- [ RunTime:0.000000s ]
ERR: 无法加载模块:Public

[ 2016-05-25T09:42:11+08:00 ] ::1 /thinkphp_3.2.3_core_extend/Public/dokuwiki/Public/dokuwiki/lib/images/smileys/icon_doubt.gif
INFO: [ app_init ] --START--
INFO: Run Behavior\BuildLiteBehavior [ RunTime:0.000000s ]
INFO: [ app_init ] --END-- [ RunTime:0.000000s ]
ERR: 无法加载模块:Public

[ 2016-05-25T09:42:11+08:00 ] ::1 /thinkphp_3.2.3_core_extend/Public/dokuwiki/Public/dokuwiki/lib/images/smileys/icon_doubt2.gif
INFO: [ app_init ] --START--
INFO: Run Behavior\BuildLiteBehavior [ RunTime:0.000000s ]
INFO: [ app_init ] --END-- [ RunTime:0.001001s ]
ERR: 无法加载模块:Public

[ 2016-05-25T09:42:11+08:00 ] ::1 /thinkphp_3.2.3_core_extend/Public/dokuwiki/Public/dokuwiki/lib/images/smileys/icon_confused.gif
INFO: [ app_init ] --START--
INFO: Run Behavior\BuildLiteBehavior [ RunTime:0.000000s ]
INFO: [ app_init ] --END-- [ RunTime:0.000000s ]
ERR: 无法加载模块:Public

[ 2016-05-25T09:42:11+08:00 ] ::1 /thinkphp_3.2.3_core_extend/Public/dokuwiki/Public/dokuwiki/lib/images/smileys/icon_biggrin.gif
INFO: [ app_init ] --START--
INFO: Run Behavior\BuildLiteBehavior [ RunTime:0.000000s ]
INFO: [ app_init ] --END-- [ RunTime:0.000000s ]
ERR: 无法加载模块:Public

[ 2016-05-25T09:42:11+08:00 ] ::1 /thinkphp_3.2.3_core_extend/Public/dokuwiki/Public/dokuwiki/lib/images/smileys/icon_razz.gif
INFO: [ app_init ] --START--
INFO: Run Behavior\BuildLiteBehavior [ RunTime:0.000000s ]
INFO: [ app_init ] --END-- [ RunTime:0.000000s ]
ERR: 无法加载模块:Public

[ 2016-05-25T09:42:11+08:00 ] ::1 /thinkphp_3.2.3_core_extend/Public/dokuwiki/Public/dokuwiki/lib/images/smileys/icon_surprised.gif
INFO: [ app_init ] --START--
INFO: Run Behavior\BuildLiteBehavior [ RunTime:0.000000s ]
INFO: [ app_init ] --END-- [ RunTime:0.000000s ]
ERR: 无法加载模块:Public

[ 2016-05-25T09:42:11+08:00 ] ::1 /thinkphp_3.2.3_core_extend/Public/dokuwiki/Public/dokuwiki/lib/images/smileys/icon_silenced.gif
INFO: [ app_init ] --START--
INFO: Run Behavior\BuildLiteBehavior [ RunTime:0.000000s ]
INFO: [ app_init ] --END-- [ RunTime:0.000000s ]
ERR: 无法加载模块:Public

[ 2016-05-25T09:42:11+08:00 ] ::1 /thinkphp_3.2.3_core_extend/Public/dokuwiki/Public/dokuwiki/lib/images/smileys/icon_neutral.gif
INFO: [ app_init ] --START--
INFO: Run Behavior\BuildLiteBehavior [ RunTime:0.000000s ]
INFO: [ app_init ] --END-- [ RunTime:0.000000s ]
ERR: 无法加载模块:Public

[ 2016-05-25T09:42:11+08:00 ] ::1 /thinkphp_3.2.3_core_extend/Public/dokuwiki/Public/dokuwiki/lib/images/smileys/icon_wink.gif
INFO: [ app_init ] --START--
INFO: Run Behavior\BuildLiteBehavior [ RunTime:0.000000s ]
INFO: [ app_init ] --END-- [ RunTime:0.000000s ]
ERR: 无法加载模块:Public

[ 2016-05-25T09:42:11+08:00 ] ::1 /thinkphp_3.2.3_core_extend/Public/dokuwiki/Public/dokuwiki/lib/images/smileys/facepalm.gif
INFO: [ app_init ] --START--
INFO: Run Behavior\BuildLiteBehavior [ RunTime:0.000000s ]
INFO: [ app_init ] --END-- [ RunTime:0.000000s ]
ERR: 无法加载模块:Public

[ 2016-05-25T09:42:11+08:00 ] ::1 /thinkphp_3.2.3_core_extend/Public/dokuwiki/Public/dokuwiki/lib/images/smileys/icon_fun.gif
INFO: [ app_init ] --START--
INFO: Run Behavior\BuildLiteBehavior [ RunTime:0.000000s ]
INFO: [ app_init ] --END-- [ RunTime:0.000000s ]
ERR: 无法加载模块:Public

[ 2016-05-25T09:42:11+08:00 ] ::1 /thinkphp_3.2.3_core_extend/Public/dokuwiki/Public/dokuwiki/lib/images/smileys/icon_question.gif
INFO: [ app_init ] --START--
INFO: Run Behavior\BuildLiteBehavior [ RunTime:0.000000s ]
INFO: [ app_init ] --END-- [ RunTime:0.000000s ]
ERR: 无法加载模块:Public

[ 2016-05-25T09:42:11+08:00 ] ::1 /thinkphp_3.2.3_core_extend/Public/dokuwiki/Public/dokuwiki/lib/images/smileys/icon_exclaim.gif
INFO: [ app_init ] --START--
INFO: Run Behavior\BuildLiteBehavior [ RunTime:0.000000s ]
INFO: [ app_init ] --END-- [ RunTime:0.000000s ]
ERR: 无法加载模块:Public

[ 2016-05-25T09:42:11+08:00 ] ::1 /thinkphp_3.2.3_core_extend/Public/dokuwiki/Public/dokuwiki/lib/images/smileys/icon_lol.gif
INFO: [ app_init ] --START--
INFO: Run Behavior\BuildLiteBehavior [ RunTime:0.000000s ]
INFO: [ app_init ] --END-- [ RunTime:0.000000s ]
ERR: 无法加载模块:Public

[ 2016-05-25T09:42:11+08:00 ] ::1 /thinkphp_3.2.3_core_extend/Public/dokuwiki/Public/dokuwiki/lib/images/smileys/fixme.gif
INFO: [ app_init ] --START--
INFO: Run Behavior\BuildLiteBehavior [ RunTime:0.000000s ]
INFO: [ app_init ] --END-- [ RunTime:0.000000s ]
ERR: 无法加载模块:Public

[ 2016-05-25T09:42:11+08:00 ] ::1 /thinkphp_3.2.3_core_extend/Public/dokuwiki/Public/dokuwiki/lib/images/smileys/delete.gif
INFO: [ app_init ] --START--
INFO: Run Behavior\BuildLiteBehavior [ RunTime:0.000000s ]
INFO: [ app_init ] --END-- [ RunTime:0.000000s ]
ERR: 无法加载模块:Public

[ 2016-05-25T09:42:11+08:00 ] ::1 /thinkphp_3.2.3_core_extend/Public/dokuwiki/Public/dokuwiki/lib/images/toolbar/sig.png
INFO: [ app_init ] --START--
INFO: Run Behavior\BuildLiteBehavior [ RunTime:0.000000s ]
INFO: [ app_init ] --END-- [ RunTime:0.000000s ]
ERR: 无法加载模块:Public

[ 2016-05-25T09:42:11+08:00 ] ::1 /thinkphp_3.2.3_core_extend/Public/dokuwiki/Public/dokuwiki/lib/images/larger.gif
INFO: [ app_init ] --START--
INFO: Run Behavior\BuildLiteBehavior [ RunTime:0.000000s ]
INFO: [ app_init ] --END-- [ RunTime:0.000000s ]
ERR: 无法加载模块:Public

[ 2016-05-25T09:42:11+08:00 ] ::1 /thinkphp_3.2.3_core_extend/Public/dokuwiki/Public/dokuwiki/lib/images/smaller.gif
INFO: [ app_init ] --START--
INFO: Run Behavior\BuildLiteBehavior [ RunTime:0.000000s ]
INFO: [ app_init ] --END-- [ RunTime:0.000000s ]
ERR: 无法加载模块:Public

[ 2016-05-25T09:42:11+08:00 ] ::1 /thinkphp_3.2.3_core_extend/Public/dokuwiki/Public/dokuwiki/lib/images/wrap.gif
INFO: [ app_init ] --START--
INFO: Run Behavior\BuildLiteBehavior [ RunTime:0.000000s ]
INFO: [ app_init ] --END-- [ RunTime:0.000000s ]
ERR: 无法加载模块:Public

[ 2016-05-25T11:37:15+08:00 ] ::1 /thinkphp_3.2.3_core_extend/lib/exe/indexer.php?id=autodesign%3A%E4%BB%80%E4%B9%88%E6%98%AF%E8%87%AA%E5%8A%A8%E5%8C%96%E6%B5%8B%E8%AF%95%E6%A1%86%E6%9E%B6&1464147435
INFO: [ app_init ] --START--
INFO: Run Behavior\BuildLiteBehavior [ RunTime:0.000000s ]
INFO: [ app_init ] --END-- [ RunTime:0.000000s ]
ERR: 无法加载模块:Lib

[ 2016-05-25T11:37:27+08:00 ] ::1 /thinkphp_3.2.3_core_extend/lib/exe/indexer.php?id=autodesign%3A%E4%BB%80%E4%B9%88%E6%98%AF%E8%87%AA%E5%8A%A8%E5%8C%96%E6%B5%8B%E8%AF%95%E6%A1%86%E6%9E%B6&1464147447
INFO: [ app_init ] --START--
INFO: Run Behavior\BuildLiteBehavior [ RunTime:0.000000s ]
INFO: [ app_init ] --END-- [ RunTime:0.000000s ]
ERR: 无法加载模块:Lib

[ 2016-05-25T11:37:27+08:00 ] ::1 /thinkphp_3.2.3_core_extend/lib/exe/indexer.php?id=autodesign%3A%E4%BB%80%E4%B9%88%E6%98%AF%E8%87%AA%E5%8A%A8%E5%8C%96%E6%B5%8B%E8%AF%95%E6%A1%86%E6%9E%B6&1464147447
INFO: [ app_init ] --START--
INFO: Run Behavior\BuildLiteBehavior [ RunTime:0.000000s ]
INFO: [ app_init ] --END-- [ RunTime:0.001000s ]
ERR: 无法加载模块:Lib

[ 2016-05-25T11:37:36+08:00 ] ::1 /thinkphp_3.2.3_core_extend/lib/exe/indexer.php?id=autodesign%3A%E4%BB%80%E4%B9%88%E6%98%AF%E8%87%AA%E5%8A%A8%E5%8C%96%E6%B5%8B%E8%AF%95%E6%A1%86%E6%9E%B6&1464147456
INFO: [ app_init ] --START--
INFO: Run Behavior\BuildLiteBehavior [ RunTime:0.000000s ]
INFO: [ app_init ] --END-- [ RunTime:0.000000s ]
ERR: 无法加载模块:Lib

[ 2016-05-25T11:37:36+08:00 ] ::1 /thinkphp_3.2.3_core_extend/lib/exe/indexer.php?id=autodesign%3A%E4%BB%80%E4%B9%88%E6%98%AF%E8%87%AA%E5%8A%A8%E5%8C%96%E6%B5%8B%E8%AF%95%E6%A1%86%E6%9E%B6&1464147456
INFO: [ app_init ] --START--
INFO: Run Behavior\BuildLiteBehavior [ RunTime:0.000000s ]
INFO: [ app_init ] --END-- [ RunTime:0.001000s ]
ERR: 无法加载模块:Lib

[ 2016-05-25T11:55:10+08:00 ] ::1 /thinkphp_3.2.3_core_extend/lib/images/blank.gif
INFO: [ app_init ] --START--
INFO: Run Behavior\BuildLiteBehavior [ RunTime:0.000000s ]
INFO: [ app_init ] --END-- [ RunTime:0.001000s ]
ERR: 无法加载模块:Lib

[ 2016-05-25T11:55:24+08:00 ] ::1 /thinkphp_3.2.3_core_extend/lib/images/blank.gif
INFO: [ app_init ] --START--
INFO: Run Behavior\BuildLiteBehavior [ RunTime:0.000000s ]
INFO: [ app_init ] --END-- [ RunTime:0.000000s ]
ERR: 无法加载模块:Lib

[ 2016-05-25T11:55:24+08:00 ] ::1 /thinkphp_3.2.3_core_extend/lib/images/diff.png
INFO: [ app_init ] --START--
INFO: Run Behavior\BuildLiteBehavior [ RunTime:0.000000s ]
INFO: [ app_init ] --END-- [ RunTime:0.000000s ]
ERR: 无法加载模块:Lib

[ 2016-05-25T11:55:25+08:00 ] ::1 /thinkphp_3.2.3_core_extend/lib/images/blank.gif
INFO: [ app_init ] --START--
INFO: Run Behavior\BuildLiteBehavior [ RunTime:0.000000s ]
INFO: [ app_init ] --END-- [ RunTime:0.000000s ]
ERR: 无法加载模块:Lib

[ 2016-05-25T11:55:51+08:00 ] ::1 /thinkphp_3.2.3_core_extend/lib/images/blank.gif
INFO: [ app_init ] --START--
INFO: Run Behavior\BuildLiteBehavior [ RunTime:0.000000s ]
INFO: [ app_init ] --END-- [ RunTime:0.000000s ]
ERR: 无法加载模块:Lib

[ 2016-05-25T11:55:51+08:00 ] ::1 /thinkphp_3.2.3_core_extend/lib/images/diff.png
INFO: [ app_init ] --START--
INFO: Run Behavior\BuildLiteBehavior [ RunTime:0.000000s ]
INFO: [ app_init ] --END-- [ RunTime:0.000000s ]
ERR: 无法加载模块:Lib

[ 2016-05-25T11:55:51+08:00 ] ::1 /thinkphp_3.2.3_core_extend/lib/images/blank.gif
INFO: [ app_init ] --START--
INFO: Run Behavior\BuildLiteBehavior [ RunTime:0.000000s ]
INFO: [ app_init ] --END-- [ RunTime:0.000000s ]
ERR: 无法加载模块:Lib

[ 2016-05-25T11:56:07+08:00 ] ::1 /thinkphp_3.2.3_core_extend/lib/images/blank.gif
INFO: [ app_init ] --START--
INFO: Run Behavior\BuildLiteBehavior [ RunTime:0.000000s ]
INFO: [ app_init ] --END-- [ RunTime:0.001000s ]
ERR: 无法加载模块:Lib

[ 2016-05-25T11:56:15+08:00 ] ::1 /thinkphp_3.2.3_core_extend/lib/images/blank.gif
INFO: [ app_init ] --START--
INFO: Run Behavior\BuildLiteBehavior [ RunTime:0.000000s ]
INFO: [ app_init ] --END-- [ RunTime:0.001000s ]
ERR: 无法加载模块:Lib

[ 2016-05-25T11:56:21+08:00 ] ::1 /thinkphp_3.2.3_core_extend/lib/images/blank.gif
INFO: [ app_init ] --START--
INFO: Run Behavior\BuildLiteBehavior [ RunTime:0.000000s ]
INFO: [ app_init ] --END-- [ RunTime:0.000000s ]
ERR: 无法加载模块:Lib

[ 2016-05-25T11:56:21+08:00 ] ::1 /thinkphp_3.2.3_core_extend/lib/images/diff.png
INFO: [ app_init ] --START--
INFO: Run Behavior\BuildLiteBehavior [ RunTime:0.000000s ]
INFO: [ app_init ] --END-- [ RunTime:0.000000s ]
ERR: 无法加载模块:Lib

[ 2016-05-25T11:56:21+08:00 ] ::1 /thinkphp_3.2.3_core_extend/lib/images/blank.gif
INFO: [ app_init ] --START--
INFO: Run Behavior\BuildLiteBehavior [ RunTime:0.000000s ]
INFO: [ app_init ] --END-- [ RunTime:0.000000s ]
ERR: 无法加载模块:Lib

[ 2016-05-25T11:56:21+08:00 ] ::1 /thinkphp_3.2.3_core_extend/lib/images/diff.png
INFO: [ app_init ] --START--
INFO: Run Behavior\BuildLiteBehavior [ RunTime:0.000000s ]
INFO: [ app_init ] --END-- [ RunTime:0.001000s ]
ERR: 无法加载模块:Lib

[ 2016-05-25T12:44:37+08:00 ] ::1 /thinkphp_3.2.3_core_extend/lib/images/blank.gif
INFO: [ app_init ] --START--
INFO: Run Behavior\BuildLiteBehavior [ RunTime:0.000000s ]
INFO: [ app_init ] --END-- [ RunTime:0.000000s ]
ERR: 无法加载模块:Lib

[ 2016-05-25T12:44:37+08:00 ] ::1 /thinkphp_3.2.3_core_extend/lib/images/diff.png
INFO: [ app_init ] --START--
INFO: Run Behavior\BuildLiteBehavior [ RunTime:0.000000s ]
INFO: [ app_init ] --END-- [ RunTime:0.000000s ]
ERR: 无法加载模块:Lib

[ 2016-05-25T12:44:38+08:00 ] ::1 /thinkphp_3.2.3_core_extend/lib/images/diff.png
INFO: [ app_init ] --START--
INFO: Run Behavior\BuildLiteBehavior [ RunTime:0.000000s ]
INFO: [ app_init ] --END-- [ RunTime:0.001000s ]
ERR: 无法加载模块:Lib

[ 2016-05-25T12:44:38+08:00 ] ::1 /thinkphp_3.2.3_core_extend/lib/images/blank.gif
INFO: [ app_init ] --START--
INFO: Run Behavior\BuildLiteBehavior [ RunTime:0.000000s ]
INFO: [ app_init ] --END-- [ RunTime:0.001000s ]
ERR: 无法加载模块:Lib

[ 2016-05-25T12:45:14+08:00 ] ::1 /thinkphp_3.2.3_core_extend/lib/images/blank.gif
INFO: [ app_init ] --START--
INFO: Run Behavior\BuildLiteBehavior [ RunTime:0.000000s ]
INFO: [ app_init ] --END-- [ RunTime:0.000000s ]
ERR: 无法加载模块:Lib

[ 2016-05-25T12:45:14+08:00 ] ::1 /thinkphp_3.2.3_core_extend/lib/images/diff.png
INFO: [ app_init ] --START--
INFO: Run Behavior\BuildLiteBehavior [ RunTime:0.000000s ]
INFO: [ app_init ] --END-- [ RunTime:0.000000s ]
ERR: 无法加载模块:Lib

[ 2016-05-25T12:45:14+08:00 ] ::1 /thinkphp_3.2.3_core_extend/lib/images/blank.gif
INFO: [ app_init ] --START--
INFO: Run Behavior\BuildLiteBehavior [ RunTime:0.000000s ]
INFO: [ app_init ] --END-- [ RunTime:0.000000s ]
ERR: 无法加载模块:Lib

[ 2016-05-25T12:45:14+08:00 ] ::1 /thinkphp_3.2.3_core_extend/lib/images/diff.png
INFO: [ app_init ] --START--
INFO: Run Behavior\BuildLiteBehavior [ RunTime:0.000000s ]
INFO: [ app_init ] --END-- [ RunTime:0.001000s ]
ERR: 无法加载模块:Lib

[ 2016-05-25T12:45:19+08:00 ] ::1 /thinkphp_3.2.3_core_extend/lib/images/diff.png
INFO: [ app_init ] --START--
INFO: Run Behavior\BuildLiteBehavior [ RunTime:0.000000s ]
INFO: [ app_init ] --END-- [ RunTime:0.001000s ]
ERR: 无法加载模块:Lib

[ 2016-05-25T12:45:20+08:00 ] ::1 /thinkphp_3.2.3_core_extend/lib/images/blank.gif
INFO: [ app_init ] --START--
INFO: Run Behavior\BuildLiteBehavior [ RunTime:0.000000s ]
INFO: [ app_init ] --END-- [ RunTime:0.000000s ]
ERR: 无法加载模块:Lib

[ 2016-05-25T12:45:20+08:00 ] ::1 /thinkphp_3.2.3_core_extend/lib/images/diff.png
INFO: [ app_init ] --START--
INFO: Run Behavior\BuildLiteBehavior [ RunTime:0.000000s ]
INFO: [ app_init ] --END-- [ RunTime:0.001000s ]
ERR: 无法加载模块:Lib

[ 2016-05-25T12:46:54+08:00 ] ::1 /thinkphp_3.2.3_core_extend/Public/assets/font/fontawesome-webfont.eot?
INFO: [ app_init ] --START--
INFO: Run Behavior\BuildLiteBehavior [ RunTime:0.000000s ]
INFO: [ app_init ] --END-- [ RunTime:0.001000s ]
ERR: 无法加载模块:Public

[ 2016-05-25T12:46:55+08:00 ] ::1 /thinkphp_3.2.3_core_extend/lib/tpl/dokuwiki/images/favicon.ico
INFO: [ app_init ] --START--
INFO: Run Behavior\BuildLiteBehavior [ RunTime:0.000000s ]
INFO: [ app_init ] --END-- [ RunTime:0.000000s ]
ERR: 无法加载模块:Lib

[ 2016-05-25T12:47:02+08:00 ] ::1 /thinkphp_3.2.3_core_extend/Public/assets/font/fontawesome-webfont.eot?
INFO: [ app_init ] --START--
INFO: Run Behavior\BuildLiteBehavior [ RunTime:0.000000s ]
INFO: [ app_init ] --END-- [ RunTime:0.000000s ]
ERR: 无法加载模块:Public

[ 2016-05-25T12:47:03+08:00 ] ::1 /thinkphp_3.2.3_core_extend/lib/tpl/dokuwiki/images/favicon.ico
INFO: [ app_init ] --START--
INFO: Run Behavior\BuildLiteBehavior [ RunTime:0.000000s ]
INFO: [ app_init ] --END-- [ RunTime:0.000000s ]
ERR: 无法加载模块:Lib

[ 2016-05-25T12:47:05+08:00 ] ::1 /thinkphp_3.2.3_core_extend/Public/assets/font/fontawesome-webfont.eot?
INFO: [ app_init ] --START--
INFO: Run Behavior\BuildLiteBehavior [ RunTime:0.000000s ]
INFO: [ app_init ] --END-- [ RunTime:0.000000s ]
ERR: 无法加载模块:Public

[ 2016-05-25T12:47:15+08:00 ] ::1 /thinkphp_3.2.3_core_extend/Public/assets/font/fontawesome-webfont.eot?
INFO: [ app_init ] --START--
INFO: Run Behavior\BuildLiteBehavior [ RunTime:0.000000s ]
INFO: [ app_init ] --END-- [ RunTime:0.000000s ]
ERR: 无法加载模块:Public

[ 2016-05-25T12:47:20+08:00 ] ::1 /thinkphp_3.2.3_core_extend/Public/assets/font/fontawesome-webfont.eot?
INFO: [ app_init ] --START--
INFO: Run Behavior\BuildLiteBehavior [ RunTime:0.000000s ]
INFO: [ app_init ] --END-- [ RunTime:0.001000s ]
ERR: 无法加载模块:Public

[ 2016-05-25T12:47:21+08:00 ] ::1 /thinkphp_3.2.3_core_extend/lib/tpl/dokuwiki/images/favicon.ico
INFO: [ app_init ] --START--
INFO: Run Behavior\BuildLiteBehavior [ RunTime:0.000000s ]
INFO: [ app_init ] --END-- [ RunTime:0.000000s ]
ERR: 无法加载模块:Lib

[ 2016-05-25T12:47:30+08:00 ] ::1 /thinkphp_3.2.3_core_extend/Public/assets/font/fontawesome-webfont.eot?
INFO: [ app_init ] --START--
INFO: Run Behavior\BuildLiteBehavior [ RunTime:0.000000s ]
INFO: [ app_init ] --END-- [ RunTime:0.000000s ]
ERR: 无法加载模块:Public

[ 2016-05-25T12:47:30+08:00 ] ::1 /thinkphp_3.2.3_core_extend/lib/tpl/dokuwiki/images/favicon.ico
INFO: [ app_init ] --START--
INFO: Run Behavior\BuildLiteBehavior [ RunTime:0.000000s ]
INFO: [ app_init ] --END-- [ RunTime:0.000000s ]
ERR: 无法加载模块:Lib

[ 2016-05-25T12:47:35+08:00 ] ::1 /thinkphp_3.2.3_core_extend/Public/assets/font/fontawesome-webfont.eot?
INFO: [ app_init ] --START--
INFO: Run Behavior\BuildLiteBehavior [ RunTime:0.000000s ]
INFO: [ app_init ] --END-- [ RunTime:0.000000s ]
ERR: 无法加载模块:Public

[ 2016-05-25T12:47:36+08:00 ] ::1 /thinkphp_3.2.3_core_extend/lib/tpl/dokuwiki/images/favicon.ico
INFO: [ app_init ] --START--
INFO: Run Behavior\BuildLiteBehavior [ RunTime:0.000000s ]
INFO: [ app_init ] --END-- [ RunTime:0.000000s ]
ERR: 无法加载模块:Lib

[ 2016-05-25T12:47:38+08:00 ] ::1 /thinkphp_3.2.3_core_extend/Public/assets/font/fontawesome-webfont.eot?
INFO: [ app_init ] --START--
INFO: Run Behavior\BuildLiteBehavior [ RunTime:0.000000s ]
INFO: [ app_init ] --END-- [ RunTime:0.000000s ]
ERR: 无法加载模块:Public

[ 2016-05-25T12:47:38+08:00 ] ::1 /thinkphp_3.2.3_core_extend/lib/images/blank.gif
INFO: [ app_init ] --START--
INFO: Run Behavior\BuildLiteBehavior [ RunTime:0.000000s ]
INFO: [ app_init ] --END-- [ RunTime:0.000000s ]
ERR: 无法加载模块:Lib

[ 2016-05-25T12:47:38+08:00 ] ::1 /thinkphp_3.2.3_core_extend/lib/tpl/dokuwiki/images/favicon.ico
INFO: [ app_init ] --START--
INFO: Run Behavior\BuildLiteBehavior [ RunTime:0.000000s ]
INFO: [ app_init ] --END-- [ RunTime:0.000000s ]
ERR: 无法加载模块:Lib

[ 2016-05-25T12:47:42+08:00 ] ::1 /thinkphp_3.2.3_core_extend/Public/assets/font/fontawesome-webfont.eot?
INFO: [ app_init ] --START--
INFO: Run Behavior\BuildLiteBehavior [ RunTime:0.000000s ]
INFO: [ app_init ] --END-- [ RunTime:0.000000s ]
ERR: 无法加载模块:Public

[ 2016-05-25T12:47:43+08:00 ] ::1 /thinkphp_3.2.3_core_extend/lib/tpl/dokuwiki/images/favicon.ico
INFO: [ app_init ] --START--
INFO: Run Behavior\BuildLiteBehavior [ RunTime:0.000000s ]
INFO: [ app_init ] --END-- [ RunTime:0.000000s ]
ERR: 无法加载模块:Lib

[ 2016-05-25T12:47:44+08:00 ] ::1 /thinkphp_3.2.3_core_extend/Public/assets/font/fontawesome-webfont.eot?
INFO: [ app_init ] --START--
INFO: Run Behavior\BuildLiteBehavior [ RunTime:0.000000s ]
INFO: [ app_init ] --END-- [ RunTime:0.000000s ]
ERR: 无法加载模块:Public

[ 2016-05-25T12:47:45+08:00 ] ::1 /thinkphp_3.2.3_core_extend/lib/tpl/dokuwiki/images/favicon.ico
INFO: [ app_init ] --START--
INFO: Run Behavior\BuildLiteBehavior [ RunTime:0.000000s ]
INFO: [ app_init ] --END-- [ RunTime:0.000000s ]
ERR: 无法加载模块:Lib

[ 2016-05-25T12:47:48+08:00 ] ::1 /thinkphp_3.2.3_core_extend/Public/assets/font/fontawesome-webfont.eot?
INFO: [ app_init ] --START--
INFO: Run Behavior\BuildLiteBehavior [ RunTime:0.000000s ]
INFO: [ app_init ] --END-- [ RunTime:0.000000s ]
ERR: 无法加载模块:Public

[ 2016-05-25T12:47:48+08:00 ] ::1 /thinkphp_3.2.3_core_extend/lib/images/blank.gif
INFO: [ app_init ] --START--
INFO: Run Behavior\BuildLiteBehavior [ RunTime:0.000000s ]
INFO: [ app_init ] --END-- [ RunTime:0.000000s ]
ERR: 无法加载模块:Lib

[ 2016-05-25T12:47:48+08:00 ] ::1 /thinkphp_3.2.3_core_extend/lib/images/diff.png
INFO: [ app_init ] --START--
INFO: Run Behavior\BuildLiteBehavior [ RunTime:0.000000s ]
INFO: [ app_init ] --END-- [ RunTime:0.000000s ]
ERR: 无法加载模块:Lib

[ 2016-05-25T12:47:48+08:00 ] ::1 /thinkphp_3.2.3_core_extend/lib/tpl/dokuwiki/images/favicon.ico
INFO: [ app_init ] --START--
INFO: Run Behavior\BuildLiteBehavior [ RunTime:0.000000s ]
INFO: [ app_init ] --END-- [ RunTime:0.000000s ]
ERR: 无法加载模块:Lib

[ 2016-05-25T12:48:11+08:00 ] ::1 /thinkphp_3.2.3_core_extend/lib/images/blank.gif
INFO: [ app_init ] --START--
INFO: Run Behavior\BuildLiteBehavior [ RunTime:0.000000s ]
INFO: [ app_init ] --END-- [ RunTime:0.000000s ]
ERR: 无法加载模块:Lib

[ 2016-05-25T12:48:11+08:00 ] ::1 /thinkphp_3.2.3_core_extend/lib/images/diff.png
INFO: [ app_init ] --START--
INFO: Run Behavior\BuildLiteBehavior [ RunTime:0.000000s ]
INFO: [ app_init ] --END-- [ RunTime:0.000000s ]
ERR: 无法加载模块:Lib

[ 2016-05-25T12:48:12+08:00 ] ::1 /thinkphp_3.2.3_core_extend/lib/images/blank.gif
INFO: [ app_init ] --START--
INFO: Run Behavior\BuildLiteBehavior [ RunTime:0.000000s ]
INFO: [ app_init ] --END-- [ RunTime:0.000000s ]
ERR: 无法加载模块:Lib

[ 2016-05-25T12:48:12+08:00 ] ::1 /thinkphp_3.2.3_core_extend/lib/images/diff.png
INFO: [ app_init ] --START--
INFO: Run Behavior\BuildLiteBehavior [ RunTime:0.000000s ]
INFO: [ app_init ] --END-- [ RunTime:0.001000s ]
ERR: 无法加载模块:Lib

[ 2016-05-25T12:48:55+08:00 ] ::1 /thinkphp_3.2.3_core_extend/Public/assets/font/fontawesome-webfont.eot?
INFO: [ app_init ] --START--
INFO: Run Behavior\BuildLiteBehavior [ RunTime:0.000000s ]
INFO: [ app_init ] --END-- [ RunTime:0.000000s ]
ERR: 无法加载模块:Public

[ 2016-05-25T12:48:56+08:00 ] ::1 /thinkphp_3.2.3_core_extend/lib/tpl/dokuwiki/images/favicon.ico
INFO: [ app_init ] --START--
INFO: Run Behavior\BuildLiteBehavior [ RunTime:0.000000s ]
INFO: [ app_init ] --END-- [ RunTime:0.001000s ]
ERR: 无法加载模块:Lib

[ 2016-05-25T12:49:10+08:00 ] ::1 /thinkphp_3.2.3_core_extend/lib/images/blank.gif
INFO: [ app_init ] --START--
INFO: Run Behavior\BuildLiteBehavior [ RunTime:0.001001s ]
INFO: [ app_init ] --END-- [ RunTime:0.001001s ]
ERR: 无法加载模块:Lib

[ 2016-05-25T12:49:10+08:00 ] ::1 /thinkphp_3.2.3_core_extend/lib/images/diff.png
INFO: [ app_init ] --START--
INFO: Run Behavior\BuildLiteBehavior [ RunTime:0.000000s ]
INFO: [ app_init ] --END-- [ RunTime:0.000000s ]
ERR: 无法加载模块:Lib

[ 2016-05-25T12:49:10+08:00 ] ::1 /thinkphp_3.2.3_core_extend/lib/images/blank.gif
INFO: [ app_init ] --START--
INFO: Run Behavior\BuildLiteBehavior [ RunTime:0.000000s ]
INFO: [ app_init ] --END-- [ RunTime:0.001000s ]
ERR: 无法加载模块:Lib

[ 2016-05-25T12:49:10+08:00 ] ::1 /thinkphp_3.2.3_core_extend/lib/images/diff.png
INFO: [ app_init ] --START--
INFO: Run Behavior\BuildLiteBehavior [ RunTime:0.000000s ]
INFO: [ app_init ] --END-- [ RunTime:0.001000s ]
ERR: 无法加载模块:Lib

[ 2016-05-25T12:49:17+08:00 ] ::1 /thinkphp_3.2.3_core_extend/lib/images/blank.gif
INFO: [ app_init ] --START--
INFO: Run Behavior\BuildLiteBehavior [ RunTime:0.000000s ]
INFO: [ app_init ] --END-- [ RunTime:0.000000s ]
ERR: 无法加载模块:Lib

[ 2016-05-25T12:49:17+08:00 ] ::1 /thinkphp_3.2.3_core_extend/lib/images/diff.png
INFO: [ app_init ] --START--
INFO: Run Behavior\BuildLiteBehavior [ RunTime:0.000000s ]
INFO: [ app_init ] --END-- [ RunTime:0.000000s ]
ERR: 无法加载模块:Lib

[ 2016-05-25T12:49:17+08:00 ] ::1 /thinkphp_3.2.3_core_extend/lib/images/blank.gif
INFO: [ app_init ] --START--
INFO: Run Behavior\BuildLiteBehavior [ RunTime:0.000000s ]
INFO: [ app_init ] --END-- [ RunTime:0.000000s ]
ERR: 无法加载模块:Lib

[ 2016-05-25T12:49:17+08:00 ] ::1 /thinkphp_3.2.3_core_extend/lib/images/diff.png
INFO: [ app_init ] --START--
INFO: Run Behavior\BuildLiteBehavior [ RunTime:0.000000s ]
INFO: [ app_init ] --END-- [ RunTime:0.001001s ]
ERR: 无法加载模块:Lib

[ 2016-05-25T12:49:45+08:00 ] ::1 /thinkphp_3.2.3_core_extend/lib/images/blank.gif
INFO: [ app_init ] --START--
INFO: Run Behavior\BuildLiteBehavior [ RunTime:0.000000s ]
INFO: [ app_init ] --END-- [ RunTime:0.000000s ]
ERR: 无法加载模块:Lib

[ 2016-05-25T12:49:45+08:00 ] ::1 /thinkphp_3.2.3_core_extend/lib/images/diff.png
INFO: [ app_init ] --START--
INFO: Run Behavior\BuildLiteBehavior [ RunTime:0.000000s ]
INFO: [ app_init ] --END-- [ RunTime:0.000000s ]
ERR: 无法加载模块:Lib

[ 2016-05-25T12:49:45+08:00 ] ::1 /thinkphp_3.2.3_core_extend/lib/images/blank.gif
INFO: [ app_init ] --START--
INFO: Run Behavior\BuildLiteBehavior [ RunTime:0.000000s ]
INFO: [ app_init ] --END-- [ RunTime:0.000000s ]
ERR: 无法加载模块:Lib

[ 2016-05-25T12:49:55+08:00 ] ::1 /thinkphp_3.2.3_core_extend/lib/images/blank.gif
INFO: [ app_init ] --START--
INFO: Run Behavior\BuildLiteBehavior [ RunTime:0.000000s ]
INFO: [ app_init ] --END-- [ RunTime:0.001000s ]
ERR: 无法加载模块:Lib

[ 2016-05-25T12:49:56+08:00 ] ::1 /thinkphp_3.2.3_core_extend/lib/images/blank.gif
INFO: [ app_init ] --START--
INFO: Run Behavior\BuildLiteBehavior [ RunTime:0.000000s ]
INFO: [ app_init ] --END-- [ RunTime:0.001000s ]
ERR: 无法加载模块:Lib

[ 2016-05-25T12:51:36+08:00 ] ::1 /thinkphp_3.2.3_core_extend/lib/images/blank.gif
INFO: [ app_init ] --START--
INFO: Run Behavior\BuildLiteBehavior [ RunTime:0.000000s ]
INFO: [ app_init ] --END-- [ RunTime:0.001000s ]
ERR: 无法加载模块:Lib

[ 2016-05-25T12:51:36+08:00 ] ::1 /thinkphp_3.2.3_core_extend/lib/images/blank.gif
INFO: [ app_init ] --START--
INFO: Run Behavior\BuildLiteBehavior [ RunTime:0.000000s ]
INFO: [ app_init ] --END-- [ RunTime:0.000000s ]
ERR: 无法加载模块:Lib

[ 2016-05-25T12:52:03+08:00 ] ::1 /thinkphp_3.2.3_core_extend/lib/images/blank.gif
INFO: [ app_init ] --START--
INFO: Run Behavior\BuildLiteBehavior [ RunTime:0.000000s ]
INFO: [ app_init ] --END-- [ RunTime:0.001000s ]
ERR: 无法加载模块:Lib

[ 2016-05-25T13:04:36+08:00 ] ::1 /thinkphp_3.2.3_core_extend/Public/assets/font/fontawesome-webfont.eot?
INFO: [ app_init ] --START--
INFO: Run Behavior\BuildLiteBehavior [ RunTime:0.000000s ]
INFO: [ app_init ] --END-- [ RunTime:0.000000s ]
ERR: 无法加载模块:Public

[ 2016-05-25T13:04:37+08:00 ] ::1 /thinkphp_3.2.3_core_extend/lib/tpl/dokuwiki/images/favicon.ico
INFO: [ app_init ] --START--
INFO: Run Behavior\BuildLiteBehavior [ RunTime:0.000000s ]
INFO: [ app_init ] --END-- [ RunTime:0.000000s ]
ERR: 无法加载模块:Lib

[ 2016-05-25T13:04:40+08:00 ] ::1 /thinkphp_3.2.3_core_extend/Public/assets/font/fontawesome-webfont.eot?
INFO: [ app_init ] --START--
INFO: Run Behavior\BuildLiteBehavior [ RunTime:0.000000s ]
INFO: [ app_init ] --END-- [ RunTime:0.000000s ]
ERR: 无法加载模块:Public

[ 2016-05-25T13:04:47+08:00 ] ::1 /thinkphp_3.2.3_core_extend/Public/assets/font/fontawesome-webfont.eot?
INFO: [ app_init ] --START--
INFO: Run Behavior\BuildLiteBehavior [ RunTime:0.000000s ]
INFO: [ app_init ] --END-- [ RunTime:0.000000s ]
ERR: 无法加载模块:Public

[ 2016-05-25T13:04:54+08:00 ] ::1 /thinkphp_3.2.3_core_extend/Public/assets/font/fontawesome-webfont.eot?
INFO: [ app_init ] --START--
INFO: Run Behavior\BuildLiteBehavior [ RunTime:0.000000s ]
INFO: [ app_init ] --END-- [ RunTime:0.000000s ]
ERR: 无法加载模块:Public

[ 2016-05-25T13:04:55+08:00 ] ::1 /thinkphp_3.2.3_core_extend/lib/tpl/dokuwiki/images/favicon.ico
INFO: [ app_init ] --START--
INFO: Run Behavior\BuildLiteBehavior [ RunTime:0.000000s ]
INFO: [ app_init ] --END-- [ RunTime:0.000000s ]
ERR: 无法加载模块:Lib

[ 2016-05-25T13:05:17+08:00 ] ::1 /thinkphp_3.2.3_core_extend/Public/assets/font/fontawesome-webfont.eot?
INFO: [ app_init ] --START--
INFO: Run Behavior\BuildLiteBehavior [ RunTime:0.000000s ]
INFO: [ app_init ] --END-- [ RunTime:0.001000s ]
ERR: 无法加载模块:Public

[ 2016-05-25T13:05:17+08:00 ] ::1 /thinkphp_3.2.3_core_extend/lib/tpl/dokuwiki/images/favicon.ico
INFO: [ app_init ] --START--
INFO: Run Behavior\BuildLiteBehavior [ RunTime:0.000000s ]
INFO: [ app_init ] --END-- [ RunTime:0.001000s ]
ERR: 无法加载模块:Lib

[ 2016-05-25T13:05:23+08:00 ] ::1 /thinkphp_3.2.3_core_extend/Public/assets/font/fontawesome-webfont.eot?
INFO: [ app_init ] --START--
INFO: Run Behavior\BuildLiteBehavior [ RunTime:0.000000s ]
INFO: [ app_init ] --END-- [ RunTime:0.000000s ]
ERR: 无法加载模块:Public

[ 2016-05-25T13:05:23+08:00 ] ::1 /thinkphp_3.2.3_core_extend/lib/tpl/dokuwiki/images/favicon.ico
INFO: [ app_init ] --START--
INFO: Run Behavior\BuildLiteBehavior [ RunTime:0.000000s ]
INFO: [ app_init ] --END-- [ RunTime:0.000000s ]
ERR: 无法加载模块:Lib

[ 2016-05-25T13:05:34+08:00 ] ::1 /thinkphp_3.2.3_core_extend/Public/assets/font/fontawesome-webfont.eot?
INFO: [ app_init ] --START--
INFO: Run Behavior\BuildLiteBehavior [ RunTime:0.000000s ]
INFO: [ app_init ] --END-- [ RunTime:0.000000s ]
ERR: 无法加载模块:Public

[ 2016-05-25T13:05:34+08:00 ] ::1 /thinkphp_3.2.3_core_extend/lib/tpl/dokuwiki/images/favicon.ico
INFO: [ app_init ] --START--
INFO: Run Behavior\BuildLiteBehavior [ RunTime:0.000000s ]
INFO: [ app_init ] --END-- [ RunTime:0.000000s ]
ERR: 无法加载模块:Lib

[ 2016-05-25T13:05:40+08:00 ] ::1 /thinkphp_3.2.3_core_extend/Public/assets/font/fontawesome-webfont.eot?
INFO: [ app_init ] --START--
INFO: Run Behavior\BuildLiteBehavior [ RunTime:0.000000s ]
INFO: [ app_init ] --END-- [ RunTime:0.000000s ]
ERR: 无法加载模块:Public

[ 2016-05-25T13:05:41+08:00 ] ::1 /thinkphp_3.2.3_core_extend/lib/tpl/dokuwiki/images/favicon.ico
INFO: [ app_init ] --START--
INFO: Run Behavior\BuildLiteBehavior [ RunTime:0.000000s ]
INFO: [ app_init ] --END-- [ RunTime:0.000000s ]
ERR: 无法加载模块:Lib

[ 2016-05-25T13:05:44+08:00 ] ::1 /thinkphp_3.2.3_core_extend/Public/assets/font/fontawesome-webfont.eot?
INFO: [ app_init ] --START--
INFO: Run Behavior\BuildLiteBehavior [ RunTime:0.000000s ]
INFO: [ app_init ] --END-- [ RunTime:0.000000s ]
ERR: 无法加载模块:Public

[ 2016-05-25T13:05:44+08:00 ] ::1 /thinkphp_3.2.3_core_extend/lib/tpl/dokuwiki/images/favicon.ico
INFO: [ app_init ] --START--
INFO: Run Behavior\BuildLiteBehavior [ RunTime:0.000000s ]
INFO: [ app_init ] --END-- [ RunTime:0.001000s ]
ERR: 无法加载模块:Lib

[ 2016-05-25T13:05:47+08:00 ] ::1 /thinkphp_3.2.3_core_extend/Public/assets/font/fontawesome-webfont.eot?
INFO: [ app_init ] --START--
INFO: Run Behavior\BuildLiteBehavior [ RunTime:0.000000s ]
INFO: [ app_init ] --END-- [ RunTime:0.001000s ]
ERR: 无法加载模块:Public

[ 2016-05-25T13:05:48+08:00 ] ::1 /thinkphp_3.2.3_core_extend/lib/tpl/dokuwiki/images/favicon.ico
INFO: [ app_init ] --START--
INFO: Run Behavior\BuildLiteBehavior [ RunTime:0.000000s ]
INFO: [ app_init ] --END-- [ RunTime:0.000000s ]
ERR: 无法加载模块:Lib

[ 2016-05-25T13:05:51+08:00 ] ::1 /thinkphp_3.2.3_core_extend/Public/assets/font/fontawesome-webfont.eot?
INFO: [ app_init ] --START--
INFO: Run Behavior\BuildLiteBehavior [ RunTime:0.000000s ]
INFO: [ app_init ] --END-- [ RunTime:0.000000s ]
ERR: 无法加载模块:Public

[ 2016-05-25T13:05:51+08:00 ] ::1 /thinkphp_3.2.3_core_extend/lib/tpl/dokuwiki/images/favicon.ico
INFO: [ app_init ] --START--
INFO: Run Behavior\BuildLiteBehavior [ RunTime:0.000000s ]
INFO: [ app_init ] --END-- [ RunTime:0.000000s ]
ERR: 无法加载模块:Lib

[ 2016-05-25T13:06:04+08:00 ] ::1 /thinkphp_3.2.3_core_extend/Public/assets/font/fontawesome-webfont.eot?
INFO: [ app_init ] --START--
INFO: Run Behavior\BuildLiteBehavior [ RunTime:0.000000s ]
INFO: [ app_init ] --END-- [ RunTime:0.000000s ]
ERR: 无法加载模块:Public

[ 2016-05-25T13:06:04+08:00 ] ::1 /thinkphp_3.2.3_core_extend/lib/tpl/dokuwiki/images/favicon.ico
INFO: [ app_init ] --START--
INFO: Run Behavior\BuildLiteBehavior [ RunTime:0.000000s ]
INFO: [ app_init ] --END-- [ RunTime:0.000000s ]
ERR: 无法加载模块:Lib

[ 2016-05-25T13:06:24+08:00 ] ::1 /thinkphp_3.2.3_core_extend/Public/assets/js/jquery-2.0.3.min.map
INFO: [ app_init ] --START--
INFO: Run Behavior\BuildLiteBehavior [ RunTime:0.000000s ]
INFO: [ app_init ] --END-- [ RunTime:0.001000s ]
ERR: 无法加载模块:Public

[ 2016-05-25T13:06:34+08:00 ] ::1 /thinkphp_3.2.3_core_extend/Public/assets/font/fontawesome-webfont.eot?
INFO: [ app_init ] --START--
INFO: Run Behavior\BuildLiteBehavior [ RunTime:0.000000s ]
INFO: [ app_init ] --END-- [ RunTime:0.000000s ]
ERR: 无法加载模块:Public

[ 2016-05-25T13:06:34+08:00 ] ::1 /thinkphp_3.2.3_core_extend/lib/tpl/dokuwiki/images/favicon.ico
INFO: [ app_init ] --START--
INFO: Run Behavior\BuildLiteBehavior [ RunTime:0.000000s ]
INFO: [ app_init ] --END-- [ RunTime:0.000000s ]
ERR: 无法加载模块:Lib

[ 2016-05-25T13:06:35+08:00 ] ::1 /thinkphp_3.2.3_core_extend/Public/assets/js/jquery-2.0.3.min.map
INFO: [ app_init ] --START--
INFO: Run Behavior\BuildLiteBehavior [ RunTime:0.000000s ]
INFO: [ app_init ] --END-- [ RunTime:0.001000s ]
ERR: 无法加载模块:Public

[ 2016-05-25T13:06:38+08:00 ] ::1 /thinkphp_3.2.3_core_extend/Public/assets/font/fontawesome-webfont.eot?
INFO: [ app_init ] --START--
INFO: Run Behavior\BuildLiteBehavior [ RunTime:0.000000s ]
INFO: [ app_init ] --END-- [ RunTime:0.002000s ]
ERR: 无法加载模块:Public

[ 2016-05-25T13:06:38+08:00 ] ::1 /thinkphp_3.2.3_core_extend/lib/tpl/dokuwiki/images/favicon.ico
INFO: [ app_init ] --START--
INFO: Run Behavior\BuildLiteBehavior [ RunTime:0.000000s ]
INFO: [ app_init ] --END-- [ RunTime:0.001000s ]
ERR: 无法加载模块:Lib

[ 2016-05-25T13:06:38+08:00 ] ::1 /thinkphp_3.2.3_core_extend/Public/assets/js/jquery-2.0.3.min.map
INFO: [ app_init ] --START--
INFO: Run Behavior\BuildLiteBehavior [ RunTime:0.000000s ]
INFO: [ app_init ] --END-- [ RunTime:0.001000s ]
ERR: 无法加载模块:Public

[ 2016-05-25T16:25:35+08:00 ] ::1 /thinkphp_3.2.3_core_extend/Public/dokuwiki/Public/dokuwiki/lib/exe/css.php?t=dokuwiki&tseed=5eafc87701e7e248099ff46380e5294e
INFO: [ app_init ] --START--
INFO: Run Behavior\BuildLiteBehavior [ RunTime:0.000000s ]
INFO: [ app_init ] --END-- [ RunTime:0.001000s ]
ERR: 无法加载模块:Public

[ 2016-05-25T16:25:35+08:00 ] ::1 /thinkphp_3.2.3_core_extend/Public/dokuwiki/Public/dokuwiki/lib/exe/js.php?t=dokuwiki&tseed=5eafc87701e7e248099ff46380e5294e
INFO: [ app_init ] --START--
INFO: Run Behavior\BuildLiteBehavior [ RunTime:0.000000s ]
INFO: [ app_init ] --END-- [ RunTime:0.001000s ]
ERR: 无法加载模块:Public

[ 2016-05-25T16:26:34+08:00 ] ::1 /thinkphp_3.2.3_core_extend/Public/dokuwiki/Public/dokuwiki/lib/exe/css.php?t=dokuwiki&tseed=5eafc87701e7e248099ff46380e5294e
INFO: [ app_init ] --START--
INFO: Run Behavior\BuildLiteBehavior [ RunTime:0.000000s ]
INFO: [ app_init ] --END-- [ RunTime:0.001000s ]
ERR: 无法加载模块:Public

[ 2016-05-25T16:26:34+08:00 ] ::1 /thinkphp_3.2.3_core_extend/Public/dokuwiki/Public/dokuwiki/lib/exe/js.php?t=dokuwiki&tseed=5eafc87701e7e248099ff46380e5294e
INFO: [ app_init ] --START--
INFO: Run Behavior\BuildLiteBehavior [ RunTime:0.000000s ]
INFO: [ app_init ] --END-- [ RunTime:0.000000s ]
ERR: 无法加载模块:Public

[ 2016-05-25T16:28:21+08:00 ] ::1 /thinkphp_3.2.3_core_extend/Public/dokuwiki/Public/dokuwiki/lib/exe/css.php?t=dokuwiki&tseed=5eafc87701e7e248099ff46380e5294e
INFO: [ app_init ] --START--
INFO: Run Behavior\BuildLiteBehavior [ RunTime:0.000000s ]
INFO: [ app_init ] --END-- [ RunTime:0.000000s ]
ERR: 无法加载模块:Public

[ 2016-05-25T16:28:21+08:00 ] ::1 /thinkphp_3.2.3_core_extend/Public/dokuwiki/Public/dokuwiki/lib/exe/js.php?t=dokuwiki&tseed=5eafc87701e7e248099ff46380e5294e
INFO: [ app_init ] --START--
INFO: Run Behavior\BuildLiteBehavior [ RunTime:0.000000s ]
INFO: [ app_init ] --END-- [ RunTime:0.001000s ]
ERR: 无法加载模块:Public

[ 2016-05-25T16:28:37+08:00 ] ::1 /thinkphp_3.2.3_core_extend/Public/dokuwiki/Public/dokuwiki/lib/exe/css.php?t=dokuwiki&tseed=5eafc87701e7e248099ff46380e5294e
INFO: [ app_init ] --START--
INFO: Run Behavior\BuildLiteBehavior [ RunTime:0.000000s ]
INFO: [ app_init ] --END-- [ RunTime:0.000000s ]
ERR: 无法加载模块:Public

[ 2016-05-25T16:28:37+08:00 ] ::1 /thinkphp_3.2.3_core_extend/Public/dokuwiki/Public/dokuwiki/lib/exe/js.php?t=dokuwiki&tseed=5eafc87701e7e248099ff46380e5294e
INFO: [ app_init ] --START--
INFO: Run Behavior\BuildLiteBehavior [ RunTime:0.000000s ]
INFO: [ app_init ] --END-- [ RunTime:0.001000s ]
ERR: 无法加载模块:Public

[ 2016-05-25T17:14:41+08:00 ] ::1 /thinkphp_3.2.3_core_extend/Public/dokuwiki/lib/tpl/dokuwiki/images/page-gradient.png
INFO: [ app_init ] --START--
INFO: Run Behavior\BuildLiteBehavior [ RunTime:0.000000s ]
INFO: [ app_init ] --END-- [ RunTime:0.000000s ]
ERR: 无法加载模块:Public

