[ 2016-05-12T09:26:40+08:00 ] ::1 /thinkphp_3.2.3_core/index.php/Index/news
INFO: [ app_init ] --START--
INFO: Run Behavior\BuildLiteBehavior [ RunTime:0.000000s ]
INFO: [ app_init ] --END-- [ RunTime:0.000000s ]
ERR: 无法加载模块:Index

[ 2016-05-12T09:26:45+08:00 ] ::1 /thinkphp_3.2.3_core/index.php/Index/index
INFO: [ app_init ] --START--
INFO: Run Behavior\BuildLiteBehavior [ RunTime:0.000000s ]
INFO: [ app_init ] --END-- [ RunTime:0.001000s ]
ERR: 无法加载模块:Index

[ 2016-05-12T09:26:51+08:00 ] ::1 /thinkphp_3.2.3_core/index.php/index/index
INFO: [ app_init ] --START--
INFO: Run Behavior\BuildLiteBehavior [ RunTime:0.000000s ]
INFO: [ app_init ] --END-- [ RunTime:0.000000s ]
ERR: 无法加载模块:Index

[ 2016-05-12T09:36:16+08:00 ] ::1 /thinkphp_3.2.3_core/index.php/Index
INFO: [ app_init ] --START--
INFO: Run Behavior\BuildLiteBehavior [ RunTime:0.000000s ]
INFO: [ app_init ] --END-- [ RunTime:0.001000s ]
ERR: 无法加载模块:Index

[ 2016-05-12T12:40:15+08:00 ] ::1 /thinkphp_3.2.3_core/Public/assets/font/fontawesome-webfont.eot?
INFO: [ app_init ] --START--
INFO: Run Behavior\BuildLiteBehavior [ RunTime:0.000000s ]
INFO: [ app_init ] --END-- [ RunTime:0.001000s ]
ERR: 无法加载模块:Public

[ 2016-05-12T12:40:15+08:00 ] ::1 /thinkphp_3.2.3_core/Public/assets/js/jquery-2.0.3.min.map
INFO: [ app_init ] --START--
INFO: Run Behavior\BuildLiteBehavior [ RunTime:0.000000s ]
INFO: [ app_init ] --END-- [ RunTime:0.000000s ]
ERR: 无法加载模块:Public

[ 2016-05-12T12:40:24+08:00 ] ::1 /thinkphp_3.2.3_core/Public/assets/font/fontawesome-webfont.eot?
INFO: [ app_init ] --START--
INFO: Run Behavior\BuildLiteBehavior [ RunTime:0.000000s ]
INFO: [ app_init ] --END-- [ RunTime:0.000000s ]
ERR: 无法加载模块:Public

[ 2016-05-12T12:40:24+08:00 ] ::1 /thinkphp_3.2.3_core/Public/assets/js/jquery-2.0.3.min.map
INFO: [ app_init ] --START--
INFO: Run Behavior\BuildLiteBehavior [ RunTime:0.000000s ]
INFO: [ app_init ] --END-- [ RunTime:0.000000s ]
ERR: 无法加载模块:Public

[ 2016-05-12T12:42:23+08:00 ] ::1 /thinkphp_3.2.3_core/Public/assets/font/fontawesome-webfont.eot?
INFO: [ app_init ] --START--
INFO: Run Behavior\BuildLiteBehavior [ RunTime:0.000000s ]
INFO: [ app_init ] --END-- [ RunTime:0.000000s ]
ERR: 无法加载模块:Public

[ 2016-05-12T12:42:23+08:00 ] ::1 /thinkphp_3.2.3_core/Public/assets/js/jquery-2.0.3.min.map
INFO: [ app_init ] --START--
INFO: Run Behavior\BuildLiteBehavior [ RunTime:0.000000s ]
INFO: [ app_init ] --END-- [ RunTime:0.001000s ]
ERR: 无法加载模块:Public

[ 2016-05-12T12:42:36+08:00 ] ::1 /thinkphp_3.2.3_core/Public/assets/font/fontawesome-webfont.eot?
INFO: [ app_init ] --START--
INFO: Run Behavior\BuildLiteBehavior [ RunTime:0.000000s ]
INFO: [ app_init ] --END-- [ RunTime:0.000000s ]
ERR: 无法加载模块:Public

[ 2016-05-12T12:42:36+08:00 ] ::1 /thinkphp_3.2.3_core/Public/assets/js/jquery-2.0.3.min.map
INFO: [ app_init ] --START--
INFO: Run Behavior\BuildLiteBehavior [ RunTime:0.000000s ]
INFO: [ app_init ] --END-- [ RunTime:0.001000s ]
ERR: 无法加载模块:Public

[ 2016-05-12T15:02:21+08:00 ] ::1 /thinkphp_3.2.3_core/Public/assets/js/jquery-ui-1.10.3.custom.min1.js
INFO: [ app_init ] --START--
INFO: Run Behavior\BuildLiteBehavior [ RunTime:0.000000s ]
INFO: [ app_init ] --END-- [ RunTime:0.000000s ]
ERR: 无法加载模块:Public

