[ 2016-05-13T15:36:00+08:00 ] ::1 /thinkphp_3.2.3_core/Public/assets/font/fontawesome-webfont.eot?
INFO: [ app_init ] --START--
INFO: Run Behavior\BuildLiteBehavior [ RunTime:0.000000s ]
INFO: [ app_init ] --END-- [ RunTime:0.000000s ]
ERR: 无法加载模块:Public

[ 2016-05-13T15:36:41+08:00 ] ::1 /thinkphp_3.2.3_core/Public/assets/js/jquery-2.0.3.min.map
INFO: [ app_init ] --START--
INFO: Run Behavior\BuildLiteBehavior [ RunTime:0.000000s ]
INFO: [ app_init ] --END-- [ RunTime:0.000000s ]
ERR: 无法加载模块:Public

[ 2016-05-13T15:38:14+08:00 ] ::1 /thinkphp_3.2.3_core/Public/assets/font/fontawesome-webfont.eot?
INFO: [ app_init ] --START--
INFO: Run Behavior\BuildLiteBehavior [ RunTime:0.000000s ]
INFO: [ app_init ] --END-- [ RunTime:0.000000s ]
ERR: 无法加载模块:Public

[ 2016-05-13T15:38:40+08:00 ] ::1 /thinkphp_3.2.3_core/Public/assets/font/fontawesome-webfont.eot?
INFO: [ app_init ] --START--
INFO: Run Behavior\BuildLiteBehavior [ RunTime:0.000000s ]
INFO: [ app_init ] --END-- [ RunTime:0.000000s ]
ERR: 无法加载模块:Public

[ 2016-05-13T15:38:47+08:00 ] ::1 /thinkphp_3.2.3_core/Public/assets/font/fontawesome-webfont.eot?
INFO: [ app_init ] --START--
INFO: Run Behavior\BuildLiteBehavior [ RunTime:0.000000s ]
INFO: [ app_init ] --END-- [ RunTime:0.000000s ]
ERR: 无法加载模块:Public

[ 2016-05-13T15:39:20+08:00 ] ::1 /thinkphp_3.2.3_core/Public/assets/font/fontawesome-webfont.eot?
INFO: [ app_init ] --START--
INFO: Run Behavior\BuildLiteBehavior [ RunTime:0.000000s ]
INFO: [ app_init ] --END-- [ RunTime:0.000000s ]
ERR: 无法加载模块:Public

[ 2016-05-13T15:40:11+08:00 ] ::1 /thinkphp_3.2.3_core/Public/assets/font/fontawesome-webfont.eot?
INFO: [ app_init ] --START--
INFO: Run Behavior\BuildLiteBehavior [ RunTime:0.000000s ]
INFO: [ app_init ] --END-- [ RunTime:0.000000s ]
ERR: 无法加载模块:Public

