[ 2016-05-27T11:29:09+08:00 ] ::1 /thinkphp_3.2.3_core_extend/Public/dokuwiki/Public/dokuwiki/lib/exe/css.php?t=dokuwiki&tseed=5eafc87701e7e248099ff46380e5294e
INFO: [ app_init ] --START--
INFO: Run Behavior\BuildLiteBehavior [ RunTime:0.000000s ]
INFO: [ app_init ] --END-- [ RunTime:0.000000s ]
ERR: 无法加载模块:Public

[ 2016-05-27T11:29:09+08:00 ] ::1 /thinkphp_3.2.3_core_extend/Public/dokuwiki/Public/dokuwiki/lib/exe/js.php?t=dokuwiki&tseed=5eafc87701e7e248099ff46380e5294e
INFO: [ app_init ] --START--
INFO: Run Behavior\BuildLiteBehavior [ RunTime:0.000000s ]
INFO: [ app_init ] --END-- [ RunTime:0.000000s ]
ERR: 无法加载模块:Public

[ 2016-05-27T11:29:14+08:00 ] ::1 /thinkphp_3.2.3_core_extend/Public/dokuwiki/Public/dokuwiki/lib/exe/css.php?t=dokuwiki&tseed=5eafc87701e7e248099ff46380e5294e
INFO: [ app_init ] --START--
INFO: Run Behavior\BuildLiteBehavior [ RunTime:0.000000s ]
INFO: [ app_init ] --END-- [ RunTime:0.000000s ]
ERR: 无法加载模块:Public

[ 2016-05-27T11:29:14+08:00 ] ::1 /thinkphp_3.2.3_core_extend/Public/dokuwiki/Public/dokuwiki/lib/exe/js.php?t=dokuwiki&tseed=5eafc87701e7e248099ff46380e5294e
INFO: [ app_init ] --START--
INFO: Run Behavior\BuildLiteBehavior [ RunTime:0.000000s ]
INFO: [ app_init ] --END-- [ RunTime:0.000000s ]
ERR: 无法加载模块:Public

[ 2016-05-27T11:29:19+08:00 ] ::1 /thinkphp_3.2.3_core_extend/Public/dokuwiki/Public/dokuwiki/lib/exe/css.php?t=dokuwiki&tseed=5eafc87701e7e248099ff46380e5294e
INFO: [ app_init ] --START--
INFO: Run Behavior\BuildLiteBehavior [ RunTime:0.000000s ]
INFO: [ app_init ] --END-- [ RunTime:0.001000s ]
ERR: 无法加载模块:Public

[ 2016-05-27T11:29:19+08:00 ] ::1 /thinkphp_3.2.3_core_extend/Public/dokuwiki/Public/dokuwiki/lib/exe/js.php?t=dokuwiki&tseed=5eafc87701e7e248099ff46380e5294e
INFO: [ app_init ] --START--
INFO: Run Behavior\BuildLiteBehavior [ RunTime:0.000000s ]
INFO: [ app_init ] --END-- [ RunTime:0.000000s ]
ERR: 无法加载模块:Public

[ 2016-05-27T11:29:20+08:00 ] ::1 /thinkphp_3.2.3_core_extend/Public/dokuwiki/Public/dokuwiki/lib/exe/css.php?t=dokuwiki&tseed=5eafc87701e7e248099ff46380e5294e
INFO: [ app_init ] --START--
INFO: Run Behavior\BuildLiteBehavior [ RunTime:0.000000s ]
INFO: [ app_init ] --END-- [ RunTime:0.000000s ]
ERR: 无法加载模块:Public

[ 2016-05-27T11:29:20+08:00 ] ::1 /thinkphp_3.2.3_core_extend/Public/dokuwiki/Public/dokuwiki/lib/exe/js.php?t=dokuwiki&tseed=5eafc87701e7e248099ff46380e5294e
INFO: [ app_init ] --START--
INFO: Run Behavior\BuildLiteBehavior [ RunTime:0.000000s ]
INFO: [ app_init ] --END-- [ RunTime:0.000000s ]
ERR: 无法加载模块:Public

[ 2016-05-27T11:29:21+08:00 ] ::1 /thinkphp_3.2.3_core_extend/Public/dokuwiki/Public/dokuwiki/lib/exe/css.php?t=dokuwiki&tseed=5eafc87701e7e248099ff46380e5294e
INFO: [ app_init ] --START--
INFO: Run Behavior\BuildLiteBehavior [ RunTime:0.000000s ]
INFO: [ app_init ] --END-- [ RunTime:0.000000s ]
ERR: 无法加载模块:Public

[ 2016-05-27T11:29:21+08:00 ] ::1 /thinkphp_3.2.3_core_extend/Public/dokuwiki/Public/dokuwiki/lib/exe/js.php?t=dokuwiki&tseed=5eafc87701e7e248099ff46380e5294e
INFO: [ app_init ] --START--
INFO: Run Behavior\BuildLiteBehavior [ RunTime:0.000000s ]
INFO: [ app_init ] --END-- [ RunTime:0.000000s ]
ERR: 无法加载模块:Public

[ 2016-05-27T11:29:32+08:00 ] ::1 /thinkphp_3.2.3_core_extend/Public/dokuwiki/Public/dokuwiki/lib/exe/css.php?t=dokuwiki&tseed=5eafc87701e7e248099ff46380e5294e
INFO: [ app_init ] --START--
INFO: Run Behavior\BuildLiteBehavior [ RunTime:0.000000s ]
INFO: [ app_init ] --END-- [ RunTime:0.001000s ]
ERR: 无法加载模块:Public

[ 2016-05-27T11:29:32+08:00 ] ::1 /thinkphp_3.2.3_core_extend/Public/dokuwiki/Public/dokuwiki/lib/exe/js.php?t=dokuwiki&tseed=5eafc87701e7e248099ff46380e5294e
INFO: [ app_init ] --START--
INFO: Run Behavior\BuildLiteBehavior [ RunTime:0.000000s ]
INFO: [ app_init ] --END-- [ RunTime:0.001000s ]
ERR: 无法加载模块:Public

[ 2016-05-27T11:30:00+08:00 ] ::1 /thinkphp_3.2.3_core_extend/Public/dokuwiki/Public/dokuwiki/lib/exe/css.php?t=dokuwiki&tseed=5eafc87701e7e248099ff46380e5294e
INFO: [ app_init ] --START--
INFO: Run Behavior\BuildLiteBehavior [ RunTime:0.000000s ]
INFO: [ app_init ] --END-- [ RunTime:0.000000s ]
ERR: 无法加载模块:Public

[ 2016-05-27T11:30:00+08:00 ] ::1 /thinkphp_3.2.3_core_extend/Public/dokuwiki/Public/dokuwiki/lib/exe/js.php?t=dokuwiki&tseed=5eafc87701e7e248099ff46380e5294e
INFO: [ app_init ] --START--
INFO: Run Behavior\BuildLiteBehavior [ RunTime:0.000000s ]
INFO: [ app_init ] --END-- [ RunTime:0.000000s ]
ERR: 无法加载模块:Public

[ 2016-05-27T11:30:06+08:00 ] ::1 /thinkphp_3.2.3_core_extend/Public/dokuwiki/Public/dokuwiki/lib/exe/css.php?t=dokuwiki&tseed=5eafc87701e7e248099ff46380e5294e
INFO: [ app_init ] --START--
INFO: Run Behavior\BuildLiteBehavior [ RunTime:0.000000s ]
INFO: [ app_init ] --END-- [ RunTime:0.001000s ]
ERR: 无法加载模块:Public

[ 2016-05-27T11:30:06+08:00 ] ::1 /thinkphp_3.2.3_core_extend/Public/dokuwiki/Public/dokuwiki/lib/exe/js.php?t=dokuwiki&tseed=5eafc87701e7e248099ff46380e5294e
INFO: [ app_init ] --START--
INFO: Run Behavior\BuildLiteBehavior [ RunTime:0.000000s ]
INFO: [ app_init ] --END-- [ RunTime:0.001000s ]
ERR: 无法加载模块:Public

[ 2016-05-27T11:30:37+08:00 ] ::1 /thinkphp_3.2.3_core_extend/lib/exe/fetch.php?media=autodesign:ceshi.png
INFO: [ app_init ] --START--
INFO: Run Behavior\BuildLiteBehavior [ RunTime:0.000000s ]
INFO: [ app_init ] --END-- [ RunTime:0.000000s ]
ERR: 无法加载模块:Lib

[ 2016-05-27T11:30:37+08:00 ] ::1 /thinkphp_3.2.3_core_extend/lib/exe/fetch.php?media=autodesign:ceshi.png
INFO: [ app_init ] --START--
INFO: Run Behavior\BuildLiteBehavior [ RunTime:0.000000s ]
INFO: [ app_init ] --END-- [ RunTime:0.000000s ]
ERR: 无法加载模块:Lib

[ 2016-05-27T11:34:32+08:00 ] ::1 /thinkphp_3.2.3_core_extend/lib/exe/fetch.php?media=autodesign:ceshi.png
INFO: [ app_init ] --START--
INFO: Run Behavior\BuildLiteBehavior [ RunTime:0.000000s ]
INFO: [ app_init ] --END-- [ RunTime:0.000000s ]
ERR: 无法加载模块:Lib

[ 2016-05-27T11:34:32+08:00 ] ::1 /thinkphp_3.2.3_core_extend/lib/exe/fetch.php?media=autodesign:ceshi.png
INFO: [ app_init ] --START--
INFO: Run Behavior\BuildLiteBehavior [ RunTime:0.000000s ]
INFO: [ app_init ] --END-- [ RunTime:0.000000s ]
ERR: 无法加载模块:Lib

[ 2016-05-27T11:34:38+08:00 ] ::1 /thinkphp_3.2.3_core_extend/lib/exe/fetch.php?media=autodesign:ceshi.png
INFO: [ app_init ] --START--
INFO: Run Behavior\BuildLiteBehavior [ RunTime:0.000000s ]
INFO: [ app_init ] --END-- [ RunTime:0.001000s ]
ERR: 无法加载模块:Lib

[ 2016-05-27T11:34:38+08:00 ] ::1 /thinkphp_3.2.3_core_extend/lib/exe/fetch.php?media=autodesign:ceshi.png
INFO: [ app_init ] --START--
INFO: Run Behavior\BuildLiteBehavior [ RunTime:0.001000s ]
INFO: [ app_init ] --END-- [ RunTime:0.001000s ]
ERR: 无法加载模块:Lib

[ 2016-05-27T11:39:45+08:00 ] ::1 /thinkphp_3.2.3_core_extend/lib/exe/fetch.php?media=autodesign:ceshi.png
INFO: [ app_init ] --START--
INFO: Run Behavior\BuildLiteBehavior [ RunTime:0.000000s ]
INFO: [ app_init ] --END-- [ RunTime:0.000000s ]
ERR: 无法加载模块:Lib

[ 2016-05-27T11:42:40+08:00 ] ::1 /thinkphp_3.2.3_core_extend/lib/exe/fetch.php?media=autodesign:ceshi.png
INFO: [ app_init ] --START--
INFO: Run Behavior\BuildLiteBehavior [ RunTime:0.000000s ]
INFO: [ app_init ] --END-- [ RunTime:0.000000s ]
ERR: 无法加载模块:Lib

[ 2016-05-27T11:42:40+08:00 ] ::1 /thinkphp_3.2.3_core_extend/lib/exe/fetch.php?media=autodesign:ceshi.png
INFO: [ app_init ] --START--
INFO: Run Behavior\BuildLiteBehavior [ RunTime:0.000000s ]
INFO: [ app_init ] --END-- [ RunTime:0.000000s ]
ERR: 无法加载模块:Lib

[ 2016-05-27T11:42:42+08:00 ] ::1 /thinkphp_3.2.3_core_extend/lib/exe/detail.php?id=autodesign%3A%E5%BC%95%E7%94%B3&media=autodesign:ceshi.png
INFO: [ app_init ] --START--
INFO: Run Behavior\BuildLiteBehavior [ RunTime:0.000000s ]
INFO: [ app_init ] --END-- [ RunTime:0.001001s ]
ERR: 无法加载模块:Lib

[ 2016-05-27T11:43:05+08:00 ] ::1 /thinkphp_3.2.3_core_extend/lib/exe/fetch.php?media=autodesign:ceshi.png
INFO: [ app_init ] --START--
INFO: Run Behavior\BuildLiteBehavior [ RunTime:0.000000s ]
INFO: [ app_init ] --END-- [ RunTime:0.000000s ]
ERR: 无法加载模块:Lib

[ 2016-05-27T11:43:05+08:00 ] ::1 /thinkphp_3.2.3_core_extend/lib/exe/fetch.php?media=autodesign:ceshi.png
INFO: [ app_init ] --START--
INFO: Run Behavior\BuildLiteBehavior [ RunTime:0.000000s ]
INFO: [ app_init ] --END-- [ RunTime:0.001000s ]
ERR: 无法加载模块:Lib

[ 2016-05-27T11:43:28+08:00 ] ::1 /thinkphp_3.2.3_core_extend/Public/dokuwiki/Public/dokuwiki/lib/exe/css.php?t=dokuwiki&tseed=5eafc87701e7e248099ff46380e5294e
INFO: [ app_init ] --START--
INFO: Run Behavior\BuildLiteBehavior [ RunTime:0.000000s ]
INFO: [ app_init ] --END-- [ RunTime:0.000000s ]
ERR: 无法加载模块:Public

[ 2016-05-27T11:43:28+08:00 ] ::1 /thinkphp_3.2.3_core_extend/Public/dokuwiki/Public/dokuwiki/lib/exe/js.php?t=dokuwiki&tseed=5eafc87701e7e248099ff46380e5294e
INFO: [ app_init ] --START--
INFO: Run Behavior\BuildLiteBehavior [ RunTime:0.000000s ]
INFO: [ app_init ] --END-- [ RunTime:0.001000s ]
ERR: 无法加载模块:Public

[ 2016-05-27T11:43:39+08:00 ] ::1 /thinkphp_3.2.3_core_extend/lib/exe/fetch.php?media=autodesign:ceshi.png
INFO: [ app_init ] --START--
INFO: Run Behavior\BuildLiteBehavior [ RunTime:0.000000s ]
INFO: [ app_init ] --END-- [ RunTime:0.000000s ]
ERR: 无法加载模块:Lib

[ 2016-05-27T11:43:40+08:00 ] ::1 /thinkphp_3.2.3_core_extend/lib/exe/fetch.php?media=autodesign:ceshi.png
INFO: [ app_init ] --START--
INFO: Run Behavior\BuildLiteBehavior [ RunTime:0.000000s ]
INFO: [ app_init ] --END-- [ RunTime:0.001000s ]
ERR: 无法加载模块:Lib

[ 2016-05-27T11:46:32+08:00 ] ::1 /thinkphp_3.2.3_core_extend/lib/exe/fetch.php?media=autodesign:ceshi.png
INFO: [ app_init ] --START--
INFO: Run Behavior\BuildLiteBehavior [ RunTime:0.000000s ]
INFO: [ app_init ] --END-- [ RunTime:0.000000s ]
ERR: 无法加载模块:Lib

[ 2016-05-27T11:46:32+08:00 ] ::1 /thinkphp_3.2.3_core_extend/lib/exe/fetch.php?media=autodesign:ceshi.png
INFO: [ app_init ] --START--
INFO: Run Behavior\BuildLiteBehavior [ RunTime:0.000000s ]
INFO: [ app_init ] --END-- [ RunTime:0.000000s ]
ERR: 无法加载模块:Lib

[ 2016-05-27T11:46:40+08:00 ] ::1 /thinkphp_3.2.3_core_extend/lib/exe/fetch.php?media=autodesign:ceshi.png
INFO: [ app_init ] --START--
INFO: Run Behavior\BuildLiteBehavior [ RunTime:0.000000s ]
INFO: [ app_init ] --END-- [ RunTime:0.000000s ]
ERR: 无法加载模块:Lib

[ 2016-05-27T11:46:40+08:00 ] ::1 /thinkphp_3.2.3_core_extend/lib/exe/fetch.php?media=autodesign:ceshi.png
INFO: [ app_init ] --START--
INFO: Run Behavior\BuildLiteBehavior [ RunTime:0.000000s ]
INFO: [ app_init ] --END-- [ RunTime:0.000000s ]
ERR: 无法加载模块:Lib

[ 2016-05-27T11:46:43+08:00 ] ::1 /thinkphp_3.2.3_core_extend/lib/exe/fetch.php?media=autodesign:ceshi.png
INFO: [ app_init ] --START--
INFO: Run Behavior\BuildLiteBehavior [ RunTime:0.000000s ]
INFO: [ app_init ] --END-- [ RunTime:0.000000s ]
ERR: 无法加载模块:Lib

[ 2016-05-27T11:46:43+08:00 ] ::1 /thinkphp_3.2.3_core_extend/lib/exe/fetch.php?media=autodesign:ceshi.png
INFO: [ app_init ] --START--
INFO: Run Behavior\BuildLiteBehavior [ RunTime:0.000000s ]
INFO: [ app_init ] --END-- [ RunTime:0.001000s ]
ERR: 无法加载模块:Lib

[ 2016-05-27T11:46:49+08:00 ] ::1 /thinkphp_3.2.3_core_extend/lib/exe/fetch.php?media=autodesign:ceshi.png
INFO: [ app_init ] --START--
INFO: Run Behavior\BuildLiteBehavior [ RunTime:0.000000s ]
INFO: [ app_init ] --END-- [ RunTime:0.000000s ]
ERR: 无法加载模块:Lib

[ 2016-05-27T11:46:49+08:00 ] ::1 /thinkphp_3.2.3_core_extend/lib/exe/fetch.php?media=autodesign:ceshi.png
INFO: [ app_init ] --START--
INFO: Run Behavior\BuildLiteBehavior [ RunTime:0.000000s ]
INFO: [ app_init ] --END-- [ RunTime:0.000000s ]
ERR: 无法加载模块:Lib

[ 2016-05-27T11:49:31+08:00 ] ::1 /thinkphp_3.2.3_core_extend/lib/exe/fetch.php?media=autodesign:ceshi.png
INFO: [ app_init ] --START--
INFO: Run Behavior\BuildLiteBehavior [ RunTime:0.000000s ]
INFO: [ app_init ] --END-- [ RunTime:0.000000s ]
ERR: 无法加载模块:Lib

[ 2016-05-27T11:49:35+08:00 ] ::1 /thinkphp_3.2.3_core_extend/lib/exe/fetch.php?media=autodesign:ceshi.png
INFO: [ app_init ] --START--
INFO: Run Behavior\BuildLiteBehavior [ RunTime:0.000000s ]
INFO: [ app_init ] --END-- [ RunTime:0.001000s ]
ERR: 无法加载模块:Lib

[ 2016-05-27T11:49:35+08:00 ] ::1 /thinkphp_3.2.3_core_extend/lib/exe/fetch.php?media=autodesign:ceshi.png
INFO: [ app_init ] --START--
INFO: Run Behavior\BuildLiteBehavior [ RunTime:0.000000s ]
INFO: [ app_init ] --END-- [ RunTime:0.000000s ]
ERR: 无法加载模块:Lib

[ 2016-05-27T11:49:37+08:00 ] ::1 /thinkphp_3.2.3_core_extend/lib/exe/fetch.php?media=autodesign:ceshi.png
INFO: [ app_init ] --START--
INFO: Run Behavior\BuildLiteBehavior [ RunTime:0.000000s ]
INFO: [ app_init ] --END-- [ RunTime:0.000000s ]
ERR: 无法加载模块:Lib

[ 2016-05-27T11:49:37+08:00 ] ::1 /thinkphp_3.2.3_core_extend/lib/exe/fetch.php?media=autodesign:ceshi.png
INFO: [ app_init ] --START--
INFO: Run Behavior\BuildLiteBehavior [ RunTime:0.000000s ]
INFO: [ app_init ] --END-- [ RunTime:0.001000s ]
ERR: 无法加载模块:Lib

[ 2016-05-27T11:49:46+08:00 ] ::1 /thinkphp_3.2.3_core_extend/lib/exe/fetch.php?media=autodesign:ceshi.png
INFO: [ app_init ] --START--
INFO: Run Behavior\BuildLiteBehavior [ RunTime:0.000000s ]
INFO: [ app_init ] --END-- [ RunTime:0.000000s ]
ERR: 无法加载模块:Lib

[ 2016-05-27T11:49:46+08:00 ] ::1 /thinkphp_3.2.3_core_extend/lib/exe/fetch.php?media=autodesign:ceshi.png
INFO: [ app_init ] --START--
INFO: Run Behavior\BuildLiteBehavior [ RunTime:0.000000s ]
INFO: [ app_init ] --END-- [ RunTime:0.000000s ]
ERR: 无法加载模块:Lib

[ 2016-05-27T11:51:18+08:00 ] ::1 /thinkphp_3.2.3_core_extend/lib/exe/fetch.php?media=autodesign:ceshi.png
INFO: [ app_init ] --START--
INFO: Run Behavior\BuildLiteBehavior [ RunTime:0.000000s ]
INFO: [ app_init ] --END-- [ RunTime:0.001000s ]
ERR: 无法加载模块:Lib

[ 2016-05-27T11:51:19+08:00 ] ::1 /thinkphp_3.2.3_core_extend/lib/exe/fetch.php?media=autodesign:ceshi.png
INFO: [ app_init ] --START--
INFO: Run Behavior\BuildLiteBehavior [ RunTime:0.000000s ]
INFO: [ app_init ] --END-- [ RunTime:0.000000s ]
ERR: 无法加载模块:Lib

[ 2016-05-27T11:51:22+08:00 ] ::1 /thinkphp_3.2.3_core_extend/lib/exe/fetch.php?media=autodesign:ceshi.png
INFO: [ app_init ] --START--
INFO: Run Behavior\BuildLiteBehavior [ RunTime:0.000000s ]
INFO: [ app_init ] --END-- [ RunTime:0.000000s ]
ERR: 无法加载模块:Lib

[ 2016-05-27T11:51:27+08:00 ] ::1 /thinkphp_3.2.3_core_extend/lib/exe/fetch.php?media=autodesign:ceshi.png
INFO: [ app_init ] --START--
INFO: Run Behavior\BuildLiteBehavior [ RunTime:0.000000s ]
INFO: [ app_init ] --END-- [ RunTime:0.000000s ]
ERR: 无法加载模块:Lib

[ 2016-05-27T11:51:27+08:00 ] ::1 /thinkphp_3.2.3_core_extend/lib/exe/fetch.php?media=autodesign:ceshi.png
INFO: [ app_init ] --START--
INFO: Run Behavior\BuildLiteBehavior [ RunTime:0.000000s ]
INFO: [ app_init ] --END-- [ RunTime:0.000000s ]
ERR: 无法加载模块:Lib

[ 2016-05-27T11:51:32+08:00 ] ::1 /thinkphp_3.2.3_core_extend/lib/exe/detail.php?id=autodesign%3A%E5%BC%95%E7%94%B3&media=autodesign:ceshi.png
INFO: [ app_init ] --START--
INFO: Run Behavior\BuildLiteBehavior [ RunTime:0.000000s ]
INFO: [ app_init ] --END-- [ RunTime:0.001000s ]
ERR: 无法加载模块:Lib

[ 2016-05-27T11:51:37+08:00 ] ::1 /thinkphp_3.2.3_core_extend/lib/exe/fetch.php?media=autodesign:ceshi.png
INFO: [ app_init ] --START--
INFO: Run Behavior\BuildLiteBehavior [ RunTime:0.000000s ]
INFO: [ app_init ] --END-- [ RunTime:0.000000s ]
ERR: 无法加载模块:Lib

[ 2016-05-27T11:51:37+08:00 ] ::1 /thinkphp_3.2.3_core_extend/lib/exe/fetch.php?media=autodesign:ceshi.png
INFO: [ app_init ] --START--
INFO: Run Behavior\BuildLiteBehavior [ RunTime:0.000000s ]
INFO: [ app_init ] --END-- [ RunTime:0.001000s ]
ERR: 无法加载模块:Lib

[ 2016-05-27T12:38:28+08:00 ] ::1 /thinkphp_3.2.3_core_extend/lib/exe/fetch.php?media=autodesign:ceshi.png
INFO: [ app_init ] --START--
INFO: Run Behavior\BuildLiteBehavior [ RunTime:0.000000s ]
INFO: [ app_init ] --END-- [ RunTime:0.000000s ]
ERR: 无法加载模块:Lib

[ 2016-05-27T12:38:28+08:00 ] ::1 /thinkphp_3.2.3_core_extend/lib/exe/fetch.php?media=autodesign:ceshi.png
INFO: [ app_init ] --START--
INFO: Run Behavior\BuildLiteBehavior [ RunTime:0.000000s ]
INFO: [ app_init ] --END-- [ RunTime:0.000000s ]
ERR: 无法加载模块:Lib

[ 2016-05-27T12:38:40+08:00 ] ::1 /thinkphp_3.2.3_core_extend/lib/exe/fetch.php?media=autodesign:ceshi.png
INFO: [ app_init ] --START--
INFO: Run Behavior\BuildLiteBehavior [ RunTime:0.000000s ]
INFO: [ app_init ] --END-- [ RunTime:0.001000s ]
ERR: 无法加载模块:Lib

[ 2016-05-27T12:38:40+08:00 ] ::1 /thinkphp_3.2.3_core_extend/lib/exe/fetch.php?media=autodesign:ceshi.png
INFO: [ app_init ] --START--
INFO: Run Behavior\BuildLiteBehavior [ RunTime:0.000000s ]
INFO: [ app_init ] --END-- [ RunTime:0.000000s ]
ERR: 无法加载模块:Lib

[ 2016-05-27T12:42:34+08:00 ] ::1 /thinkphp_3.2.3_core_extend/lib/exe/fetch.php?media=autodesign:ceshi.png
INFO: [ app_init ] --START--
INFO: Run Behavior\BuildLiteBehavior [ RunTime:0.000000s ]
INFO: [ app_init ] --END-- [ RunTime:0.001000s ]
ERR: 无法加载模块:Lib

[ 2016-05-27T12:42:34+08:00 ] ::1 /thinkphp_3.2.3_core_extend/lib/exe/fetch.php?media=autodesign:ceshi.png
INFO: [ app_init ] --START--
INFO: Run Behavior\BuildLiteBehavior [ RunTime:0.000000s ]
INFO: [ app_init ] --END-- [ RunTime:0.000000s ]
ERR: 无法加载模块:Lib

[ 2016-05-27T12:42:49+08:00 ] ::1 /thinkphp_3.2.3_core_extend/lib/exe/fetch.php?media=autodesign:ceshi.png
INFO: [ app_init ] --START--
INFO: Run Behavior\BuildLiteBehavior [ RunTime:0.000000s ]
INFO: [ app_init ] --END-- [ RunTime:0.000000s ]
ERR: 无法加载模块:Lib

[ 2016-05-27T12:42:49+08:00 ] ::1 /thinkphp_3.2.3_core_extend/lib/exe/fetch.php?media=autodesign:ceshi.png
INFO: [ app_init ] --START--
INFO: Run Behavior\BuildLiteBehavior [ RunTime:0.000000s ]
INFO: [ app_init ] --END-- [ RunTime:0.000000s ]
ERR: 无法加载模块:Lib

[ 2016-05-27T12:42:53+08:00 ] ::1 /thinkphp_3.2.3_core_extend/lib/exe/fetch.php?media=autodesign:ceshi.png
INFO: [ app_init ] --START--
INFO: Run Behavior\BuildLiteBehavior [ RunTime:0.000000s ]
INFO: [ app_init ] --END-- [ RunTime:0.001001s ]
ERR: 无法加载模块:Lib

[ 2016-05-27T12:42:54+08:00 ] ::1 /thinkphp_3.2.3_core_extend/lib/exe/fetch.php?media=autodesign:ceshi.png
INFO: [ app_init ] --START--
INFO: Run Behavior\BuildLiteBehavior [ RunTime:0.000000s ]
INFO: [ app_init ] --END-- [ RunTime:0.000000s ]
ERR: 无法加载模块:Lib

[ 2016-05-27T12:43:26+08:00 ] ::1 /thinkphp_3.2.3_core_extend/lib/exe/fetch.php?media=autodesign:ceshi.png
INFO: [ app_init ] --START--
INFO: Run Behavior\BuildLiteBehavior [ RunTime:0.000000s ]
INFO: [ app_init ] --END-- [ RunTime:0.000000s ]
ERR: 无法加载模块:Lib

[ 2016-05-27T12:43:27+08:00 ] ::1 /thinkphp_3.2.3_core_extend/lib/exe/fetch.php?media=autodesign:ceshi.png
INFO: [ app_init ] --START--
INFO: Run Behavior\BuildLiteBehavior [ RunTime:0.000000s ]
INFO: [ app_init ] --END-- [ RunTime:0.000000s ]
ERR: 无法加载模块:Lib

[ 2016-05-27T12:50:42+08:00 ] ::1 /thinkphp_3.2.3_core_extend/lib/exe/fetch.php?media=autodesign:ceshi.png
INFO: [ app_init ] --START--
INFO: Run Behavior\BuildLiteBehavior [ RunTime:0.000000s ]
INFO: [ app_init ] --END-- [ RunTime:0.000000s ]
ERR: 无法加载模块:Lib

[ 2016-05-27T12:50:42+08:00 ] ::1 /thinkphp_3.2.3_core_extend/lib/exe/fetch.php?media=autodesign:ceshi.png
INFO: [ app_init ] --START--
INFO: Run Behavior\BuildLiteBehavior [ RunTime:0.000000s ]
INFO: [ app_init ] --END-- [ RunTime:0.000000s ]
ERR: 无法加载模块:Lib

[ 2016-05-27T12:54:30+08:00 ] ::1 /thinkphp_3.2.3_core_extend/lib/exe/fetch.php?media=autodesign:ceshi.png
INFO: [ app_init ] --START--
INFO: Run Behavior\BuildLiteBehavior [ RunTime:0.000000s ]
INFO: [ app_init ] --END-- [ RunTime:0.000000s ]
ERR: 无法加载模块:Lib

[ 2016-05-27T12:54:30+08:00 ] ::1 /thinkphp_3.2.3_core_extend/lib/exe/fetch.php?media=autodesign:ceshi.png
INFO: [ app_init ] --START--
INFO: Run Behavior\BuildLiteBehavior [ RunTime:0.000000s ]
INFO: [ app_init ] --END-- [ RunTime:0.000000s ]
ERR: 无法加载模块:Lib

[ 2016-05-27T12:57:24+08:00 ] ::1 /thinkphp_3.2.3_core_extend/lib/exe/fetch.php?media=autodesign:ceshi.png
INFO: [ app_init ] --START--
INFO: Run Behavior\BuildLiteBehavior [ RunTime:0.000000s ]
INFO: [ app_init ] --END-- [ RunTime:0.000000s ]
ERR: 无法加载模块:Lib

[ 2016-05-27T13:00:57+08:00 ] ::1 /thinkphp_3.2.3_core_extend/lib/exe/fetch.php?media=autodesign:ceshi.png
INFO: [ app_init ] --START--
INFO: Run Behavior\BuildLiteBehavior [ RunTime:0.000000s ]
INFO: [ app_init ] --END-- [ RunTime:0.000000s ]
ERR: 无法加载模块:Lib

[ 2016-05-27T13:00:57+08:00 ] ::1 /thinkphp_3.2.3_core_extend/lib/exe/fetch.php?media=autodesign:ceshi.png
INFO: [ app_init ] --START--
INFO: Run Behavior\BuildLiteBehavior [ RunTime:0.000000s ]
INFO: [ app_init ] --END-- [ RunTime:0.000000s ]
ERR: 无法加载模块:Lib

[ 2016-05-27T13:01:08+08:00 ] ::1 /thinkphp_3.2.3_core_extend/lib/exe/fetch.php?media=autodesign:ceshi.png
INFO: [ app_init ] --START--
INFO: Run Behavior\BuildLiteBehavior [ RunTime:0.000000s ]
INFO: [ app_init ] --END-- [ RunTime:0.001000s ]
ERR: 无法加载模块:Lib

[ 2016-05-27T13:01:08+08:00 ] ::1 /thinkphp_3.2.3_core_extend/lib/exe/fetch.php?media=autodesign:ceshi.png
INFO: [ app_init ] --START--
INFO: Run Behavior\BuildLiteBehavior [ RunTime:0.000000s ]
INFO: [ app_init ] --END-- [ RunTime:0.001000s ]
ERR: 无法加载模块:Lib

[ 2016-05-27T13:01:12+08:00 ] ::1 /thinkphp_3.2.3_core_extend/lib/exe/fetch.php?media=autodesign:ceshi.png
INFO: [ app_init ] --START--
INFO: Run Behavior\BuildLiteBehavior [ RunTime:0.000000s ]
INFO: [ app_init ] --END-- [ RunTime:0.000000s ]
ERR: 无法加载模块:Lib

[ 2016-05-27T13:01:12+08:00 ] ::1 /thinkphp_3.2.3_core_extend/lib/exe/fetch.php?media=autodesign:ceshi.png
INFO: [ app_init ] --START--
INFO: Run Behavior\BuildLiteBehavior [ RunTime:0.000000s ]
INFO: [ app_init ] --END-- [ RunTime:0.000000s ]
ERR: 无法加载模块:Lib

[ 2016-05-27T13:01:18+08:00 ] ::1 /thinkphp_3.2.3_core_extend/lib/exe/fetch.php?media=autodesign:ceshi.png
INFO: [ app_init ] --START--
INFO: Run Behavior\BuildLiteBehavior [ RunTime:0.000000s ]
INFO: [ app_init ] --END-- [ RunTime:0.001000s ]
ERR: 无法加载模块:Lib

[ 2016-05-27T13:01:18+08:00 ] ::1 /thinkphp_3.2.3_core_extend/lib/exe/fetch.php?media=autodesign:ceshi.png
INFO: [ app_init ] --START--
INFO: Run Behavior\BuildLiteBehavior [ RunTime:0.000000s ]
INFO: [ app_init ] --END-- [ RunTime:0.001000s ]
ERR: 无法加载模块:Lib

[ 2016-05-27T13:03:38+08:00 ] ::1 /thinkphp_3.2.3_core_extend/lib/exe/fetch.php?media=autodesign:ceshi.png
INFO: [ app_init ] --START--
INFO: Run Behavior\BuildLiteBehavior [ RunTime:0.000000s ]
INFO: [ app_init ] --END-- [ RunTime:0.001000s ]
ERR: 无法加载模块:Lib

[ 2016-05-27T13:03:39+08:00 ] ::1 /thinkphp_3.2.3_core_extend/lib/exe/fetch.php?media=autodesign:ceshi.png
INFO: [ app_init ] --START--
INFO: Run Behavior\BuildLiteBehavior [ RunTime:0.000000s ]
INFO: [ app_init ] --END-- [ RunTime:0.001000s ]
ERR: 无法加载模块:Lib

[ 2016-05-27T13:03:46+08:00 ] ::1 /thinkphp_3.2.3_core_extend/lib/exe/fetch.php?media=autodesign:ceshi.png
INFO: [ app_init ] --START--
INFO: Run Behavior\BuildLiteBehavior [ RunTime:0.000000s ]
INFO: [ app_init ] --END-- [ RunTime:0.000000s ]
ERR: 无法加载模块:Lib

[ 2016-05-27T13:03:46+08:00 ] ::1 /thinkphp_3.2.3_core_extend/lib/exe/fetch.php?media=autodesign:ceshi.png
INFO: [ app_init ] --START--
INFO: Run Behavior\BuildLiteBehavior [ RunTime:0.000000s ]
INFO: [ app_init ] --END-- [ RunTime:0.001000s ]
ERR: 无法加载模块:Lib

[ 2016-05-27T13:03:51+08:00 ] ::1 /thinkphp_3.2.3_core_extend/lib/exe/fetch.php?media=autodesign:ceshi.png
INFO: [ app_init ] --START--
INFO: Run Behavior\BuildLiteBehavior [ RunTime:0.000000s ]
INFO: [ app_init ] --END-- [ RunTime:0.000000s ]
ERR: 无法加载模块:Lib

[ 2016-05-27T13:03:51+08:00 ] ::1 /thinkphp_3.2.3_core_extend/lib/exe/fetch.php?media=autodesign:ceshi.png
INFO: [ app_init ] --START--
INFO: Run Behavior\BuildLiteBehavior [ RunTime:0.000000s ]
INFO: [ app_init ] --END-- [ RunTime:0.000000s ]
ERR: 无法加载模块:Lib

[ 2016-05-27T13:04:54+08:00 ] ::1 /thinkphp_3.2.3_core_extend/lib/exe/fetch.php?media=autodesign:ceshi.png
INFO: [ app_init ] --START--
INFO: Run Behavior\BuildLiteBehavior [ RunTime:0.000000s ]
INFO: [ app_init ] --END-- [ RunTime:0.001000s ]
ERR: 无法加载模块:Lib

[ 2016-05-27T13:04:54+08:00 ] ::1 /thinkphp_3.2.3_core_extend/lib/exe/fetch.php?media=autodesign:ceshi.png
INFO: [ app_init ] --START--
INFO: Run Behavior\BuildLiteBehavior [ RunTime:0.000000s ]
INFO: [ app_init ] --END-- [ RunTime:0.000000s ]
ERR: 无法加载模块:Lib

[ 2016-05-27T13:06:17+08:00 ] ::1 /thinkphp_3.2.3_core_extend/lib/exe/fetch.php?media=autodesign:ceshi.png
INFO: [ app_init ] --START--
INFO: Run Behavior\BuildLiteBehavior [ RunTime:0.000000s ]
INFO: [ app_init ] --END-- [ RunTime:0.000000s ]
ERR: 无法加载模块:Lib

[ 2016-05-27T13:06:32+08:00 ] ::1 /thinkphp_3.2.3_core_extend/lib/exe/fetch.php?media=autodesign:ceshi.png
INFO: [ app_init ] --START--
INFO: Run Behavior\BuildLiteBehavior [ RunTime:0.000000s ]
INFO: [ app_init ] --END-- [ RunTime:0.000000s ]
ERR: 无法加载模块:Lib

[ 2016-05-27T13:06:33+08:00 ] ::1 /thinkphp_3.2.3_core_extend/lib/exe/fetch.php?media=autodesign:ceshi.png
INFO: [ app_init ] --START--
INFO: Run Behavior\BuildLiteBehavior [ RunTime:0.000000s ]
INFO: [ app_init ] --END-- [ RunTime:0.001000s ]
ERR: 无法加载模块:Lib

[ 2016-05-27T13:51:29+08:00 ] ::1 /thinkphp_3.2.3_core_extend/lib/exe/fetch.php?media=autodesign:ceshi.png
INFO: [ app_init ] --START--
INFO: Run Behavior\BuildLiteBehavior [ RunTime:0.000000s ]
INFO: [ app_init ] --END-- [ RunTime:0.000000s ]
ERR: 无法加载模块:Lib

[ 2016-05-27T13:51:29+08:00 ] ::1 /thinkphp_3.2.3_core_extend/lib/exe/fetch.php?media=autodesign:ceshi.png
INFO: [ app_init ] --START--
INFO: Run Behavior\BuildLiteBehavior [ RunTime:0.000000s ]
INFO: [ app_init ] --END-- [ RunTime:0.000000s ]
ERR: 无法加载模块:Lib

[ 2016-05-27T13:51:48+08:00 ] ::1 /thinkphp_3.2.3_core_extend/lib/exe/fetch.php?media=autodesign:ceshi.png
INFO: [ app_init ] --START--
INFO: Run Behavior\BuildLiteBehavior [ RunTime:0.000000s ]
INFO: [ app_init ] --END-- [ RunTime:0.001000s ]
ERR: 无法加载模块:Lib

[ 2016-05-27T13:52:08+08:00 ] ::1 /thinkphp_3.2.3_core_extend/lib/exe/fetch.php?media=autodesign:ceshi.png
INFO: [ app_init ] --START--
INFO: Run Behavior\BuildLiteBehavior [ RunTime:0.000000s ]
INFO: [ app_init ] --END-- [ RunTime:0.001000s ]
ERR: 无法加载模块:Lib

[ 2016-05-27T13:52:24+08:00 ] ::1 /thinkphp_3.2.3_core_extend/lib/exe/fetch.php?media=autodesign:ceshi.png
INFO: [ app_init ] --START--
INFO: Run Behavior\BuildLiteBehavior [ RunTime:0.000000s ]
INFO: [ app_init ] --END-- [ RunTime:0.000000s ]
ERR: 无法加载模块:Lib

[ 2016-05-27T13:52:24+08:00 ] ::1 /thinkphp_3.2.3_core_extend/lib/exe/fetch.php?media=autodesign:ceshi.png
INFO: [ app_init ] --START--
INFO: Run Behavior\BuildLiteBehavior [ RunTime:0.000000s ]
INFO: [ app_init ] --END-- [ RunTime:0.000000s ]
ERR: 无法加载模块:Lib

[ 2016-05-27T13:52:31+08:00 ] ::1 /thinkphp_3.2.3_core_extend/lib/exe/fetch.php?media=autodesign:ceshi.png
INFO: [ app_init ] --START--
INFO: Run Behavior\BuildLiteBehavior [ RunTime:0.000000s ]
INFO: [ app_init ] --END-- [ RunTime:0.001000s ]
ERR: 无法加载模块:Lib

[ 2016-05-27T13:52:37+08:00 ] ::1 /thinkphp_3.2.3_core_extend/lib/exe/fetch.php?media=autodesign:ceshi.png
INFO: [ app_init ] --START--
INFO: Run Behavior\BuildLiteBehavior [ RunTime:0.000000s ]
INFO: [ app_init ] --END-- [ RunTime:0.000000s ]
ERR: 无法加载模块:Lib

[ 2016-05-27T13:52:37+08:00 ] ::1 /thinkphp_3.2.3_core_extend/lib/exe/fetch.php?media=autodesign:ceshi.png
INFO: [ app_init ] --START--
INFO: Run Behavior\BuildLiteBehavior [ RunTime:0.000000s ]
INFO: [ app_init ] --END-- [ RunTime:0.000000s ]
ERR: 无法加载模块:Lib

[ 2016-05-27T13:52:50+08:00 ] ::1 /thinkphp_3.2.3_core_extend/lib/exe/fetch.php?media=autodesign:ceshi.png
INFO: [ app_init ] --START--
INFO: Run Behavior\BuildLiteBehavior [ RunTime:0.000000s ]
INFO: [ app_init ] --END-- [ RunTime:0.000000s ]
ERR: 无法加载模块:Lib

[ 2016-05-27T13:52:51+08:00 ] ::1 /thinkphp_3.2.3_core_extend/lib/exe/fetch.php?media=autodesign:ceshi.png
INFO: [ app_init ] --START--
INFO: Run Behavior\BuildLiteBehavior [ RunTime:0.000000s ]
INFO: [ app_init ] --END-- [ RunTime:0.001001s ]
ERR: 无法加载模块:Lib

[ 2016-05-27T13:53:09+08:00 ] ::1 /thinkphp_3.2.3_core_extend/lib/exe/fetch.php?media=autodesign:ceshi.png
INFO: [ app_init ] --START--
INFO: Run Behavior\BuildLiteBehavior [ RunTime:0.000000s ]
INFO: [ app_init ] --END-- [ RunTime:0.000000s ]
ERR: 无法加载模块:Lib

[ 2016-05-27T13:53:09+08:00 ] ::1 /thinkphp_3.2.3_core_extend/lib/exe/fetch.php?media=autodesign:ceshi.png
INFO: [ app_init ] --START--
INFO: Run Behavior\BuildLiteBehavior [ RunTime:0.000000s ]
INFO: [ app_init ] --END-- [ RunTime:0.000000s ]
ERR: 无法加载模块:Lib

[ 2016-05-27T13:53:22+08:00 ] ::1 /thinkphp_3.2.3_core_extend/lib/exe/fetch.php?media=autodesign:ceshi.png
INFO: [ app_init ] --START--
INFO: Run Behavior\BuildLiteBehavior [ RunTime:0.000000s ]
INFO: [ app_init ] --END-- [ RunTime:0.000000s ]
ERR: 无法加载模块:Lib

[ 2016-05-27T13:53:22+08:00 ] ::1 /thinkphp_3.2.3_core_extend/lib/exe/fetch.php?media=autodesign:ceshi.png
INFO: [ app_init ] --START--
INFO: Run Behavior\BuildLiteBehavior [ RunTime:0.000000s ]
INFO: [ app_init ] --END-- [ RunTime:0.000000s ]
ERR: 无法加载模块:Lib

[ 2016-05-27T13:53:30+08:00 ] ::1 /thinkphp_3.2.3_core_extend/lib/exe/fetch.php?media=autodesign:ceshi.png
INFO: [ app_init ] --START--
INFO: Run Behavior\BuildLiteBehavior [ RunTime:0.000000s ]
INFO: [ app_init ] --END-- [ RunTime:0.000000s ]
ERR: 无法加载模块:Lib

[ 2016-05-27T13:55:01+08:00 ] ::1 /thinkphp_3.2.3_core_extend/lib/exe/fetch.php?media=autodesign:ceshi.png
INFO: [ app_init ] --START--
INFO: Run Behavior\BuildLiteBehavior [ RunTime:0.000000s ]
INFO: [ app_init ] --END-- [ RunTime:0.000000s ]
ERR: 无法加载模块:Lib

[ 2016-05-27T13:55:01+08:00 ] ::1 /thinkphp_3.2.3_core_extend/lib/exe/fetch.php?media=autodesign:ceshi.png
INFO: [ app_init ] --START--
INFO: Run Behavior\BuildLiteBehavior [ RunTime:0.000000s ]
INFO: [ app_init ] --END-- [ RunTime:0.000000s ]
ERR: 无法加载模块:Lib

[ 2016-05-27T13:55:28+08:00 ] ::1 /thinkphp_3.2.3_core_extend/lib/exe/fetch.php?media=autodesign:ceshi.png
INFO: [ app_init ] --START--
INFO: Run Behavior\BuildLiteBehavior [ RunTime:0.000000s ]
INFO: [ app_init ] --END-- [ RunTime:0.000000s ]
ERR: 无法加载模块:Lib

[ 2016-05-27T13:55:28+08:00 ] ::1 /thinkphp_3.2.3_core_extend/lib/exe/fetch.php?media=autodesign:ceshi.png
INFO: [ app_init ] --START--
INFO: Run Behavior\BuildLiteBehavior [ RunTime:0.000000s ]
INFO: [ app_init ] --END-- [ RunTime:0.000000s ]
ERR: 无法加载模块:Lib

[ 2016-05-27T13:55:37+08:00 ] ::1 /thinkphp_3.2.3_core_extend/lib/exe/fetch.php?media=autodesign:ceshi.png
INFO: [ app_init ] --START--
INFO: Run Behavior\BuildLiteBehavior [ RunTime:0.000000s ]
INFO: [ app_init ] --END-- [ RunTime:0.000000s ]
ERR: 无法加载模块:Lib

[ 2016-05-27T13:56:32+08:00 ] ::1 /thinkphp_3.2.3_core_extend/lib/exe/fetch.php?media=autodesign:ceshi.png
INFO: [ app_init ] --START--
INFO: Run Behavior\BuildLiteBehavior [ RunTime:0.000000s ]
INFO: [ app_init ] --END-- [ RunTime:0.000000s ]
ERR: 无法加载模块:Lib

[ 2016-05-27T13:57:09+08:00 ] ::1 /thinkphp_3.2.3_core_extend/lib/exe/fetch.php?media=autodesign:ceshi.png
INFO: [ app_init ] --START--
INFO: Run Behavior\BuildLiteBehavior [ RunTime:0.000000s ]
INFO: [ app_init ] --END-- [ RunTime:0.001000s ]
ERR: 无法加载模块:Lib

[ 2016-05-27T13:57:09+08:00 ] ::1 /thinkphp_3.2.3_core_extend/lib/exe/fetch.php?media=autodesign:ceshi.png
INFO: [ app_init ] --START--
INFO: Run Behavior\BuildLiteBehavior [ RunTime:0.000000s ]
INFO: [ app_init ] --END-- [ RunTime:0.000000s ]
ERR: 无法加载模块:Lib

[ 2016-05-27T13:57:16+08:00 ] ::1 /thinkphp_3.2.3_core_extend/lib/exe/fetch.php?media=autodesign:ceshi.png
INFO: [ app_init ] --START--
INFO: Run Behavior\BuildLiteBehavior [ RunTime:0.000000s ]
INFO: [ app_init ] --END-- [ RunTime:0.000000s ]
ERR: 无法加载模块:Lib

[ 2016-05-27T13:57:56+08:00 ] ::1 /thinkphp_3.2.3_core_extend/lib/exe/fetch.php?media=autodesign:ceshi.png
INFO: [ app_init ] --START--
INFO: Run Behavior\BuildLiteBehavior [ RunTime:0.001000s ]
INFO: [ app_init ] --END-- [ RunTime:0.001000s ]
ERR: 无法加载模块:Lib

[ 2016-05-27T14:01:51+08:00 ] ::1 /thinkphp_3.2.3_core_extend/lib/exe/fetch.php?media=autodesign:ceshi.png
INFO: [ app_init ] --START--
INFO: Run Behavior\BuildLiteBehavior [ RunTime:0.000000s ]
INFO: [ app_init ] --END-- [ RunTime:0.000000s ]
ERR: 无法加载模块:Lib

[ 2016-05-27T14:03:01+08:00 ] ::1 /thinkphp_3.2.3_core_extend/lib/exe/fetch.php?media=autodesign:ceshi.png
INFO: [ app_init ] --START--
INFO: Run Behavior\BuildLiteBehavior [ RunTime:0.000000s ]
INFO: [ app_init ] --END-- [ RunTime:0.000000s ]
ERR: 无法加载模块:Lib

[ 2016-05-27T14:03:01+08:00 ] ::1 /thinkphp_3.2.3_core_extend/lib/exe/fetch.php?media=autodesign:ceshi.png
INFO: [ app_init ] --START--
INFO: Run Behavior\BuildLiteBehavior [ RunTime:0.000000s ]
INFO: [ app_init ] --END-- [ RunTime:0.001000s ]
ERR: 无法加载模块:Lib

[ 2016-05-27T14:04:10+08:00 ] ::1 /thinkphp_3.2.3_core_extend/lib/exe/fetch.php?media=autodesign:ceshi.png
INFO: [ app_init ] --START--
INFO: Run Behavior\BuildLiteBehavior [ RunTime:0.000000s ]
INFO: [ app_init ] --END-- [ RunTime:0.001000s ]
ERR: 无法加载模块:Lib

[ 2016-05-27T14:04:52+08:00 ] ::1 /thinkphp_3.2.3_core_extend/lib/exe/fetch.php?media=autodesign:ceshi.png
INFO: [ app_init ] --START--
INFO: Run Behavior\BuildLiteBehavior [ RunTime:0.000000s ]
INFO: [ app_init ] --END-- [ RunTime:0.000000s ]
ERR: 无法加载模块:Lib

[ 2016-05-27T14:04:52+08:00 ] ::1 /thinkphp_3.2.3_core_extend/lib/exe/fetch.php?media=autodesign:ceshi.png
INFO: [ app_init ] --START--
INFO: Run Behavior\BuildLiteBehavior [ RunTime:0.000000s ]
INFO: [ app_init ] --END-- [ RunTime:0.001000s ]
ERR: 无法加载模块:Lib

[ 2016-05-27T14:05:46+08:00 ] ::1 /thinkphp_3.2.3_core_extend/lib/exe/fetch.php?media=autodesign:ceshi.png
INFO: [ app_init ] --START--
INFO: Run Behavior\BuildLiteBehavior [ RunTime:0.000000s ]
INFO: [ app_init ] --END-- [ RunTime:0.000000s ]
ERR: 无法加载模块:Lib

[ 2016-05-27T14:06:37+08:00 ] ::1 /thinkphp_3.2.3_core_extend/lib/exe/fetch.php?media=autodesign:ceshi.png
INFO: [ app_init ] --START--
INFO: Run Behavior\BuildLiteBehavior [ RunTime:0.000000s ]
INFO: [ app_init ] --END-- [ RunTime:0.000000s ]
ERR: 无法加载模块:Lib

[ 2016-05-27T14:06:38+08:00 ] ::1 /thinkphp_3.2.3_core_extend/lib/exe/fetch.php?media=autodesign:ceshi.png
INFO: [ app_init ] --START--
INFO: Run Behavior\BuildLiteBehavior [ RunTime:0.000000s ]
INFO: [ app_init ] --END-- [ RunTime:0.000000s ]
ERR: 无法加载模块:Lib

[ 2016-05-27T14:06:42+08:00 ] ::1 /thinkphp_3.2.3_core_extend/lib/exe/fetch.php?media=autodesign:ceshi.png
INFO: [ app_init ] --START--
INFO: Run Behavior\BuildLiteBehavior [ RunTime:0.000000s ]
INFO: [ app_init ] --END-- [ RunTime:0.000000s ]
ERR: 无法加载模块:Lib

[ 2016-05-27T14:06:43+08:00 ] ::1 /thinkphp_3.2.3_core_extend/lib/exe/fetch.php?media=autodesign:ceshi.png
INFO: [ app_init ] --START--
INFO: Run Behavior\BuildLiteBehavior [ RunTime:0.000000s ]
INFO: [ app_init ] --END-- [ RunTime:0.000000s ]
ERR: 无法加载模块:Lib

[ 2016-05-27T14:07:38+08:00 ] ::1 /thinkphp_3.2.3_core_extend/lib/exe/fetch.php?media=autodesign:ceshi.png
INFO: [ app_init ] --START--
INFO: Run Behavior\BuildLiteBehavior [ RunTime:0.000000s ]
INFO: [ app_init ] --END-- [ RunTime:0.000000s ]
ERR: 无法加载模块:Lib

[ 2016-05-27T14:07:57+08:00 ] ::1 /thinkphp_3.2.3_core_extend/lib/exe/fetch.php?media=autodesign:ceshi.png
INFO: [ app_init ] --START--
INFO: Run Behavior\BuildLiteBehavior [ RunTime:0.000000s ]
INFO: [ app_init ] --END-- [ RunTime:0.000000s ]
ERR: 无法加载模块:Lib

[ 2016-05-27T14:07:57+08:00 ] ::1 /thinkphp_3.2.3_core_extend/lib/exe/fetch.php?media=autodesign:ceshi.png
INFO: [ app_init ] --START--
INFO: Run Behavior\BuildLiteBehavior [ RunTime:0.000000s ]
INFO: [ app_init ] --END-- [ RunTime:0.000000s ]
ERR: 无法加载模块:Lib

[ 2016-05-27T14:08:32+08:00 ] ::1 /thinkphp_3.2.3_core_extend/lib/exe/fetch.php?media=autodesign:ceshi.png
INFO: [ app_init ] --START--
INFO: Run Behavior\BuildLiteBehavior [ RunTime:0.000000s ]
INFO: [ app_init ] --END-- [ RunTime:0.000000s ]
ERR: 无法加载模块:Lib

[ 2016-05-27T14:22:09+08:00 ] ::1 /thinkphp_3.2.3_core_extend/lib/exe/fetch.php?media=autodesign:ceshi.png
INFO: [ app_init ] --START--
INFO: Run Behavior\BuildLiteBehavior [ RunTime:0.000000s ]
INFO: [ app_init ] --END-- [ RunTime:0.001000s ]
ERR: 无法加载模块:Lib

[ 2016-05-27T14:22:10+08:00 ] ::1 /thinkphp_3.2.3_core_extend/lib/exe/fetch.php?media=autodesign:ceshi.png
INFO: [ app_init ] --START--
INFO: Run Behavior\BuildLiteBehavior [ RunTime:0.000000s ]
INFO: [ app_init ] --END-- [ RunTime:0.000000s ]
ERR: 无法加载模块:Lib

[ 2016-05-27T14:22:45+08:00 ] ::1 /thinkphp_3.2.3_core_extend/lib/exe/fetch.php?media=autodesign:ceshi.png
INFO: [ app_init ] --START--
INFO: Run Behavior\BuildLiteBehavior [ RunTime:0.000000s ]
INFO: [ app_init ] --END-- [ RunTime:0.001000s ]
ERR: 无法加载模块:Lib

[ 2016-05-27T14:22:46+08:00 ] ::1 /thinkphp_3.2.3_core_extend/lib/exe/fetch.php?media=autodesign:ceshi.png
INFO: [ app_init ] --START--
INFO: Run Behavior\BuildLiteBehavior [ RunTime:0.000000s ]
INFO: [ app_init ] --END-- [ RunTime:0.001000s ]
ERR: 无法加载模块:Lib

[ 2016-05-27T14:24:23+08:00 ] ::1 /thinkphp_3.2.3_core_extend/lib/exe/fetch111.php?media=autodesign:ceshi.png
INFO: [ app_init ] --START--
INFO: Run Behavior\BuildLiteBehavior [ RunTime:0.000000s ]
INFO: [ app_init ] --END-- [ RunTime:0.000000s ]
ERR: 无法加载模块:Lib

[ 2016-05-27T14:24:23+08:00 ] ::1 /thinkphp_3.2.3_core_extend/lib/exe/fetch111.php?media=autodesign:ceshi.png
INFO: [ app_init ] --START--
INFO: Run Behavior\BuildLiteBehavior [ RunTime:0.000000s ]
INFO: [ app_init ] --END-- [ RunTime:0.001000s ]
ERR: 无法加载模块:Lib

[ 2016-05-27T14:27:06+08:00 ] ::1 /thinkphp_3.2.3_core_extend/lib/exe/fetch.php?media=autodesign:ceshi.png
INFO: [ app_init ] --START--
INFO: Run Behavior\BuildLiteBehavior [ RunTime:0.000000s ]
INFO: [ app_init ] --END-- [ RunTime:0.001000s ]
ERR: 无法加载模块:Lib

[ 2016-05-27T14:27:06+08:00 ] ::1 /thinkphp_3.2.3_core_extend/lib/exe/fetch.php?media=autodesign:ceshi.png
INFO: [ app_init ] --START--
INFO: Run Behavior\BuildLiteBehavior [ RunTime:0.000000s ]
INFO: [ app_init ] --END-- [ RunTime:0.001000s ]
ERR: 无法加载模块:Lib

[ 2016-05-27T14:27:07+08:00 ] ::1 /thinkphp_3.2.3_core_extend/lib/exe/fetch.php?media=autodesign:ceshi.png
INFO: [ app_init ] --START--
INFO: Run Behavior\BuildLiteBehavior [ RunTime:0.000000s ]
INFO: [ app_init ] --END-- [ RunTime:0.000000s ]
ERR: 无法加载模块:Lib

[ 2016-05-27T14:27:08+08:00 ] ::1 /thinkphp_3.2.3_core_extend/lib/exe/fetch.php?media=autodesign:ceshi.png
INFO: [ app_init ] --START--
INFO: Run Behavior\BuildLiteBehavior [ RunTime:0.000000s ]
INFO: [ app_init ] --END-- [ RunTime:0.000000s ]
ERR: 无法加载模块:Lib

[ 2016-05-27T14:30:58+08:00 ] ::1 /thinkphp_3.2.3_core_extend/lib/exe/fetch.php?media=autodesign:ceshi.png
INFO: [ app_init ] --START--
INFO: Run Behavior\BuildLiteBehavior [ RunTime:0.000000s ]
INFO: [ app_init ] --END-- [ RunTime:0.000000s ]
ERR: 无法加载模块:Lib

[ 2016-05-27T14:30:58+08:00 ] ::1 /thinkphp_3.2.3_core_extend/lib/exe/fetch.php?media=autodesign:ceshi.png
INFO: [ app_init ] --START--
INFO: Run Behavior\BuildLiteBehavior [ RunTime:0.000000s ]
INFO: [ app_init ] --END-- [ RunTime:0.000000s ]
ERR: 无法加载模块:Lib

[ 2016-05-27T14:31:35+08:00 ] ::1 /thinkphp_3.2.3_core_extend/lib/exe/fetch.php?media=autodesign:ceshi.png
INFO: [ app_init ] --START--
INFO: Run Behavior\BuildLiteBehavior [ RunTime:0.000000s ]
INFO: [ app_init ] --END-- [ RunTime:0.001001s ]
ERR: 无法加载模块:Lib

[ 2016-05-27T14:32:13+08:00 ] ::1 /thinkphp_3.2.3_core_extend/lib/exe/fetch.php?media=autodesign:ceshi.png
INFO: [ app_init ] --START--
INFO: Run Behavior\BuildLiteBehavior [ RunTime:0.000000s ]
INFO: [ app_init ] --END-- [ RunTime:0.000000s ]
ERR: 无法加载模块:Lib

[ 2016-05-27T14:45:04+08:00 ] ::1 /thinkphp_3.2.3_core_extend/Public/dokuwiki/Public/dokuwiki/lib/exe/css.php?t=dokuwiki&tseed=5eafc87701e7e248099ff46380e5294e
INFO: [ app_init ] --START--
INFO: Run Behavior\BuildLiteBehavior [ RunTime:0.000000s ]
INFO: [ app_init ] --END-- [ RunTime:0.000000s ]
ERR: 无法加载模块:Public

[ 2016-05-27T14:45:04+08:00 ] ::1 /thinkphp_3.2.3_core_extend/Public/dokuwiki/Public/dokuwiki/lib/exe/js.php?t=dokuwiki&tseed=5eafc87701e7e248099ff46380e5294e
INFO: [ app_init ] --START--
INFO: Run Behavior\BuildLiteBehavior [ RunTime:0.000000s ]
INFO: [ app_init ] --END-- [ RunTime:0.001000s ]
ERR: 无法加载模块:Public

[ 2016-05-27T14:45:04+08:00 ] ::1 /thinkphp_3.2.3_core_extend/Public/dokuwiki/Public/dokuwiki/lib/exe/fetch.php?cache=&w=86&h=30&tok=2abb83&media=autodesign:ceshi.png
INFO: [ app_init ] --START--
INFO: Run Behavior\BuildLiteBehavior [ RunTime:0.000000s ]
INFO: [ app_init ] --END-- [ RunTime:0.000000s ]
ERR: 无法加载模块:Public

[ 2016-05-27T14:45:37+08:00 ] ::1 /thinkphp_3.2.3_core_extend/Public/dokuwiki/Public/dokuwiki/lib/exe/css.php?t=dokuwiki&tseed=5eafc87701e7e248099ff46380e5294e
INFO: [ app_init ] --START--
INFO: Run Behavior\BuildLiteBehavior [ RunTime:0.000000s ]
INFO: [ app_init ] --END-- [ RunTime:0.000000s ]
ERR: 无法加载模块:Public

[ 2016-05-27T14:45:37+08:00 ] ::1 /thinkphp_3.2.3_core_extend/Public/dokuwiki/Public/dokuwiki/lib/exe/js.php?t=dokuwiki&tseed=5eafc87701e7e248099ff46380e5294e
INFO: [ app_init ] --START--
INFO: Run Behavior\BuildLiteBehavior [ RunTime:0.000000s ]
INFO: [ app_init ] --END-- [ RunTime:0.000000s ]
ERR: 无法加载模块:Public

[ 2016-05-27T14:45:37+08:00 ] ::1 /thinkphp_3.2.3_core_extend/Public/dokuwiki/Public/dokuwiki/lib/exe/fetch.php?cache=&media=
INFO: [ app_init ] --START--
INFO: Run Behavior\BuildLiteBehavior [ RunTime:0.000000s ]
INFO: [ app_init ] --END-- [ RunTime:0.001000s ]
ERR: 无法加载模块:Public

[ 2016-05-27T14:45:39+08:00 ] ::1 /thinkphp_3.2.3_core_extend/Public/dokuwiki/Public/dokuwiki/lib/exe/fetch.php?cache=&media=
INFO: [ app_init ] --START--
INFO: Run Behavior\BuildLiteBehavior [ RunTime:0.001000s ]
INFO: [ app_init ] --END-- [ RunTime:0.001000s ]
ERR: 无法加载模块:Public

[ 2016-05-27T14:45:48+08:00 ] ::1 /thinkphp_3.2.3_core_extend/Public/dokuwiki/Public/dokuwiki/lib/exe/fetch.php?cache=&media=
INFO: [ app_init ] --START--
INFO: Run Behavior\BuildLiteBehavior [ RunTime:0.000000s ]
INFO: [ app_init ] --END-- [ RunTime:0.000000s ]
ERR: 无法加载模块:Public

[ 2016-05-27T14:46:50+08:00 ] ::1 /thinkphp_3.2.3_core_extend/Public/dokuwiki/Public/dokuwiki/lib/exe/css.php?t=dokuwiki&tseed=5eafc87701e7e248099ff46380e5294e
INFO: [ app_init ] --START--
INFO: Run Behavior\BuildLiteBehavior [ RunTime:0.000000s ]
INFO: [ app_init ] --END-- [ RunTime:0.000000s ]
ERR: 无法加载模块:Public

[ 2016-05-27T14:46:50+08:00 ] ::1 /thinkphp_3.2.3_core_extend/Public/dokuwiki/Public/dokuwiki/lib/exe/js.php?t=dokuwiki&tseed=5eafc87701e7e248099ff46380e5294e
INFO: [ app_init ] --START--
INFO: Run Behavior\BuildLiteBehavior [ RunTime:0.000000s ]
INFO: [ app_init ] --END-- [ RunTime:0.001000s ]
ERR: 无法加载模块:Public

[ 2016-05-27T14:46:50+08:00 ] ::1 /thinkphp_3.2.3_core_extend/Public/dokuwiki/Public/dokuwiki/lib/exe/fetch.php?cache=&media=
INFO: [ app_init ] --START--
INFO: Run Behavior\BuildLiteBehavior [ RunTime:0.000000s ]
INFO: [ app_init ] --END-- [ RunTime:0.000000s ]
ERR: 无法加载模块:Public

[ 2016-05-27T14:46:56+08:00 ] ::1 /thinkphp_3.2.3_core_extend/Public/dokuwiki/Public/dokuwiki/lib/exe/css.php?t=dokuwiki&tseed=5eafc87701e7e248099ff46380e5294e
INFO: [ app_init ] --START--
INFO: Run Behavior\BuildLiteBehavior [ RunTime:0.000000s ]
INFO: [ app_init ] --END-- [ RunTime:0.000000s ]
ERR: 无法加载模块:Public

[ 2016-05-27T14:46:56+08:00 ] ::1 /thinkphp_3.2.3_core_extend/Public/dokuwiki/Public/dokuwiki/lib/exe/js.php?t=dokuwiki&tseed=5eafc87701e7e248099ff46380e5294e
INFO: [ app_init ] --START--
INFO: Run Behavior\BuildLiteBehavior [ RunTime:0.000000s ]
INFO: [ app_init ] --END-- [ RunTime:0.000000s ]
ERR: 无法加载模块:Public

[ 2016-05-27T14:46:56+08:00 ] ::1 /thinkphp_3.2.3_core_extend/Public/dokuwiki/Public/dokuwiki/lib/exe/fetch.php?cache=&media=
INFO: [ app_init ] --START--
INFO: Run Behavior\BuildLiteBehavior [ RunTime:0.000000s ]
INFO: [ app_init ] --END-- [ RunTime:0.000000s ]
ERR: 无法加载模块:Public

[ 2016-05-27T14:46:59+08:00 ] ::1 /thinkphp_3.2.3_core_extend/Public/dokuwiki/Public/dokuwiki/lib/exe/js.php?t=dokuwiki&tseed=5eafc87701e7e248099ff46380e5294e
INFO: [ app_init ] --START--
INFO: Run Behavior\BuildLiteBehavior [ RunTime:0.000000s ]
INFO: [ app_init ] --END-- [ RunTime:0.000000s ]
ERR: 无法加载模块:Public

[ 2016-05-27T14:46:59+08:00 ] ::1 /thinkphp_3.2.3_core_extend/Public/dokuwiki/Public/dokuwiki/lib/exe/css.php?t=dokuwiki&tseed=5eafc87701e7e248099ff46380e5294e
INFO: [ app_init ] --START--
INFO: Run Behavior\BuildLiteBehavior [ RunTime:0.000000s ]
INFO: [ app_init ] --END-- [ RunTime:0.000000s ]
ERR: 无法加载模块:Public

[ 2016-05-27T14:46:59+08:00 ] ::1 /thinkphp_3.2.3_core_extend/Public/dokuwiki/Public/dokuwiki/lib/exe/fetch.php?cache=&media=
INFO: [ app_init ] --START--
INFO: Run Behavior\BuildLiteBehavior [ RunTime:0.000000s ]
INFO: [ app_init ] --END-- [ RunTime:0.001000s ]
ERR: 无法加载模块:Public

[ 2016-05-27T14:47:00+08:00 ] ::1 /thinkphp_3.2.3_core_extend/Public/dokuwiki/Public/dokuwiki/lib/exe/css.php?t=dokuwiki&tseed=5eafc87701e7e248099ff46380e5294e
INFO: [ app_init ] --START--
INFO: Run Behavior\BuildLiteBehavior [ RunTime:0.000000s ]
INFO: [ app_init ] --END-- [ RunTime:0.000000s ]
ERR: 无法加载模块:Public

[ 2016-05-27T14:47:00+08:00 ] ::1 /thinkphp_3.2.3_core_extend/Public/dokuwiki/Public/dokuwiki/lib/exe/js.php?t=dokuwiki&tseed=5eafc87701e7e248099ff46380e5294e
INFO: [ app_init ] --START--
INFO: Run Behavior\BuildLiteBehavior [ RunTime:0.000000s ]
INFO: [ app_init ] --END-- [ RunTime:0.000000s ]
ERR: 无法加载模块:Public

[ 2016-05-27T14:47:00+08:00 ] ::1 /thinkphp_3.2.3_core_extend/Public/dokuwiki/Public/dokuwiki/lib/exe/fetch.php?cache=&media=
INFO: [ app_init ] --START--
INFO: Run Behavior\BuildLiteBehavior [ RunTime:0.000000s ]
INFO: [ app_init ] --END-- [ RunTime:0.000000s ]
ERR: 无法加载模块:Public

[ 2016-05-27T14:47:01+08:00 ] ::1 /thinkphp_3.2.3_core_extend/Public/dokuwiki/Public/dokuwiki/lib/exe/css.php?t=dokuwiki&tseed=5eafc87701e7e248099ff46380e5294e
INFO: [ app_init ] --START--
INFO: Run Behavior\BuildLiteBehavior [ RunTime:0.000000s ]
INFO: [ app_init ] --END-- [ RunTime:0.000000s ]
ERR: 无法加载模块:Public

[ 2016-05-27T14:47:01+08:00 ] ::1 /thinkphp_3.2.3_core_extend/Public/dokuwiki/Public/dokuwiki/lib/exe/js.php?t=dokuwiki&tseed=5eafc87701e7e248099ff46380e5294e
INFO: [ app_init ] --START--
INFO: Run Behavior\BuildLiteBehavior [ RunTime:0.000000s ]
INFO: [ app_init ] --END-- [ RunTime:0.000000s ]
ERR: 无法加载模块:Public

[ 2016-05-27T14:47:01+08:00 ] ::1 /thinkphp_3.2.3_core_extend/Public/dokuwiki/Public/dokuwiki/lib/exe/fetch.php?cache=&media=
INFO: [ app_init ] --START--
INFO: Run Behavior\BuildLiteBehavior [ RunTime:0.000000s ]
INFO: [ app_init ] --END-- [ RunTime:0.000000s ]
ERR: 无法加载模块:Public

[ 2016-05-27T14:47:02+08:00 ] ::1 /thinkphp_3.2.3_core_extend/Public/dokuwiki/Public/dokuwiki/lib/exe/js.php?t=dokuwiki&tseed=5eafc87701e7e248099ff46380e5294e
INFO: [ app_init ] --START--
INFO: Run Behavior\BuildLiteBehavior [ RunTime:0.000000s ]
INFO: [ app_init ] --END-- [ RunTime:0.001000s ]
ERR: 无法加载模块:Public

[ 2016-05-27T14:47:02+08:00 ] ::1 /thinkphp_3.2.3_core_extend/Public/dokuwiki/Public/dokuwiki/lib/exe/css.php?t=dokuwiki&tseed=5eafc87701e7e248099ff46380e5294e
INFO: [ app_init ] --START--
INFO: Run Behavior\BuildLiteBehavior [ RunTime:0.000000s ]
INFO: [ app_init ] --END-- [ RunTime:0.000000s ]
ERR: 无法加载模块:Public

[ 2016-05-27T14:47:02+08:00 ] ::1 /thinkphp_3.2.3_core_extend/Public/dokuwiki/Public/dokuwiki/lib/exe/fetch.php?cache=&media=
INFO: [ app_init ] --START--
INFO: Run Behavior\BuildLiteBehavior [ RunTime:0.000000s ]
INFO: [ app_init ] --END-- [ RunTime:0.000000s ]
ERR: 无法加载模块:Public

[ 2016-05-27T14:47:03+08:00 ] ::1 /thinkphp_3.2.3_core_extend/Public/dokuwiki/Public/dokuwiki/lib/exe/css.php?t=dokuwiki&tseed=5eafc87701e7e248099ff46380e5294e
INFO: [ app_init ] --START--
INFO: Run Behavior\BuildLiteBehavior [ RunTime:0.000000s ]
INFO: [ app_init ] --END-- [ RunTime:0.001000s ]
ERR: 无法加载模块:Public

[ 2016-05-27T14:47:03+08:00 ] ::1 /thinkphp_3.2.3_core_extend/Public/dokuwiki/Public/dokuwiki/lib/exe/js.php?t=dokuwiki&tseed=5eafc87701e7e248099ff46380e5294e
INFO: [ app_init ] --START--
INFO: Run Behavior\BuildLiteBehavior [ RunTime:0.000000s ]
INFO: [ app_init ] --END-- [ RunTime:0.001000s ]
ERR: 无法加载模块:Public

[ 2016-05-27T14:47:03+08:00 ] ::1 /thinkphp_3.2.3_core_extend/Public/dokuwiki/Public/dokuwiki/lib/exe/fetch.php?cache=&media=
INFO: [ app_init ] --START--
INFO: Run Behavior\BuildLiteBehavior [ RunTime:0.000000s ]
INFO: [ app_init ] --END-- [ RunTime:0.001000s ]
ERR: 无法加载模块:Public

[ 2016-05-27T14:47:04+08:00 ] ::1 /thinkphp_3.2.3_core_extend/Public/dokuwiki/Public/dokuwiki/lib/exe/css.php?t=dokuwiki&tseed=5eafc87701e7e248099ff46380e5294e
INFO: [ app_init ] --START--
INFO: Run Behavior\BuildLiteBehavior [ RunTime:0.000000s ]
INFO: [ app_init ] --END-- [ RunTime:0.000000s ]
ERR: 无法加载模块:Public

[ 2016-05-27T14:47:04+08:00 ] ::1 /thinkphp_3.2.3_core_extend/Public/dokuwiki/Public/dokuwiki/lib/exe/js.php?t=dokuwiki&tseed=5eafc87701e7e248099ff46380e5294e
INFO: [ app_init ] --START--
INFO: Run Behavior\BuildLiteBehavior [ RunTime:0.000000s ]
INFO: [ app_init ] --END-- [ RunTime:0.000000s ]
ERR: 无法加载模块:Public

[ 2016-05-27T14:47:04+08:00 ] ::1 /thinkphp_3.2.3_core_extend/Public/dokuwiki/Public/dokuwiki/lib/exe/fetch.php?cache=&media=
INFO: [ app_init ] --START--
INFO: Run Behavior\BuildLiteBehavior [ RunTime:0.000000s ]
INFO: [ app_init ] --END-- [ RunTime:0.001000s ]
ERR: 无法加载模块:Public

[ 2016-05-27T14:47:05+08:00 ] ::1 /thinkphp_3.2.3_core_extend/Public/dokuwiki/Public/dokuwiki/lib/exe/js.php?t=dokuwiki&tseed=5eafc87701e7e248099ff46380e5294e
INFO: [ app_init ] --START--
INFO: Run Behavior\BuildLiteBehavior [ RunTime:0.000000s ]
INFO: [ app_init ] --END-- [ RunTime:0.001000s ]
ERR: 无法加载模块:Public

[ 2016-05-27T14:47:05+08:00 ] ::1 /thinkphp_3.2.3_core_extend/Public/dokuwiki/Public/dokuwiki/lib/exe/css.php?t=dokuwiki&tseed=5eafc87701e7e248099ff46380e5294e
INFO: [ app_init ] --START--
INFO: Run Behavior\BuildLiteBehavior [ RunTime:0.000000s ]
INFO: [ app_init ] --END-- [ RunTime:0.000000s ]
ERR: 无法加载模块:Public

[ 2016-05-27T14:47:05+08:00 ] ::1 /thinkphp_3.2.3_core_extend/Public/dokuwiki/Public/dokuwiki/lib/exe/fetch.php?cache=&media=
INFO: [ app_init ] --START--
INFO: Run Behavior\BuildLiteBehavior [ RunTime:0.000000s ]
INFO: [ app_init ] --END-- [ RunTime:0.000000s ]
ERR: 无法加载模块:Public

[ 2016-05-27T14:47:13+08:00 ] ::1 /thinkphp_3.2.3_core_extend/Public/dokuwiki/Public/dokuwiki/lib/exe/css.php?t=dokuwiki&tseed=5eafc87701e7e248099ff46380e5294e
INFO: [ app_init ] --START--
INFO: Run Behavior\BuildLiteBehavior [ RunTime:0.000000s ]
INFO: [ app_init ] --END-- [ RunTime:0.001000s ]
ERR: 无法加载模块:Public

[ 2016-05-27T14:49:38+08:00 ] ::1 /thinkphp_3.2.3_core_extend/Public/dokuwiki/Public/dokuwiki/lib/exe/css.php?t=dokuwiki&tseed=5eafc87701e7e248099ff46380e5294e
INFO: [ app_init ] --START--
INFO: Run Behavior\BuildLiteBehavior [ RunTime:0.000000s ]
INFO: [ app_init ] --END-- [ RunTime:0.000000s ]
ERR: 无法加载模块:Public

[ 2016-05-27T14:49:38+08:00 ] ::1 /thinkphp_3.2.3_core_extend/Public/dokuwiki/Public/dokuwiki/lib/exe/js.php?t=dokuwiki&tseed=5eafc87701e7e248099ff46380e5294e
INFO: [ app_init ] --START--
INFO: Run Behavior\BuildLiteBehavior [ RunTime:0.000000s ]
INFO: [ app_init ] --END-- [ RunTime:0.001000s ]
ERR: 无法加载模块:Public

[ 2016-05-27T14:49:38+08:00 ] ::1 /thinkphp_3.2.3_core_extend/Public/dokuwiki/Public/dokuwiki/lib/exe/fetch.php?cache=&media=
INFO: [ app_init ] --START--
INFO: Run Behavior\BuildLiteBehavior [ RunTime:0.000000s ]
INFO: [ app_init ] --END-- [ RunTime:0.001000s ]
ERR: 无法加载模块:Public

[ 2016-05-27T14:52:25+08:00 ] ::1 /thinkphp_3.2.3_core_extend/Public/dokuwiki/Public/dokuwiki/lib/exe/css.php?t=dokuwiki&tseed=5eafc87701e7e248099ff46380e5294e
INFO: [ app_init ] --START--
INFO: Run Behavior\BuildLiteBehavior [ RunTime:0.000000s ]
INFO: [ app_init ] --END-- [ RunTime:0.001000s ]
ERR: 无法加载模块:Public

[ 2016-05-27T14:52:25+08:00 ] ::1 /thinkphp_3.2.3_core_extend/Public/dokuwiki/Public/dokuwiki/lib/exe/js.php?t=dokuwiki&tseed=5eafc87701e7e248099ff46380e5294e
INFO: [ app_init ] --START--
INFO: Run Behavior\BuildLiteBehavior [ RunTime:0.000000s ]
INFO: [ app_init ] --END-- [ RunTime:0.001000s ]
ERR: 无法加载模块:Public

[ 2016-05-27T14:52:25+08:00 ] ::1 /thinkphp_3.2.3_core_extend/Public/dokuwiki/Public/dokuwiki/lib/exe/fetch.php?cache=&media=
INFO: [ app_init ] --START--
INFO: Run Behavior\BuildLiteBehavior [ RunTime:0.000000s ]
INFO: [ app_init ] --END-- [ RunTime:0.000000s ]
ERR: 无法加载模块:Public

[ 2016-05-27T14:52:41+08:00 ] ::1 /thinkphp_3.2.3_core_extend/Public/dokuwiki/Public/dokuwiki/lib/exe/css.php?t=dokuwiki&tseed=5eafc87701e7e248099ff46380e5294e
INFO: [ app_init ] --START--
INFO: Run Behavior\BuildLiteBehavior [ RunTime:0.000000s ]
INFO: [ app_init ] --END-- [ RunTime:0.000000s ]
ERR: 无法加载模块:Public

[ 2016-05-27T14:52:41+08:00 ] ::1 /thinkphp_3.2.3_core_extend/Public/dokuwiki/Public/dokuwiki/lib/exe/js.php?t=dokuwiki&tseed=5eafc87701e7e248099ff46380e5294e
INFO: [ app_init ] --START--
INFO: Run Behavior\BuildLiteBehavior [ RunTime:0.000000s ]
INFO: [ app_init ] --END-- [ RunTime:0.000000s ]
ERR: 无法加载模块:Public

[ 2016-05-27T14:52:41+08:00 ] ::1 /thinkphp_3.2.3_core_extend/Public/dokuwiki/Public/dokuwiki/lib/exe/fetch.php?cache=&media=
INFO: [ app_init ] --START--
INFO: Run Behavior\BuildLiteBehavior [ RunTime:0.000000s ]
INFO: [ app_init ] --END-- [ RunTime:0.000000s ]
ERR: 无法加载模块:Public

[ 2016-05-27T14:54:34+08:00 ] ::1 /thinkphp_3.2.3_core_extend/Public/dokuwiki/Public/dokuwiki/lib/exe/fetch.php?cache=&media=
INFO: [ app_init ] --START--
INFO: Run Behavior\BuildLiteBehavior [ RunTime:0.000000s ]
INFO: [ app_init ] --END-- [ RunTime:0.000000s ]
ERR: 无法加载模块:Public

[ 2016-05-27T14:54:35+08:00 ] ::1 /thinkphp_3.2.3_core_extend/Public/dokuwiki/Public/dokuwiki/lib/exe/fetch.php?cache=&media=
INFO: [ app_init ] --START--
INFO: Run Behavior\BuildLiteBehavior [ RunTime:0.000000s ]
INFO: [ app_init ] --END-- [ RunTime:0.001000s ]
ERR: 无法加载模块:Public

[ 2016-05-27T14:54:35+08:00 ] ::1 /thinkphp_3.2.3_core_extend/Public/dokuwiki/Public/dokuwiki/lib/exe/fetch.php?cache=&media=
INFO: [ app_init ] --START--
INFO: Run Behavior\BuildLiteBehavior [ RunTime:0.000000s ]
INFO: [ app_init ] --END-- [ RunTime:0.000000s ]
ERR: 无法加载模块:Public

[ 2016-05-27T14:54:36+08:00 ] ::1 /thinkphp_3.2.3_core_extend/Public/dokuwiki/Public/dokuwiki/lib/exe/fetch.php?cache=&media=
INFO: [ app_init ] --START--
INFO: Run Behavior\BuildLiteBehavior [ RunTime:0.000000s ]
INFO: [ app_init ] --END-- [ RunTime:0.001000s ]
ERR: 无法加载模块:Public

[ 2016-05-27T14:54:36+08:00 ] ::1 /thinkphp_3.2.3_core_extend/Public/dokuwiki/Public/dokuwiki/lib/exe/fetch.php?cache=&w=86&h=30&tok=2abb83&media=autodesign:ceshi.png
INFO: [ app_init ] --START--
INFO: Run Behavior\BuildLiteBehavior [ RunTime:0.000000s ]
INFO: [ app_init ] --END-- [ RunTime:0.000000s ]
ERR: 无法加载模块:Public

[ 2016-05-27T15:33:03+08:00 ] ::1 /thinkphp_3.2.3_core_extend/Public/dokuwiki/Public/dokuwiki/lib/exe/css.php?t=dokuwiki&tseed=5eafc87701e7e248099ff46380e5294e
INFO: [ app_init ] --START--
INFO: Run Behavior\BuildLiteBehavior [ RunTime:0.000000s ]
INFO: [ app_init ] --END-- [ RunTime:0.001000s ]
ERR: 无法加载模块:Public

[ 2016-05-27T15:33:03+08:00 ] ::1 /thinkphp_3.2.3_core_extend/Public/dokuwiki/Public/dokuwiki/lib/exe/js.php?t=dokuwiki&tseed=5eafc87701e7e248099ff46380e5294e
INFO: [ app_init ] --START--
INFO: Run Behavior\BuildLiteBehavior [ RunTime:0.000000s ]
INFO: [ app_init ] --END-- [ RunTime:0.000000s ]
ERR: 无法加载模块:Public

[ 2016-05-27T15:33:03+08:00 ] ::1 /thinkphp_3.2.3_core_extend/Public/dokuwiki/Public/dokuwiki/lib/exe/fetch.php?cache=&w=86&h=30&tok=2abb83&media=autodesign:ceshi.png
INFO: [ app_init ] --START--
INFO: Run Behavior\BuildLiteBehavior [ RunTime:0.000000s ]
INFO: [ app_init ] --END-- [ RunTime:0.000000s ]
ERR: 无法加载模块:Public

[ 2016-05-27T15:33:16+08:00 ] ::1 /thinkphp_3.2.3_core_extend/Public/dokuwiki/Public/dokuwiki/lib/exe/css.php?t=dokuwiki&tseed=5eafc87701e7e248099ff46380e5294e
INFO: [ app_init ] --START--
INFO: Run Behavior\BuildLiteBehavior [ RunTime:0.000000s ]
INFO: [ app_init ] --END-- [ RunTime:0.000000s ]
ERR: 无法加载模块:Public

[ 2016-05-27T15:33:16+08:00 ] ::1 /thinkphp_3.2.3_core_extend/Public/dokuwiki/Public/dokuwiki/lib/exe/js.php?t=dokuwiki&tseed=5eafc87701e7e248099ff46380e5294e
INFO: [ app_init ] --START--
INFO: Run Behavior\BuildLiteBehavior [ RunTime:0.000000s ]
INFO: [ app_init ] --END-- [ RunTime:0.000000s ]
ERR: 无法加载模块:Public

[ 2016-05-27T15:33:16+08:00 ] ::1 /thinkphp_3.2.3_core_extend/Public/dokuwiki/Public/dokuwiki/lib/exe/fetch.php?cache=&w=86&h=30&tok=2abb83&media=autodesign:ceshi.png
INFO: [ app_init ] --START--
INFO: Run Behavior\BuildLiteBehavior [ RunTime:0.000000s ]
INFO: [ app_init ] --END-- [ RunTime:0.000000s ]
ERR: 无法加载模块:Public

[ 2016-05-27T15:34:00+08:00 ] ::1 /thinkphp_3.2.3_core_extend/Public/dokuwiki/Public/dokuwiki/lib/exe/css.php?t=dokuwiki&tseed=5eafc87701e7e248099ff46380e5294e
INFO: [ app_init ] --START--
INFO: Run Behavior\BuildLiteBehavior [ RunTime:0.000000s ]
INFO: [ app_init ] --END-- [ RunTime:0.000000s ]
ERR: 无法加载模块:Public

[ 2016-05-27T15:34:00+08:00 ] ::1 /thinkphp_3.2.3_core_extend/Public/dokuwiki/Public/dokuwiki/lib/exe/js.php?t=dokuwiki&tseed=5eafc87701e7e248099ff46380e5294e
INFO: [ app_init ] --START--
INFO: Run Behavior\BuildLiteBehavior [ RunTime:0.000000s ]
INFO: [ app_init ] --END-- [ RunTime:0.000000s ]
ERR: 无法加载模块:Public

[ 2016-05-27T15:34:00+08:00 ] ::1 /thinkphp_3.2.3_core_extend/Public/dokuwiki/Public/dokuwiki/lib/exe/fetch.php?cache=&w=86&h=30&tok=2abb83&media=autodesign:ceshi.png
INFO: [ app_init ] --START--
INFO: Run Behavior\BuildLiteBehavior [ RunTime:0.000000s ]
INFO: [ app_init ] --END-- [ RunTime:0.000000s ]
ERR: 无法加载模块:Public

[ 2016-05-27T16:43:14+08:00 ] ::1 /thinkphp_3.2.3_core_extend/Public/assets/font/fontawesome-webfont.eot?
INFO: [ app_init ] --START--
INFO: Run Behavior\BuildLiteBehavior [ RunTime:0.000000s ]
INFO: [ app_init ] --END-- [ RunTime:0.000000s ]
ERR: 无法加载模块:Public

[ 2016-05-27T16:43:15+08:00 ] ::1 /thinkphp_3.2.3_core_extend/lib/tpl/dokuwiki/images/favicon.ico
INFO: [ app_init ] --START--
INFO: Run Behavior\BuildLiteBehavior [ RunTime:0.000000s ]
INFO: [ app_init ] --END-- [ RunTime:0.000000s ]
ERR: 无法加载模块:Lib

[ 2016-05-27T16:43:29+08:00 ] ::1 /thinkphp_3.2.3_core_extend/Public/assets/js/jquery-2.0.3.min.map
INFO: [ app_init ] --START--
INFO: Run Behavior\BuildLiteBehavior [ RunTime:0.000000s ]
INFO: [ app_init ] --END-- [ RunTime:0.000000s ]
ERR: 无法加载模块:Public

[ 2016-05-27T16:46:00+08:00 ] ::1 /thinkphp_3.2.3_core_extend/Public/assets/font/fontawesome-webfont.eot?
INFO: [ app_init ] --START--
INFO: Run Behavior\BuildLiteBehavior [ RunTime:0.000000s ]
INFO: [ app_init ] --END-- [ RunTime:0.000000s ]
ERR: 无法加载模块:Public

[ 2016-05-27T16:46:01+08:00 ] ::1 /thinkphp_3.2.3_core_extend/Public/assets/js/jquery-2.0.3.min.map
INFO: [ app_init ] --START--
INFO: Run Behavior\BuildLiteBehavior [ RunTime:0.000000s ]
INFO: [ app_init ] --END-- [ RunTime:0.000000s ]
ERR: 无法加载模块:Public

[ 2016-05-27T16:46:02+08:00 ] ::1 /thinkphp_3.2.3_core_extend/lib/tpl/dokuwiki/images/favicon.ico
INFO: [ app_init ] --START--
INFO: Run Behavior\BuildLiteBehavior [ RunTime:0.000000s ]
INFO: [ app_init ] --END-- [ RunTime:0.000000s ]
ERR: 无法加载模块:Lib

[ 2016-05-27T16:49:57+08:00 ] ::1 /thinkphp_3.2.3_core_extend/Public/assets/font/fontawesome-webfont.eot?
INFO: [ app_init ] --START--
INFO: Run Behavior\BuildLiteBehavior [ RunTime:0.000000s ]
INFO: [ app_init ] --END-- [ RunTime:0.000000s ]
ERR: 无法加载模块:Public

[ 2016-05-27T16:49:57+08:00 ] ::1 /thinkphp_3.2.3_core_extend/Public/assets/js/jquery-2.0.3.min.map
INFO: [ app_init ] --START--
INFO: Run Behavior\BuildLiteBehavior [ RunTime:0.000000s ]
INFO: [ app_init ] --END-- [ RunTime:0.000000s ]
ERR: 无法加载模块:Public

[ 2016-05-27T16:49:59+08:00 ] ::1 /thinkphp_3.2.3_core_extend/lib/tpl/dokuwiki/images/favicon.ico
INFO: [ app_init ] --START--
INFO: Run Behavior\BuildLiteBehavior [ RunTime:0.000000s ]
INFO: [ app_init ] --END-- [ RunTime:0.000000s ]
ERR: 无法加载模块:Lib

[ 2016-05-27T16:50:23+08:00 ] ::1 /thinkphp_3.2.3_core_extend/Public/assets/font/fontawesome-webfont.eot?
INFO: [ app_init ] --START--
INFO: Run Behavior\BuildLiteBehavior [ RunTime:0.000000s ]
INFO: [ app_init ] --END-- [ RunTime:0.000000s ]
ERR: 无法加载模块:Public

[ 2016-05-27T16:50:25+08:00 ] ::1 /thinkphp_3.2.3_core_extend/lib/tpl/dokuwiki/images/favicon.ico
INFO: [ app_init ] --START--
INFO: Run Behavior\BuildLiteBehavior [ RunTime:0.000000s ]
INFO: [ app_init ] --END-- [ RunTime:0.000000s ]
ERR: 无法加载模块:Lib

[ 2016-05-27T16:50:38+08:00 ] ::1 /thinkphp_3.2.3_core_extend/Public/assets/font/fontawesome-webfont.eot?
INFO: [ app_init ] --START--
INFO: Run Behavior\BuildLiteBehavior [ RunTime:0.000000s ]
INFO: [ app_init ] --END-- [ RunTime:0.000000s ]
ERR: 无法加载模块:Public

[ 2016-05-27T16:50:39+08:00 ] ::1 /thinkphp_3.2.3_core_extend/lib/tpl/dokuwiki/images/favicon.ico
INFO: [ app_init ] --START--
INFO: Run Behavior\BuildLiteBehavior [ RunTime:0.000000s ]
INFO: [ app_init ] --END-- [ RunTime:0.000000s ]
ERR: 无法加载模块:Lib

[ 2016-05-27T16:50:59+08:00 ] ::1 /thinkphp_3.2.3_core_extend/Public/assets/font/fontawesome-webfont.eot?
INFO: [ app_init ] --START--
INFO: Run Behavior\BuildLiteBehavior [ RunTime:0.000000s ]
INFO: [ app_init ] --END-- [ RunTime:0.000000s ]
ERR: 无法加载模块:Public

[ 2016-05-27T16:51:00+08:00 ] ::1 /thinkphp_3.2.3_core_extend/lib/tpl/dokuwiki/images/favicon.ico
INFO: [ app_init ] --START--
INFO: Run Behavior\BuildLiteBehavior [ RunTime:0.000000s ]
INFO: [ app_init ] --END-- [ RunTime:0.000000s ]
ERR: 无法加载模块:Lib

[ 2016-05-27T16:51:08+08:00 ] ::1 /thinkphp_3.2.3_core_extend/Public/assets/js/jquery-2.0.3.min.map
INFO: [ app_init ] --START--
INFO: Run Behavior\BuildLiteBehavior [ RunTime:0.000000s ]
INFO: [ app_init ] --END-- [ RunTime:0.000000s ]
ERR: 无法加载模块:Public

[ 2016-05-27T16:52:20+08:00 ] ::1 /thinkphp_3.2.3_core_extend/Public/assets/font/fontawesome-webfont.eot?
INFO: [ app_init ] --START--
INFO: Run Behavior\BuildLiteBehavior [ RunTime:0.000000s ]
INFO: [ app_init ] --END-- [ RunTime:0.001000s ]
ERR: 无法加载模块:Public

[ 2016-05-27T16:52:20+08:00 ] ::1 /thinkphp_3.2.3_core_extend/Public/assets/js/jquery-2.0.3.min.map
INFO: [ app_init ] --START--
INFO: Run Behavior\BuildLiteBehavior [ RunTime:0.000000s ]
INFO: [ app_init ] --END-- [ RunTime:0.000000s ]
ERR: 无法加载模块:Public

[ 2016-05-27T16:52:22+08:00 ] ::1 /thinkphp_3.2.3_core_extend/lib/tpl/dokuwiki/images/favicon.ico
INFO: [ app_init ] --START--
INFO: Run Behavior\BuildLiteBehavior [ RunTime:0.000000s ]
INFO: [ app_init ] --END-- [ RunTime:0.000000s ]
ERR: 无法加载模块:Lib

[ 2016-05-27T16:54:30+08:00 ] ::1 /thinkphp_3.2.3_core_extend/Public/assets/font/fontawesome-webfont.eot?
INFO: [ app_init ] --START--
INFO: Run Behavior\BuildLiteBehavior [ RunTime:0.000000s ]
INFO: [ app_init ] --END-- [ RunTime:0.000000s ]
ERR: 无法加载模块:Public

[ 2016-05-27T16:54:30+08:00 ] ::1 /thinkphp_3.2.3_core_extend/Public/assets/js/jquery-2.0.3.min.map
INFO: [ app_init ] --START--
INFO: Run Behavior\BuildLiteBehavior [ RunTime:0.000000s ]
INFO: [ app_init ] --END-- [ RunTime:0.001000s ]
ERR: 无法加载模块:Public

[ 2016-05-27T16:54:31+08:00 ] ::1 /thinkphp_3.2.3_core_extend/lib/tpl/dokuwiki/images/favicon.ico
INFO: [ app_init ] --START--
INFO: Run Behavior\BuildLiteBehavior [ RunTime:0.000000s ]
INFO: [ app_init ] --END-- [ RunTime:0.000000s ]
ERR: 无法加载模块:Lib

[ 2016-05-27T16:55:07+08:00 ] ::1 /thinkphp_3.2.3_core_extend/Public/assets/font/fontawesome-webfont.eot?
INFO: [ app_init ] --START--
INFO: Run Behavior\BuildLiteBehavior [ RunTime:0.000000s ]
INFO: [ app_init ] --END-- [ RunTime:0.000000s ]
ERR: 无法加载模块:Public

[ 2016-05-27T16:55:07+08:00 ] ::1 /thinkphp_3.2.3_core_extend/lib/tpl/dokuwiki/images/favicon.ico
INFO: [ app_init ] --START--
INFO: Run Behavior\BuildLiteBehavior [ RunTime:0.000000s ]
INFO: [ app_init ] --END-- [ RunTime:0.000000s ]
ERR: 无法加载模块:Lib

[ 2016-05-27T16:55:29+08:00 ] ::1 /thinkphp_3.2.3_core_extend/Public/assets/font/fontawesome-webfont.eot?
INFO: [ app_init ] --START--
INFO: Run Behavior\BuildLiteBehavior [ RunTime:0.000000s ]
INFO: [ app_init ] --END-- [ RunTime:0.000000s ]
ERR: 无法加载模块:Public

[ 2016-05-27T16:55:30+08:00 ] ::1 /thinkphp_3.2.3_core_extend/lib/tpl/dokuwiki/images/favicon.ico
INFO: [ app_init ] --START--
INFO: Run Behavior\BuildLiteBehavior [ RunTime:0.000000s ]
INFO: [ app_init ] --END-- [ RunTime:0.000000s ]
ERR: 无法加载模块:Lib

